,number,value,datetime_start,datetime_complete,duration,params_batch_size,params_clip_range,params_ent_coef,params_gae_lambda,params_gamma,params_learning_rate,params_max_grad_norm,params_n_epochs,params_n_steps,params_vf_coef,state
0,0,15.0,2022-03-06 19:55:25.321188,2022-03-06 19:57:38.086763,0 days 00:02:12.765575,64,0.4,0.00023934256167705006,0.8,0.9,0.0005821879689319615,0.7,20,1024,0.4694559821530542,COMPLETE
1,1,3.0,2022-03-06 19:57:38.086763,2022-03-06 19:59:45.578232,0 days 00:02:07.491469,64,0.1,0.0004188731749132311,0.98,0.999,0.0002127668318194966,0.7,20,256,0.7412440414858887,COMPLETE
2,2,-0.3333333333333333,2022-03-06 19:59:45.578232,2022-03-06 20:01:46.813950,0 days 00:02:01.235718,64,0.2,0.0003090132724370909,0.95,0.9,2.2991125909669268e-05,2.0,20,2048,0.5909018708686103,COMPLETE
3,3,6.666666666666667,2022-03-06 20:01:46.813950,2022-03-06 20:03:49.243225,0 days 00:02:02.429275,64,0.2,0.0004201591114359735,1.0,0.95,0.00017266020260236448,0.7,20,256,0.510026410566373,COMPLETE
4,4,16.666666666666668,2022-03-06 20:03:49.243225,2022-03-06 20:04:55.526450,0 days 00:01:06.283225,128,0.3,0.00019189101706282736,0.92,0.99,1.678614193210952e-05,0.7,5,1024,0.7839868264011632,COMPLETE
5,5,7.333333333333333,2022-03-06 20:04:55.526450,2022-03-06 20:06:00.601388,0 days 00:01:05.074938,128,0.3,0.004347566403042268,0.92,0.99,1.0320645310959727e-05,0.9,5,1024,0.023692672396457226,COMPLETE
6,6,6.666666666666667,2022-03-06 20:06:00.601388,2022-03-06 20:06:57.531087,0 days 00:00:56.929699,32,0.3,0.00011284852470671368,0.99,0.995,3.95395635002448e-05,0.5,10,64,0.9626500485454688,PRUNED
7,7,6.666666666666667,2022-03-06 20:06:57.531087,2022-03-06 20:07:26.791231,0 days 00:00:29.260144,128,0.3,0.0016810349588630388,0.9,0.99,5.088654519698613e-05,5.0,1,512,0.9404604980719173,PRUNED
8,8,13.0,2022-03-06 20:07:26.791231,2022-03-06 20:08:34.055904,0 days 00:01:07.264673,512,0.1,0.0013123107020757063,0.92,0.9999,1.023442047049255e-05,0.3,5,128,0.2983056804756753,COMPLETE
9,9,-2.6666666666666665,2022-03-06 20:08:34.055904,2022-03-06 20:09:03.584160,0 days 00:00:29.528256,256,0.4,0.00902529843526055,0.92,0.99,7.761561230027465e-05,1.0,5,1024,0.7489481325484162,PRUNED
10,10,-0.3333333333333333,2022-03-06 20:09:07.240324,2022-03-06 20:09:55.137622,0 days 00:00:47.897298,128,0.3,0.0001016584323142449,0.98,0.995,0.0009717447644523422,2.0,10,64,0.28375524434348776,PRUNED
11,11,11.0,2022-03-06 20:09:55.153246,2022-03-06 20:10:25.426101,0 days 00:00:30.272855,32,0.4,0.00023440378143286457,0.8,0.9,0.0009035678837881039,0.7,1,1024,0.3379592705185156,PRUNED
12,12,10.0,2022-03-06 20:10:25.426101,2022-03-06 20:11:27.371064,0 days 00:01:01.944963,512,0.4,0.0007007186591345381,0.8,0.9,0.00040615633772295373,0.7,5,1024,0.6940898062781864,COMPLETE
13,13,8.0,2022-03-06 20:11:27.371064,2022-03-06 20:12:46.874556,0 days 00:01:19.503492,256,0.4,0.00020666073581031513,0.8,0.9999,0.00043607058689049724,0.7,20,1024,0.42609500930339905,COMPLETE
14,14,7.0,2022-03-06 20:12:46.876557,2022-03-06 20:13:19.815227,0 days 00:00:32.938670,128,0.4,0.00016138153465958794,0.9,0.999,0.00013047527250878245,0.9,5,2048,0.05718319109107356,PRUNED
15,15,10.666666666666666,2022-03-06 20:13:19.816239,2022-03-06 20:14:20.868216,0 days 00:01:01.051977,64,0.3,0.0007524007072551574,1.0,0.95,2.0706811517739256e-05,0.3,20,128,0.8619856940299634,PRUNED
16,16,16.333333333333332,2022-03-06 20:14:20.868216,2022-03-06 20:15:54.624033,0 days 00:01:33.755817,64,0.1,0.0023879425617694453,0.99,0.99,0.00033159063700822713,0.5,10,512,0.601622036173723,COMPLETE
17,17,-3.3333333333333335,2022-03-06 20:15:54.624033,2022-03-06 20:17:07.952111,0 days 00:01:13.328078,128,0.1,0.0022939957250077804,0.99,0.99,0.0002663435860066322,0.5,10,512,0.6052635471857394,COMPLETE
18,18,9.0,2022-03-06 20:17:07.952111,2022-03-06 20:17:39.919932,0 days 00:00:31.967821,512,0.1,0.0031437669771347677,0.99,0.99,7.801032712906638e-05,0.5,10,512,0.8379888384207885,PRUNED
19,19,3.3333333333333335,2022-03-06 20:17:39.920932,2022-03-06 20:18:37.735078,0 days 00:00:57.814146,32,0.1,0.005923778227476962,0.95,0.99,2.2143388885580257e-05,1.0,10,512,0.6335420869051943,PRUNED
20,20,-2.0,2022-03-06 20:18:41.824712,2022-03-06 20:19:16.192462,0 days 00:00:34.367750,256,0.2,0.000994632104268642,0.92,0.99,4.305386150572924e-05,5.0,1,512,0.8417227648884368,PRUNED
21,21,13.333333333333334,2022-03-06 20:19:16.192462,2022-03-06 20:20:13.027923,0 days 00:00:56.835461,64,0.3,0.0005058324552091763,0.8,0.9,0.0005378149310154418,0.5,20,1024,0.4599930849663152,PRUNED
22,22,0.6666666666666666,2022-03-06 20:20:13.027923,2022-03-06 20:20:49.188941,0 days 00:00:36.161018,64,0.4,0.0001846152831959571,0.99,0.9,0.0006192959403465042,0.7,5,1024,0.16418454401508775,PRUNED
23,23,0.0,2022-03-06 20:20:49.188941,2022-03-06 20:21:31.369063,0 days 00:00:42.180122,64,0.1,0.0021354662434552056,0.8,0.99,0.00031248108126895416,0.7,10,1024,0.5232363147849382,PRUNED
24,24,5.333333333333333,2022-03-06 20:21:31.369063,2022-03-06 20:22:15.401457,0 days 00:00:44.032394,64,0.3,0.00028815285241646436,0.92,0.999,0.00013450715883756768,0.5,10,128,0.41645842368462427,PRUNED
25,25,16.333333333333332,2022-03-06 20:22:15.401457,2022-03-06 20:24:25.971429,0 days 00:02:10.569972,128,0.1,0.0001467265787749459,0.99,0.95,0.00030001811820955487,0.7,20,64,0.700313097022303,COMPLETE
26,26,7.333333333333333,2022-03-06 20:24:25.971429,2022-03-06 20:25:02.299067,0 days 00:00:36.327638,128,0.1,0.00015377958728186416,0.99,0.95,0.00031221850056798334,0.9,5,64,0.6974361635557125,PRUNED
27,27,2.0,2022-03-06 20:25:02.299067,2022-03-06 20:25:33.116933,0 days 00:00:30.817866,128,0.1,0.0032763570666015144,0.99,0.95,0.0001687227142216199,2.0,1,64,0.7909719944541016,PRUNED
28,28,8.666666666666666,2022-03-06 20:25:33.116933,2022-03-06 20:26:09.120024,0 days 00:00:36.003091,128,0.1,0.0011758761102916894,0.99,0.95,7.1240740957264e-05,5.0,5,64,0.6580680830087393,PRUNED
29,29,6.666666666666667,2022-03-06 20:26:09.120024,2022-03-06 20:26:55.767795,0 days 00:00:46.647771,128,0.1,0.0001330602321813787,0.99,0.9999,0.0007076860773632416,0.7,20,256,0.5692625875740843,PRUNED
30,30,10.0,2022-03-06 20:26:59.579401,2022-03-06 20:27:38.263434,0 days 00:00:38.684033,128,0.2,0.0006638934541918927,0.9,0.995,0.00011269588803874306,0.3,10,2048,0.9082653660801581,PRUNED
31,31,11.666666666666666,2022-03-06 20:27:38.264434,2022-03-06 20:28:39.178767,0 days 00:01:00.914333,64,0.1,0.0002964073089156517,0.98,0.999,0.00023301811460635166,0.7,20,256,0.7691335805002093,PRUNED
32,32,11.666666666666666,2022-03-06 20:28:39.178767,2022-03-06 20:30:40.457536,0 days 00:02:01.278769,64,0.4,0.0004036238838920451,0.95,0.9,0.0004193863643254936,0.7,20,512,0.5420831563066039,COMPLETE
33,33,3.0,2022-03-06 20:30:40.457536,2022-03-06 20:31:41.148914,0 days 00:01:00.691378,64,0.2,0.0002552052636456953,1.0,0.95,0.00019250599640101548,0.7,20,64,0.6906484594610842,PRUNED
34,34,11.0,2022-03-06 20:31:41.148914,2022-03-06 20:32:40.008671,0 days 00:00:58.859757,64,0.1,0.0003818200727568832,0.98,0.99,0.0003365191578325225,0.7,20,1024,0.6077150647797284,PRUNED
35,35,5.333333333333333,2022-03-06 20:32:40.008671,2022-03-06 20:33:22.341621,0 days 00:00:42.332950,128,0.3,0.00013117740580836197,0.92,0.9,1.6560920380296154e-05,1.0,20,2048,0.3944443198650325,PRUNED
36,36,0.3333333333333333,2022-03-06 20:33:22.341621,2022-03-06 20:34:48.766841,0 days 00:01:26.425220,32,0.4,0.0001938386313910065,0.99,0.95,0.0006876188302213679,0.5,20,256,0.48544577911179176,PRUNED
37,37,26.0,2022-03-06 20:34:48.766841,2022-03-06 20:35:57.515223,0 days 00:01:08.748382,512,0.3,0.0005214518276430974,0.95,0.99,2.895839520587723e-05,0.7,20,1024,0.7951934190623162,COMPLETE
38,38,-1.0,2022-03-06 20:35:57.515223,2022-03-06 20:36:29.992052,0 days 00:00:32.476829,512,0.3,0.0005460183610278473,0.95,0.99,1.4772650414610878e-05,0.7,20,1024,0.800413624891037,PRUNED
39,39,-6.0,2022-03-06 20:36:29.992052,2022-03-06 20:37:05.526695,0 days 00:00:35.534643,512,0.3,0.0010202335746000242,0.95,0.99,3.116692096831842e-05,2.0,5,64,0.8986000626440642,PRUNED
40,40,-1.6666666666666667,2022-03-06 20:58:21.155862,2022-03-06 20:58:53.433044,0 days 00:00:32.277182,512,0.3,0.0014869727266261456,0.95,0.99,3.244720547092718e-05,0.9,1,512,0.7319941499425174,PRUNED
41,41,9.333333333333334,2022-03-06 20:58:53.433044,2022-03-06 20:59:29.079864,0 days 00:00:35.646820,512,0.3,0.0003515960254531928,0.92,0.99,1.5586212453230216e-05,0.7,20,1024,0.6606989799109207,PRUNED
42,42,5.333333333333333,2022-03-06 20:59:29.079864,2022-03-06 21:00:08.398158,0 days 00:00:39.318294,256,0.3,0.0001157266076286187,0.8,0.995,1.2509118265723573e-05,0.7,20,1024,0.9991554630796065,PRUNED
43,43,10.0,2022-03-06 21:00:08.398158,2022-03-06 21:01:09.276491,0 days 00:01:00.878333,64,0.2,0.00020532476777020942,1.0,0.9999,2.8344926906455288e-05,0.7,20,1024,0.723116370754187,PRUNED
44,44,6.0,2022-03-06 21:01:09.276491,2022-03-06 21:01:56.223803,0 days 00:00:46.947312,128,0.4,0.00047103747627936317,0.95,0.99,5.294566091405521e-05,0.7,10,1024,0.5655547915193475,PRUNED
45,45,1.0,2022-03-06 21:01:56.223803,2022-03-06 21:02:36.205674,0 days 00:00:39.981871,512,0.3,0.0002639271434528658,0.92,0.9,0.0005015311301289298,0.3,5,128,0.7434696103390467,PRUNED
46,46,1.6666666666666667,2022-03-06 21:02:36.205674,2022-03-06 21:04:12.462735,0 days 00:01:36.257061,32,0.1,0.00015539719219640234,0.9,0.99,0.0009615423492943267,0.5,20,1024,0.8067077885329251,PRUNED
47,47,34.666666666666664,2022-03-06 21:04:12.462735,2022-03-06 21:06:29.879784,0 days 00:02:17.417049,128,0.4,0.009239010459531682,0.8,0.95,0.0002469249494216672,5.0,20,64,0.32956238178316477,COMPLETE
48,48,19.333333333333332,2022-03-06 21:06:29.879784,2022-03-06 21:08:33.794364,0 days 00:02:03.914580,128,0.4,0.0098978214040203,0.8,0.95,0.00014377992826699392,5.0,20,64,0.23803084108124864,COMPLETE
49,49,16.333333333333332,2022-03-06 21:08:33.794364,2022-03-06 21:10:36.813778,0 days 00:02:03.019414,128,0.4,0.009974277518278625,0.8,0.95,0.00014539083219282937,5.0,20,64,0.24483336279889278,COMPLETE
50,50,3.3333333333333335,2022-03-06 21:10:52.355587,2022-03-06 21:12:04.652412,0 days 00:01:12.296825,128,0.4,0.009105477647124225,0.8,0.95,9.218341997754418e-05,5.0,20,64,0.21829576573052273,PRUNED
51,51,9.666666666666666,2022-03-06 21:12:04.668038,2022-03-06 21:14:23.698826,0 days 00:02:19.030788,128,0.4,0.007117288419570427,0.8,0.95,0.00014566934455060792,5.0,20,64,0.19240200421691409,COMPLETE
52,52,4.333333333333333,2022-03-06 21:14:23.698826,2022-03-06 21:15:28.967705,0 days 00:01:05.268879,128,0.4,0.0063454481238367985,0.8,0.95,0.00023410671187982759,5.0,20,64,0.10308908159306149,PRUNED
53,53,25.0,2022-03-06 21:15:28.967705,2022-03-06 21:17:04.121885,0 days 00:01:35.154180,128,0.4,0.005049351763849724,0.99,0.95,0.00026935898080282847,5.0,10,64,0.3323443808037766,COMPLETE
54,54,3.6666666666666665,2022-03-06 21:17:04.121885,2022-03-06 21:17:45.285496,0 days 00:00:41.163611,128,0.4,0.004746086256331032,0.8,0.95,0.00016254624724024457,5.0,5,64,0.2819240852532493,PRUNED
55,55,1.0,2022-03-06 21:17:45.287497,2022-03-06 21:18:22.435495,0 days 00:00:37.147998,128,0.4,0.009856420786946646,0.8,0.95,0.00018972036595488225,5.0,1,64,0.34902617127544877,PRUNED
56,56,11.333333333333334,2022-03-06 21:18:22.437496,2022-03-06 21:19:33.509495,0 days 00:01:11.071999,256,0.4,0.00737436478999245,0.98,0.999,0.0003798885426540062,5.0,10,512,0.3202932653267731,COMPLETE
57,57,12.0,2022-03-06 21:19:33.510495,2022-03-06 21:20:38.320496,0 days 00:01:04.810001,128,0.4,0.005336622935253783,0.8,0.95,0.0001080029404513632,5.0,20,64,0.259704870589062,PRUNED
58,58,12.0,2022-03-06 21:20:38.321496,2022-03-06 21:21:14.104495,0 days 00:00:35.782999,512,0.3,0.003855321618292124,0.99,0.99,0.00021054023703682512,1.0,10,2048,0.1445597763067878,PRUNED
59,59,7.666666666666667,2022-03-06 21:21:14.105495,2022-03-06 21:21:58.436496,0 days 00:00:44.331001,128,0.4,0.0075844729594026035,0.8,0.95,6.282485096478729e-05,5.0,5,64,0.2462625821788731,PRUNED
