,number,value,datetime_start,datetime_complete,duration,params_batch_size,params_clip_range,params_ent_coef,params_gae_lambda,params_gamma,params_learning_rate,params_max_grad_norm,params_n_epochs,params_n_steps,params_vf_coef,state
0,0,-46.666666666666664,2022-03-08 20:48:44.197796,2022-03-08 20:49:54.785796,0 days 00:01:10.588000,512,0.3,0.0012117632235668341,0.98,0.8,0.00013847837886671392,0.5,1,2048,0.8410894868608073,COMPLETE
1,1,-48.0,2022-03-08 20:48:44.256795,2022-03-08 20:51:35.961795,0 days 00:02:51.705000,32,0.3,0.0008192279241334076,0.9,0.99,1.4202458519434974e-05,0.3,5,128,0.44882632866846706,COMPLETE
2,2,-42.333333333333336,2022-03-08 20:48:44.258795,2022-03-08 20:50:40.858796,0 days 00:01:56.600001,64,0.2,0.00034127603467741925,0.98,0.99,8.700436210997098e-05,1.0,10,2048,0.9180850258637414,COMPLETE
3,3,-46.666666666666664,2022-03-08 20:49:54.787795,2022-03-08 20:51:44.748801,0 days 00:01:49.961006,64,0.1,0.009877213332829843,0.8,0.999,5.949161596616854e-05,0.7,10,1024,0.7517370772576277,COMPLETE
4,4,-53.0,2022-03-08 20:50:40.860795,2022-03-08 20:52:03.449798,0 days 00:01:22.589003,128,0.4,0.0037225091028536216,1.0,0.999,0.000443746540445769,1.0,20,128,0.6964895432610863,COMPLETE
5,5,-46.0,2022-03-08 20:51:35.963795,2022-03-08 20:54:23.829795,0 days 00:02:47.866000,32,0.1,0.002316723398246052,1.0,0.8,0.0005678398045412071,5.0,10,256,0.43664652461461306,COMPLETE
6,6,-59.666666666666664,2022-03-08 20:51:44.750795,2022-03-08 20:53:06.413795,0 days 00:01:21.663000,128,0.1,0.005577981325252463,0.92,0.9,1.94102000779276e-05,0.5,20,2048,0.4413401726212006,PRUNED
7,7,-48.0,2022-03-08 20:52:03.451795,2022-03-08 20:53:16.369795,0 days 00:01:12.918000,256,0.2,0.00014293753711868513,0.98,0.99,5.678524626514392e-05,1.0,10,2048,0.036705622634947976,COMPLETE
8,8,-47.666666666666664,2022-03-08 20:53:06.415795,2022-03-08 20:54:53.098797,0 days 00:01:46.683002,64,0.2,0.00010549360633966652,0.98,0.95,0.0008167755770334819,1.0,10,64,0.10709382194407002,PRUNED
9,9,-42.666666666666664,2022-03-08 20:53:16.371796,2022-03-08 20:55:09.153796,0 days 00:01:52.782000,64,0.2,0.00011734010288350419,0.95,0.95,0.0008252170268315727,0.9,10,64,0.9069699133367832,COMPLETE
10,10,-39.666666666666664,2022-03-08 20:54:23.831794,2022-03-08 20:56:21.517795,0 days 00:01:57.686001,64,0.2,0.00021930602184094548,0.99,0.95,0.00017878787341779446,2.0,1,512,0.9693374192231093,COMPLETE
11,11,-48.333333333333336,2022-03-08 20:54:53.100800,2022-03-08 20:56:43.105796,0 days 00:01:50.004996,64,0.2,0.0003613759283017539,0.95,0.9999,0.00016059989167318728,2.0,1,512,0.9813376652702721,PRUNED
12,12,-45.333333333333336,2022-03-08 20:55:09.156795,2022-03-08 20:56:24.544796,0 days 00:01:15.388001,256,0.4,0.00037288044132784305,0.99,0.995,0.00017707894530831497,2.0,1,512,0.6406121480803858,COMPLETE
13,13,-51.0,2022-03-08 20:56:21.519795,2022-03-08 20:57:13.285796,0 days 00:00:51.766001,64,0.2,0.000337127188750144,0.99,0.995,0.0001263900788552326,2.0,1,512,0.9899591067526556,PRUNED
14,14,-34.666666666666664,2022-03-08 20:56:24.546797,2022-03-08 20:58:22.544795,0 days 00:01:57.997998,64,0.2,0.0003795475719250809,0.99,0.9999,0.0002512649515111582,2.0,1,512,0.9818576314594696,COMPLETE
15,15,-51.333333333333336,2022-03-08 20:56:43.107795,2022-03-08 20:57:34.979796,0 days 00:00:51.872001,64,0.2,0.00028092954673552065,0.99,0.95,0.00031539941683884795,2.0,5,512,0.9593734086994852,PRUNED
16,16,-58.666666666666664,2022-03-08 20:57:13.286795,2022-03-08 20:57:46.499796,0 days 00:00:33.213001,512,0.2,0.00025542603226510964,0.99,0.99,0.00029012597159954113,0.7,5,1024,0.5733992216956234,PRUNED
17,17,-52.666666666666664,2022-03-08 20:57:34.981796,2022-03-08 20:58:53.258795,0 days 00:01:18.276999,512,0.2,0.0007004184818084073,0.92,0.99,5.5286083832880754e-05,0.9,1,256,0.6001971892496497,COMPLETE
18,18,-54.333333333333336,2022-03-08 20:57:46.500796,2022-03-08 20:58:39.948796,0 days 00:00:53.448000,64,0.2,0.0006334053740463102,0.92,0.9999,5.896933788182057e-05,0.3,1,256,0.8008947966756856,PRUNED
19,19,-52.0,2022-03-08 20:58:22.546795,2022-03-08 20:59:17.741795,0 days 00:00:55.195000,64,0.3,0.0007292298706824575,0.99,0.9999,2.7657586131220663e-05,2.0,1,512,0.26577336334518076,PRUNED
20,20,-53.0,2022-03-08 20:58:39.950796,2022-03-08 20:59:54.150796,0 days 00:01:14.200000,512,0.3,0.0002024457550646841,0.99,0.9999,2.9212001264059476e-05,2.0,1,512,0.2453567015176808,COMPLETE
21,21,-59.333333333333336,2022-03-08 20:58:53.261795,2022-03-08 21:00:28.521797,0 days 00:01:35.260002,128,0.4,0.00018585922544827794,0.99,0.9999,2.987008559308543e-05,2.0,1,512,0.8353642192661462,COMPLETE
22,22,-54.666666666666664,2022-03-08 20:59:17.743795,2022-03-08 20:59:56.608795,0 days 00:00:38.865000,256,0.4,0.00020801099864944014,0.9,0.9,0.00023701603003572716,5.0,1,512,0.32126508398994025,PRUNED
23,23,-47.333333333333336,2022-03-08 20:59:54.152796,2022-03-08 21:00:47.025795,0 days 00:00:52.872999,64,0.2,0.0012873480110765876,0.9,0.9,0.00022191861031826743,5.0,20,2048,0.870075305868962,PRUNED
24,24,-43.666666666666664,2022-03-08 20:59:56.609795,2022-03-08 21:01:51.897795,0 days 00:01:55.288000,64,0.2,0.0004414144516455023,0.8,0.95,9.563300826044654e-05,1.0,20,2048,0.8734390371485599,COMPLETE
25,25,-55.666666666666664,2022-03-08 21:00:28.523796,2022-03-08 21:01:20.701796,0 days 00:00:52.178000,64,0.2,0.000449277540426547,0.8,0.95,9.472870395392387e-05,1.0,20,2048,0.8620152844317103,PRUNED
26,26,-39.0,2022-03-08 21:00:47.026795,2022-03-08 21:02:39.738796,0 days 00:01:52.712001,64,0.2,0.00048163147865158386,0.8,0.95,8.319733876215359e-05,1.0,10,2048,0.7245140176502086,COMPLETE
27,27,-56.0,2022-03-08 21:01:20.703795,2022-03-08 21:02:10.760795,0 days 00:00:50.057000,64,0.2,0.00046475540558185994,0.98,0.95,8.610267539289998e-05,1.0,10,1024,0.748854659148922,PRUNED
28,28,-46.333333333333336,2022-03-08 21:01:51.900796,2022-03-08 21:03:01.444795,0 days 00:01:09.543999,32,0.2,0.0015618426580527463,0.98,0.99,0.0004045782133531564,2.0,10,128,0.7553026856000145,PRUNED
29,29,-59.333333333333336,2022-03-08 21:02:10.762795,2022-03-08 21:03:20.548795,0 days 00:01:09.786000,32,0.2,0.0001507425339472249,0.98,0.99,0.0004361765558628125,2.0,10,64,0.9304228158587007,PRUNED
30,30,-51.333333333333336,2022-03-08 21:02:39.741796,2022-03-08 21:03:50.992801,0 days 00:01:11.251005,32,0.1,0.0017318087799610788,0.8,0.95,0.000399561783344078,2.0,5,128,0.6952164773167425,PRUNED
31,31,-56.0,2022-03-08 21:03:01.445795,2022-03-08 21:03:50.785796,0 days 00:00:49.340001,64,0.1,0.0010913041757690737,0.8,0.8,0.00011985019861384572,0.5,1,64,0.5318743905759912,PRUNED
32,32,-50.666666666666664,2022-03-08 21:03:20.549796,2022-03-08 21:03:57.880849,0 days 00:00:37.331053,64,0.1,0.0010857064761591218,0.8,0.8,0.00012947365361544374,0.5,1,512,0.6798489324223851,PRUNED
33,33,-48.0,2022-03-08 21:03:59.201796,2022-03-08 21:04:50.144796,0 days 00:00:50.943000,64,0.3,0.0005053996770296344,0.99,0.999,7.968656334942383e-05,0.3,10,2048,0.9975886218027544,PRUNED
34,34,-46.333333333333336,2022-03-08 21:03:59.204796,2022-03-08 21:04:51.528796,0 days 00:00:52.324000,64,0.3,0.0005622959558360239,0.99,0.999,3.905560014118196e-05,0.3,10,2048,0.9978631270787305,PRUNED
35,35,-52.0,2022-03-08 21:03:59.209796,2022-03-08 21:04:51.670795,0 days 00:00:52.460999,64,0.3,0.0005566517964104708,0.99,0.999,0.0001870830045734583,1.0,10,2048,0.8098549772144092,PRUNED
36,36,-47.0,2022-03-08 21:04:50.145796,2022-03-08 21:06:48.083796,0 days 00:01:57.938000,64,0.2,0.000269548096529014,1.0,0.95,0.00019185775723578333,1.0,10,2048,0.7977144162837934,COMPLETE
37,37,-47.333333333333336,2022-03-08 21:04:51.529795,2022-03-08 21:05:33.729796,0 days 00:00:42.200001,128,0.2,0.0002501840879811811,1.0,0.95,0.00022515013310708045,1.0,10,2048,0.7897514278165134,PRUNED
38,38,-52.333333333333336,2022-03-08 21:04:51.672795,2022-03-08 21:05:33.675796,0 days 00:00:42.003001,128,0.2,0.0002908245438381215,1.0,0.95,4.1265253910643784e-05,0.7,10,2048,0.916135627366675,PRUNED
39,39,-47.0,2022-03-08 21:05:33.677796,2022-03-08 21:06:10.615796,0 days 00:00:36.938000,256,0.2,0.0008887104905146921,0.95,0.995,7.417952007078294e-05,1.0,5,1024,0.9289774593940736,PRUNED
40,40,-52.0,2022-03-08 21:05:33.731796,2022-03-08 21:06:10.827796,0 days 00:00:37.096000,256,0.2,0.0008519938287610126,0.95,0.995,0.0006101526472599415,1.0,5,1024,0.9201998633204361,PRUNED
41,41,-46.0,2022-03-08 21:06:10.617796,2022-03-08 21:07:02.402796,0 days 00:00:51.785000,64,0.2,0.00013183954540533873,0.98,0.99,0.0006029448818077935,0.9,1,256,0.8921123738021788,PRUNED
42,42,-53.666666666666664,2022-03-08 21:06:10.829795,2022-03-08 21:07:02.666797,0 days 00:00:51.837002,64,0.4,0.0001772435933100581,0.98,0.99,1.117955453011207e-05,0.9,10,256,0.7679772028092939,PRUNED
43,43,-53.666666666666664,2022-03-08 21:06:48.086796,2022-03-08 21:07:37.867796,0 days 00:00:49.781000,64,0.2,0.00012016294898523378,0.95,0.95,0.0008107809452904181,0.9,10,64,0.8960367373006342,PRUNED
44,44,-48.333333333333336,2022-03-08 21:07:02.404797,2022-03-08 21:07:55.073796,0 days 00:00:52.668999,64,0.2,0.0001312259296412587,0.95,0.95,0.0008678223237685582,0.9,10,64,0.7366596439591135,PRUNED
45,45,-53.333333333333336,2022-03-08 21:07:02.668795,2022-03-08 21:07:55.561795,0 days 00:00:52.893000,64,0.2,0.00010621042195680236,0.95,0.95,0.0009374182173371591,0.9,10,64,0.9497011090473343,PRUNED
46,46,-50.0,2022-03-08 21:07:37.868795,2022-03-08 21:08:32.275795,0 days 00:00:54.407000,64,0.2,0.0001054391186935425,0.95,0.95,0.0001496413685159252,0.9,10,64,0.843907641624543,PRUNED
47,47,-48.333333333333336,2022-03-08 21:07:55.074796,2022-03-08 21:08:49.257795,0 days 00:00:54.182999,64,0.2,0.00010127888613887392,0.95,0.9999,0.00033447419023836897,0.7,10,64,0.9531440885416762,PRUNED
48,48,-48.666666666666664,2022-03-08 21:07:55.562795,2022-03-08 21:08:28.802796,0 days 00:00:33.240001,512,0.2,0.0003666450094420532,0.9,0.9999,0.00015397659560225022,0.7,1,512,0.8552574668683236,PRUNED
49,49,-50.0,2022-03-08 21:08:28.803795,2022-03-08 21:09:20.949801,0 days 00:00:52.146006,64,0.2,0.0034210143839104794,0.92,0.9,0.0003158395584405904,5.0,10,512,0.9596349736871669,PRUNED
50,50,-54.0,2022-03-08 21:08:32.276795,2022-03-08 21:10:26.719795,0 days 00:01:54.443000,64,0.2,0.008003374590037951,0.92,0.8,0.0003163826520964771,5.0,1,128,0.6464614340154584,COMPLETE
51,51,-45.0,2022-03-08 21:08:49.258796,2022-03-08 21:10:43.940795,0 days 00:01:54.681999,64,0.1,0.008170668680184043,0.92,0.8,6.983267516921746e-05,5.0,20,128,0.49381472021634315,COMPLETE
52,52,-49.333333333333336,2022-03-08 21:09:20.951795,2022-03-08 21:10:02.224796,0 days 00:00:41.273001,512,0.4,0.00032036530460974127,0.99,0.9999,6.969992934232198e-05,2.0,1,128,0.6425286889643174,PRUNED
53,53,-36.0,2022-03-08 21:10:02.226795,2022-03-08 21:11:59.522796,0 days 00:01:57.296001,64,0.2,0.0004084610078957822,0.8,0.95,0.00010906132379528626,1.0,20,2048,0.8872835634440819,COMPLETE
54,54,-51.666666666666664,2022-03-08 21:10:26.721795,2022-03-08 21:11:18.461796,0 days 00:00:51.740001,64,0.2,0.00042513250162219473,0.8,0.95,0.00010949615609281077,1.0,20,2048,0.8844080487805763,PRUNED
55,55,-52.666666666666664,2022-03-08 21:10:43.943797,2022-03-08 21:12:43.730796,0 days 00:01:59.786999,64,0.2,0.00039762166670628623,0.8,0.95,0.00010369201783391231,1.0,20,2048,0.8936882497226192,COMPLETE
56,56,-52.333333333333336,2022-03-08 21:11:18.465796,2022-03-08 21:12:08.616796,0 days 00:00:50.151000,64,0.2,0.00022090629968989236,0.8,0.95,5.072558506704225e-05,1.0,20,2048,0.38756401917505995,PRUNED
57,57,-49.0,2022-03-08 21:11:59.525796,2022-03-08 21:12:53.628796,0 days 00:00:54.103000,64,0.2,0.00016229094955107763,0.8,0.95,5.3301162742536586e-05,1.0,20,2048,0.8348261710742952,PRUNED
58,58,-48.333333333333336,2022-03-08 21:12:08.617797,2022-03-08 21:12:48.581795,0 days 00:00:39.963998,128,0.2,0.00017574440214612562,0.8,0.95,0.00025901754248909017,2.0,20,512,0.828395741999628,PRUNED
59,59,-48.0,2022-03-08 21:12:43.733796,2022-03-08 21:14:12.616797,0 days 00:01:28.883001,128,0.2,0.00017919208112312235,0.99,0.99,0.00014021006152455578,2.0,20,512,0.8289209145313621,COMPLETE
60,60,-52.333333333333336,2022-03-08 21:12:48.582796,2022-03-08 21:13:59.824796,0 days 00:01:11.242000,32,0.2,0.00032141616195201445,0.99,0.99,4.603835879476948e-05,0.5,1,512,0.9753585762115591,PRUNED
61,61,-39.666666666666664,2022-03-08 21:12:53.629795,2022-03-08 21:15:48.528795,0 days 00:02:54.899000,32,0.4,0.00032650817828537684,0.99,0.99,0.00012545589975824703,0.5,1,512,0.9735693516715511,COMPLETE
62,62,-48.0,2022-03-08 21:13:59.826796,2022-03-08 21:14:34.306796,0 days 00:00:34.480000,256,0.4,0.00023860069102212594,0.98,0.9,0.00013012909310217065,2.0,1,512,0.10028591114175484,PRUNED
63,63,-46.666666666666664,2022-03-08 21:14:12.618797,2022-03-08 21:15:04.097796,0 days 00:00:51.478999,64,0.2,0.0007172597156488997,0.8,0.95,9.046775237070269e-05,1.0,20,2048,0.9269099367777346,PRUNED
64,64,-54.333333333333336,2022-03-08 21:14:34.307796,2022-03-08 21:15:23.349798,0 days 00:00:49.042002,64,0.2,0.0006346061360321651,0.8,0.95,8.713861172188496e-05,1.0,20,2048,0.9326702762081284,PRUNED
65,65,-47.666666666666664,2022-03-08 21:15:04.099796,2022-03-08 21:15:55.547795,0 days 00:00:51.447999,64,0.2,0.0004930574116189225,0.8,0.95,6.157627061240607e-05,1.0,20,2048,0.8742603568384277,PRUNED
66,66,-48.333333333333336,2022-03-08 21:15:23.351795,2022-03-08 21:16:12.123796,0 days 00:00:48.772001,64,0.2,0.0005122123445324474,0.8,0.95,0.00011032497707669167,1.0,20,2048,0.7197644167966655,PRUNED
67,67,-55.666666666666664,2022-03-08 21:15:48.531796,2022-03-08 21:16:58.536795,0 days 00:01:10.004999,32,0.4,0.000302752738391015,0.99,0.99,0.00017305761811282764,0.5,1,512,0.9931398232472342,PRUNED
68,68,-46.0,2022-03-08 21:15:55.549797,2022-03-08 21:17:06.631796,0 days 00:01:11.081999,32,0.4,0.00030445387359709315,0.99,0.99,0.00017413056696564304,0.5,1,512,0.9737466703945058,PRUNED
69,69,-48.666666666666664,2022-03-08 21:16:12.124796,2022-03-08 21:17:20.186795,0 days 00:01:08.061999,32,0.4,0.0003294554704701844,0.99,0.99,0.00018222891315778275,0.5,1,512,0.9779812149231789,PRUNED
70,70,-57.0,2022-03-08 21:16:58.537796,2022-03-08 21:18:08.934796,0 days 00:01:10.397000,32,0.4,0.00021442290912232045,0.99,0.99,0.0002041435186202013,0.5,1,512,0.9534438561597881,PRUNED
71,71,-36.0,2022-03-08 21:17:06.632795,2022-03-08 21:19:25.031795,0 days 00:02:18.399000,32,0.4,0.00036449797923952397,0.99,0.9999,0.00020268203570381237,0.3,1,512,0.7825221161362785,COMPLETE
72,72,-46.0,2022-03-08 21:17:20.188796,2022-03-08 21:18:27.983795,0 days 00:01:07.794999,32,0.3,0.00021014519846209172,0.99,0.999,0.0002060461739630939,0.3,5,512,0.7764267289249946,PRUNED
73,73,-47.666666666666664,2022-03-08 21:18:08.936796,2022-03-08 21:19:00.169795,0 days 00:00:51.232999,64,0.3,0.0003816701761604918,0.9,0.9999,9.934243359528729e-05,0.3,5,2048,0.900047205476416,PRUNED
74,74,-51.333333333333336,2022-03-08 21:18:27.984796,2022-03-08 21:19:10.997795,0 days 00:00:43.012999,64,0.1,0.0003878437692828306,0.9,0.9999,0.00010310762027435942,1.0,10,2048,0.9071310487069812,PRUNED
75,75,-49.666666666666664,2022-03-08 21:19:26.694797,2022-03-08 21:20:38.078795,0 days 00:01:11.383998,32,0.4,0.0002626373457588978,0.99,0.9999,0.000270209990261456,0.3,1,512,0.8060161423808653,PRUNED
76,76,-58.333333333333336,2022-03-08 21:19:26.711796,2022-03-08 21:20:37.841796,0 days 00:01:11.130000,32,0.4,0.0002571124820440795,0.99,0.9999,0.00025623892111617216,0.3,1,512,0.5773406812087006,PRUNED
77,77,-45.0,2022-03-08 21:19:26.714809,2022-03-08 21:20:34.385796,0 days 00:01:07.670987,32,0.4,0.00026827611764086,0.99,0.9999,0.0002676663681372886,0.3,1,512,0.8588539381211457,PRUNED
78,78,-45.0,2022-03-08 21:20:34.386795,2022-03-08 21:23:32.113796,0 days 00:02:57.727001,32,0.4,0.0005945303964219442,0.98,0.995,0.0005031211809342878,0.3,1,256,0.7974174411727947,COMPLETE
79,79,-55.666666666666664,2022-03-08 21:20:37.842796,2022-03-08 21:21:15.670796,0 days 00:00:37.828000,512,0.4,0.0004439312727070952,0.98,0.995,0.0003728712027123923,2.0,1,256,0.8075678880658662,PRUNED
80,80,-48.0,2022-03-08 21:20:38.079795,2022-03-08 21:21:15.993795,0 days 00:00:37.914000,512,0.4,0.0005938530368476257,0.98,0.995,0.00012243438070334565,2.0,1,256,0.999859982927794,PRUNED
81,81,-56.666666666666664,2022-03-08 21:21:15.671797,2022-03-08 21:21:54.255796,0 days 00:00:38.583999,256,0.2,0.0005856329339717,1.0,0.99,0.0006799336450854118,0.9,10,1024,0.9378561600796049,PRUNED
82,82,-52.333333333333336,2022-03-08 21:21:15.995795,2022-03-08 21:21:54.619798,0 days 00:00:38.624003,256,0.2,0.000350035361845415,1.0,0.99,0.0005181954559916318,0.9,10,1024,0.949831166242382,PRUNED
83,83,-61.666666666666664,2022-03-08 21:21:54.257796,2022-03-08 21:22:47.947796,0 days 00:00:53.690000,64,0.2,0.0003456694867343786,0.8,0.95,0.00048017193314987475,1.0,10,64,0.8615563988006374,PRUNED
84,84,-49.666666666666664,2022-03-08 21:21:54.620795,2022-03-08 21:23:52.022796,0 days 00:01:57.402001,64,0.2,0.0004328715068583714,0.8,0.95,6.22094633023574e-05,1.0,10,64,0.8760393270611377,COMPLETE
85,85,-48.666666666666664,2022-03-08 21:22:47.949796,2022-03-08 21:23:37.962796,0 days 00:00:50.013000,64,0.2,0.0004353738292222971,0.99,0.95,6.407928628911842e-05,1.0,1,2048,0.723817606417791,PRUNED
86,86,-47.0,2022-03-08 21:23:32.116797,2022-03-08 21:24:23.743795,0 days 00:00:51.626998,64,0.2,0.00043049019129396565,0.95,0.95,7.957651234910761e-05,1.0,10,2048,0.9092966742091112,PRUNED
87,87,-47.0,2022-03-08 21:23:37.963796,2022-03-08 21:24:31.212796,0 days 00:00:53.249000,64,0.2,0.00048549557754731635,0.95,0.95,8.060323061535118e-05,0.7,10,2048,0.9103347721082848,PRUNED
88,88,-28.333333333333332,2022-03-08 21:23:52.025795,2022-03-08 21:25:50.882796,0 days 00:01:58.857001,64,0.1,0.0005126360714781378,0.95,0.9,7.931165791858665e-05,0.7,20,2048,0.9145398847751229,COMPLETE
89,89,-56.0,2022-03-08 21:24:23.744796,2022-03-08 21:26:18.218796,0 days 00:01:54.474000,64,0.1,0.00015013889640154521,0.99,0.9999,0.00015701470417726397,2.0,20,2048,0.9687662809109336,COMPLETE
90,90,-47.0,2022-03-08 21:24:31.213797,2022-03-08 21:25:24.163797,0 days 00:00:52.950000,64,0.1,0.0002864759142893408,0.99,0.9999,0.00015008769468302893,2.0,20,512,0.7627486311681777,PRUNED
91,91,-49.0,2022-03-08 21:25:24.165796,2022-03-08 21:26:14.998796,0 days 00:00:50.833000,64,0.2,0.00014720636175255777,0.8,0.9,0.00013883287670719976,0.5,1,2048,0.9660394185064374,PRUNED
92,92,-51.666666666666664,2022-03-08 21:25:50.884796,2022-03-08 21:27:49.116795,0 days 00:01:58.231999,64,0.1,0.0009596799941909791,0.95,0.9,0.00013553334440124002,0.7,1,512,0.9630538922328933,COMPLETE
93,93,-57.333333333333336,2022-03-08 21:26:15.000795,2022-03-08 21:27:07.484796,0 days 00:00:52.484001,64,0.1,0.0005479521701074836,0.95,0.9,0.00011139255000841286,0.7,20,2048,0.6784074788154992,PRUNED
94,94,-56.0,2022-03-08 21:26:18.221796,2022-03-08 21:27:08.870796,0 days 00:00:50.649000,64,0.1,0.0006734937566378296,0.95,0.9,0.00011359508916589109,0.7,20,2048,0.8790794766251224,PRUNED
95,95,-47.0,2022-03-08 21:27:07.486796,2022-03-08 21:27:59.595795,0 days 00:00:52.108999,64,0.1,0.0007885938887187609,0.95,0.9,9.425556726711423e-05,0.7,20,2048,0.9368091230716163,PRUNED
96,96,-54.0,2022-03-08 21:27:08.872796,2022-03-08 21:27:59.197796,0 days 00:00:50.325000,128,0.1,0.0007769682640744957,0.95,0.999,9.409219721709538e-05,0.7,20,64,0.8383744095530137,PRUNED
97,97,-30.333333333333332,2022-03-08 21:27:49.119796,2022-03-08 21:29:47.279795,0 days 00:01:58.159999,64,0.2,0.00023338566549557885,0.92,0.999,8.904471944770772e-05,0.9,20,64,0.9226003240985232,COMPLETE
98,98,-56.666666666666664,2022-03-08 21:27:59.199796,2022-03-08 21:28:49.861796,0 days 00:00:50.662000,64,0.2,0.0003503692560289491,0.8,0.95,2.0531832231904935e-05,0.9,20,2048,0.9335195043617557,PRUNED
99,99,-51.0,2022-03-08 21:27:59.596795,2022-03-08 21:29:56.995796,0 days 00:01:57.399001,64,0.2,0.00023573501478110092,0.92,0.8,2.415314292022029e-05,0.9,5,128,0.9164388347125015,COMPLETE
100,100,-48.666666666666664,2022-03-08 21:28:49.862796,2022-03-08 21:29:40.063796,0 days 00:00:50.201000,64,0.2,0.00023972745793940332,0.92,0.95,7.184396962210966e-05,1.0,5,128,0.0009778336524257636,PRUNED
101,101,-52.333333333333336,2022-03-08 21:29:40.065795,2022-03-08 21:32:23.657796,0 days 00:02:43.592001,32,0.2,0.0003968128231697116,0.99,0.95,8.331063544614782e-05,5.0,10,512,0.8478516911773413,COMPLETE
102,102,-52.333333333333336,2022-03-08 21:29:47.282796,2022-03-08 21:30:58.487796,0 days 00:01:11.205000,32,0.3,0.00011963809371719299,0.92,0.999,7.732231408214906e-05,0.9,10,64,0.9157831201437374,PRUNED
103,103,-34.0,2022-03-08 21:29:56.997795,2022-03-08 21:31:48.457797,0 days 00:01:51.460002,64,0.2,0.0003903892765369965,0.92,0.999,8.188351513251137e-05,0.9,20,64,0.8898240761041301,COMPLETE
104,104,-45.333333333333336,2022-03-08 21:30:58.489796,2022-03-08 21:32:52.376795,0 days 00:01:53.886999,64,0.2,0.00038083138432575697,0.92,0.999,8.547228822563812e-05,0.9,20,64,0.8872536679982145,COMPLETE
105,105,-53.0,2022-03-08 21:31:48.460796,2022-03-08 21:32:39.699796,0 days 00:00:51.239000,64,0.2,0.00018865520106201773,0.92,0.999,8.675336489123923e-05,0.9,20,64,0.891788862556658,PRUNED
106,106,-60.666666666666664,2022-03-08 21:32:23.659796,2022-03-08 21:33:14.245795,0 days 00:00:50.585999,64,0.2,0.00019811670413471259,0.92,0.999,6.835118664004799e-05,0.9,20,64,0.8859548068430463,PRUNED
107,107,-46.333333333333336,2022-03-08 21:32:39.701796,2022-03-08 21:33:32.670795,0 days 00:00:52.968999,64,0.2,0.0002899153525814291,0.92,0.999,6.545742110026873e-05,0.9,20,64,0.9863413223237122,PRUNED
108,108,-52.333333333333336,2022-03-08 21:32:52.378795,2022-03-08 21:33:45.600796,0 days 00:00:53.222001,64,0.2,0.00030850908180758555,0.92,0.999,0.00012124787743196054,0.9,20,64,0.9821091321649108,PRUNED
