,number,value,datetime_start,datetime_complete,duration,params_batch_size,params_clip_range,params_ent_coef,params_gae_lambda,params_gamma,params_learning_rate,params_max_grad_norm,params_n_epochs,params_n_steps,params_vf_coef,state
434,434,-60.333333333333336,2022-03-09 09:57:46.557802,2022-03-09 09:58:56.266803,0 days 00:01:09.709001,32,0.2,0.000173716795199523,0.95,0.99,0.0002074037067181629,0.7,10,64,0.7656789096645461,PRUNED
435,435,-59.333333333333336,2022-03-09 09:58:07.529802,2022-03-09 09:59:15.130804,0 days 00:01:07.601002,32,0.2,0.0003608925937015041,0.95,0.99,0.0003022157327769236,0.7,10,64,0.7688734274387027,PRUNED
436,436,-48.333333333333336,2022-03-09 09:58:50.446804,2022-03-09 09:59:58.435803,0 days 00:01:07.988999,32,0.2,0.00036872961146438757,0.95,0.99,0.00028150549487546383,0.7,1,64,0.7361327127829365,PRUNED
437,437,-46.0,2022-03-09 09:58:56.268802,2022-03-09 10:00:05.050802,0 days 00:01:08.782000,32,0.2,0.0003765166926855587,0.95,0.99,0.00032789621801358016,0.7,1,64,0.9843013435623971,PRUNED
438,438,-46.0,2022-03-09 09:59:15.131805,2022-03-09 10:00:23.370804,0 days 00:01:08.238999,32,0.2,0.00037330846817794567,0.95,0.99,0.0002752961733070698,0.7,1,64,0.7868978520902372,PRUNED
439,439,-45.0,2022-03-09 09:59:58.437803,2022-03-09 10:01:08.123802,0 days 00:01:09.685999,32,0.2,0.00027816964065026893,0.95,0.99,0.0001886636865175265,0.7,1,64,0.7887303831081972,PRUNED
440,440,-44.0,2022-03-09 10:00:05.052802,2022-03-09 10:01:15.075802,0 days 00:01:10.023000,32,0.2,0.00032034534404850153,0.95,0.99,0.00020917231561603681,0.7,1,64,0.44498409770292713,PRUNED
441,441,-50.0,2022-03-09 10:00:23.372803,2022-03-09 10:01:35.427803,0 days 00:01:12.055000,32,0.3,0.0002713396868787289,0.99,0.99,0.0002554118634094951,0.9,1,64,0.8054238885391064,PRUNED
442,442,-55.333333333333336,2022-03-09 10:01:08.125802,2022-03-09 10:01:48.605803,0 days 00:00:40.480001,256,0.3,0.00111594728327759,0.99,0.995,0.0002147054717397393,0.9,1,512,0.7944555452960329,PRUNED
443,443,-53.666666666666664,2022-03-09 10:01:15.076803,2022-03-09 10:01:56.421803,0 days 00:00:41.345000,256,0.3,0.001105808447232707,0.99,0.995,0.0003613380918514697,0.9,1,512,0.7991796931534928,PRUNED
444,444,-39.333333333333336,2022-03-09 10:01:35.429802,2022-03-09 10:03:03.313802,0 days 00:01:27.884000,256,0.2,0.00041430721287735684,0.99,0.9,0.0003600630047671851,5.0,10,512,0.6957296503247731,COMPLETE
445,445,-52.333333333333336,2022-03-09 10:01:48.607802,2022-03-09 10:02:32.046802,0 days 00:00:43.439000,256,0.2,0.00043143988378942824,0.92,0.9,0.00018680495466093765,5.0,10,512,0.6894246544793492,PRUNED
446,446,-46.0,2022-03-09 10:01:56.423802,2022-03-09 10:02:36.093803,0 days 00:00:39.670001,512,0.2,0.00042284908832378393,0.92,0.9,0.0005514212715821977,5.0,10,512,0.38305059182787277,PRUNED
447,447,-54.333333333333336,2022-03-09 10:02:32.048802,2022-03-09 10:03:10.373802,0 days 00:00:38.325000,512,0.2,0.0003355987375873778,0.92,0.8,0.0002273709001651263,2.0,10,2048,0.4164289181812974,PRUNED
448,448,-56.0,2022-03-09 10:02:36.095802,2022-03-09 10:03:23.940802,0 days 00:00:47.845000,128,0.1,0.0005488520716032122,0.95,0.8,0.0007351246730757015,2.0,1,2048,0.34126734879204224,PRUNED
449,449,-50.666666666666664,2022-03-09 10:03:03.316802,2022-03-09 10:03:43.454803,0 days 00:00:40.138001,256,0.2,0.0003381424401081007,0.99,0.8,0.0003292196746382587,2.0,10,512,0.7208483018012125,PRUNED
450,450,-49.666666666666664,2022-03-09 10:03:10.375803,2022-03-09 10:03:51.304801,0 days 00:00:40.928998,256,0.2,0.00039328599002471287,0.99,0.99,0.00034561930008933026,0.7,10,512,0.742128013946374,PRUNED
451,451,-42.333333333333336,2022-03-09 10:03:23.941802,2022-03-09 10:04:05.517802,0 days 00:00:41.576000,256,0.2,0.00039799076159781566,0.99,0.9,0.0006254959388640043,5.0,10,512,0.7090194582690799,PRUNED
452,452,-49.666666666666664,2022-03-09 10:03:43.455804,2022-03-09 10:04:24.635803,0 days 00:00:41.179999,256,0.2,0.0003960537796288257,0.99,0.9,0.0003654092806723435,5.0,10,512,0.7486869492989149,PRUNED
453,453,-48.333333333333336,2022-03-09 10:03:51.306803,2022-03-09 10:04:33.039802,0 days 00:00:41.732999,256,0.1,0.00023501709147574247,0.99,0.9,7.614782035084014e-05,5.0,10,512,0.976592427420985,PRUNED
454,454,-41.0,2022-03-09 10:04:05.519802,2022-03-09 10:04:46.022804,0 days 00:00:40.503002,256,0.1,0.003599607787389809,0.92,0.9,0.0005020451686825307,5.0,10,512,0.6865266291264017,PRUNED
455,455,-53.666666666666664,2022-03-09 10:04:24.637802,2022-03-09 10:05:06.139802,0 days 00:00:41.502000,256,0.2,0.0004659459203127964,0.99,0.99,0.0004565845611365745,0.7,10,512,0.640754805188526,PRUNED
456,456,-50.333333333333336,2022-03-09 10:04:33.041802,2022-03-09 10:05:54.212802,0 days 00:01:21.171000,256,0.2,0.00031344149399866215,0.99,0.99,0.00030990883113657576,0.7,10,512,0.8254134651256132,COMPLETE
457,457,-50.0,2022-03-09 10:04:46.023804,2022-03-09 10:05:24.953803,0 days 00:00:38.929999,256,0.2,0.0004704234600583399,0.99,0.9,7.729692759159097e-05,5.0,10,2048,0.6660660532049738,PRUNED
458,458,-55.666666666666664,2022-03-09 10:05:06.141801,2022-03-09 10:06:23.117803,0 days 00:01:16.976002,32,0.2,0.00031106505268655024,0.99,0.95,0.00030427141521703556,0.9,10,64,0.8146300948392632,PRUNED
459,459,-56.0,2022-03-09 10:05:24.955802,2022-03-09 10:06:38.507802,0 days 00:01:13.552000,32,0.2,0.00030827486882983645,0.99,0.95,0.00031938414246909455,0.9,10,64,0.47449852350982435,PRUNED
460,460,-48.0,2022-03-09 10:05:54.215802,2022-03-09 10:07:07.753803,0 days 00:01:13.538001,32,0.2,0.0029875576681208794,0.95,0.95,0.0003963613421454705,0.9,10,64,0.7547461554035463,PRUNED
461,461,-49.0,2022-03-09 10:06:23.118805,2022-03-09 10:07:12.734802,0 days 00:00:49.615997,64,0.2,0.0003486746569697527,0.98,0.9,0.00017401339513585065,5.0,10,2048,0.9641935620031393,PRUNED
462,462,-52.333333333333336,2022-03-09 10:06:38.509802,2022-03-09 10:07:19.741802,0 days 00:00:41.232000,64,0.3,0.004631106520500715,0.98,0.9,0.0004361483232960092,5.0,1,2048,0.9489291225187958,PRUNED
463,463,-45.333333333333336,2022-03-09 10:07:28.391802,2022-03-09 10:08:25.007802,0 days 00:00:56.616000,64,0.1,0.0005197142031744318,0.92,0.995,8.773070508378151e-05,5.0,1,2048,0.6128627900061288,PRUNED
464,464,-40.333333333333336,2022-03-09 10:07:28.400802,2022-03-09 10:08:24.550803,0 days 00:00:56.150001,64,0.1,0.0005254257651050539,0.92,0.9,8.960695964324688e-05,5.0,1,2048,0.9871974914176982,PRUNED
465,465,-47.0,2022-03-09 10:07:28.413802,2022-03-09 10:08:24.382802,0 days 00:00:55.969000,64,0.1,0.0006330239332888848,0.92,0.995,8.863778791042501e-05,5.0,5,2048,0.9646547543447642,PRUNED
466,466,-48.333333333333336,2022-03-09 10:08:24.385803,2022-03-09 10:09:08.758803,0 days 00:00:44.373000,256,0.2,0.0004287006072547491,0.95,0.99,0.0002607809620989754,0.5,1,512,0.7827859354452196,PRUNED
467,467,-49.0,2022-03-09 10:08:24.552803,2022-03-09 10:09:10.334802,0 days 00:00:45.781999,256,0.2,0.0004301293293553884,0.95,0.99,0.0002655731355481124,0.5,1,512,0.6974518861709373,PRUNED
468,468,-53.0,2022-03-09 10:08:25.009802,2022-03-09 10:09:57.099803,0 days 00:01:32.090001,256,0.2,0.00043498108757172616,0.95,0.99,0.00027185994811029725,0.3,1,512,0.7865535157393941,COMPLETE
469,469,-47.666666666666664,2022-03-09 10:09:08.760802,2022-03-09 10:10:07.586803,0 days 00:00:58.826001,64,0.2,0.0005914755628118398,0.8,0.8,8.181869465827141e-05,0.3,10,512,0.9362254514303349,PRUNED
470,470,-52.0,2022-03-09 10:09:10.337802,2022-03-09 10:10:11.869802,0 days 00:01:01.532000,64,0.2,0.00018920633732581697,0.8,0.8,9.968209732991256e-05,2.0,10,512,0.9272610590390699,PRUNED
471,471,-44.333333333333336,2022-03-09 10:09:57.102803,2022-03-09 10:10:53.254802,0 days 00:00:56.151999,64,0.2,0.0003779984436041925,0.8,0.8,0.0002134693968075267,0.7,10,64,0.7342413075331587,PRUNED
472,472,-54.0,2022-03-09 10:10:07.588803,2022-03-09 10:11:22.764803,0 days 00:01:15.176000,32,0.2,0.00019725677764609347,0.99,0.95,2.58257002560222e-05,0.7,20,64,0.7282169276233257,PRUNED
473,473,-52.333333333333336,2022-03-09 10:10:11.871802,2022-03-09 10:11:26.508807,0 days 00:01:14.637005,32,0.2,0.0003817590179891558,0.99,0.95,2.3229232135387837e-05,0.7,20,64,0.8620405328250343,PRUNED
474,474,-44.666666666666664,2022-03-09 10:10:53.256802,2022-03-09 10:12:11.449803,0 days 00:01:18.193001,32,0.2,0.005847111122346975,0.99,0.95,0.0003774600324631123,0.7,20,2048,0.43283147564735897,PRUNED
475,475,-47.0,2022-03-09 10:11:22.766803,2022-03-09 10:12:08.623803,0 days 00:00:45.857000,128,0.3,0.005716581168341261,0.99,0.9,6.825496981043739e-05,5.0,1,2048,0.9963151494614014,PRUNED
476,476,-42.0,2022-03-09 10:11:26.510804,2022-03-09 10:12:11.845802,0 days 00:00:45.334998,128,0.4,0.00046421758640350367,0.92,0.9,0.00019792632503361183,5.0,1,2048,0.5737669819762622,PRUNED
477,477,-51.333333333333336,2022-03-09 10:12:08.625804,2022-03-09 10:13:09.247803,0 days 00:01:00.621999,64,0.4,0.0003422261942500212,0.92,0.95,0.0008243329840811436,5.0,1,2048,0.9578686891052238,PRUNED
478,478,-44.333333333333336,2022-03-09 10:12:11.451802,2022-03-09 10:13:10.855802,0 days 00:00:59.404000,64,0.2,0.0003524566287271927,0.92,0.99,0.000294458014208593,2.0,1,2048,0.8259247736340768,PRUNED
479,479,-49.666666666666664,2022-03-09 10:12:11.847802,2022-03-09 10:12:47.988802,0 days 00:00:36.141000,512,0.2,0.00034461581567750703,0.92,0.995,0.00016822677194941815,2.0,1,2048,0.9590218304797827,PRUNED
480,480,-48.333333333333336,2022-03-09 10:12:47.990802,2022-03-09 10:13:44.312802,0 days 00:00:56.322000,64,0.2,0.00040483706718423903,0.95,0.99,0.00022004364334471358,0.9,10,64,0.8289361396708723,PRUNED
481,481,-56.0,2022-03-09 10:13:09.248802,2022-03-09 10:14:08.714802,0 days 00:00:59.466000,64,0.2,0.0003959459555174602,0.95,0.99,0.0005628989810705049,0.9,10,64,0.8238735550081548,PRUNED
482,482,-51.0,2022-03-09 10:13:10.857801,2022-03-09 10:14:08.477811,0 days 00:00:57.620010,64,0.2,0.0004032978295929865,0.95,0.99,0.00023382570466580916,0.9,10,64,0.5058892266433264,PRUNED
483,483,-43.333333333333336,2022-03-09 10:13:44.314803,2022-03-09 10:14:47.129803,0 days 00:01:02.815000,64,0.2,0.000127678092155035,0.8,0.99,0.00018404194211515306,0.7,20,512,0.5058401286130043,PRUNED
484,484,-46.333333333333336,2022-03-09 10:14:08.479802,2022-03-09 10:14:52.246803,0 days 00:00:43.767001,256,0.2,0.003937466399873307,0.8,0.95,0.0001890799725278563,0.7,20,512,0.8526550819337726,PRUNED
485,485,-55.0,2022-03-09 10:14:08.716803,2022-03-09 10:14:53.373802,0 days 00:00:44.656999,256,0.1,0.00012863190013734022,0.8,0.95,0.00011144670305786634,5.0,20,512,0.9206773429921974,PRUNED
486,486,-50.666666666666664,2022-03-09 10:14:47.131803,2022-03-09 10:15:28.278802,0 days 00:00:41.146999,256,0.2,0.00028199003480829874,0.99,0.95,0.00024255642174911813,0.7,20,512,0.9989571868124181,PRUNED
487,487,-54.0,2022-03-09 10:14:52.248802,2022-03-09 10:15:51.006803,0 days 00:00:58.758001,64,0.3,0.00025283678078812387,0.99,0.95,0.00011072583065711295,5.0,1,2048,0.9179653390424775,PRUNED
488,488,-47.666666666666664,2022-03-09 10:14:53.376802,2022-03-09 10:15:55.309802,0 days 00:01:01.933000,64,0.2,0.00027164061717602694,0.99,0.995,0.00033619774313200937,2.0,5,2048,0.7497601270395912,PRUNED
489,489,-56.0,2022-03-09 10:15:28.280802,2022-03-09 10:16:25.221802,0 days 00:00:56.941000,64,0.2,0.00025340949846637783,0.98,0.995,0.0001294031924093805,2.0,5,2048,0.6697643254609168,PRUNED
490,490,-45.666666666666664,2022-03-09 10:15:51.008804,2022-03-09 10:16:47.440803,0 days 00:00:56.431999,64,0.2,0.00021837514951061006,0.92,0.995,0.00013597597784056464,2.0,1,2048,0.8018431182757269,PRUNED
491,491,-46.333333333333336,2022-03-09 10:15:55.312804,2022-03-09 10:17:23.456802,0 days 00:01:28.143998,32,0.2,0.00045950128352617104,0.98,0.8,0.00012815719796008376,0.5,1,2048,0.8632641447824783,PRUNED
492,492,-48.0,2022-03-09 10:16:25.223803,2022-03-09 10:17:21.961803,0 days 00:00:56.738000,64,0.4,0.0004896374435084252,0.92,0.9,9.550382539215261e-05,5.0,1,2048,0.9482232119975764,PRUNED
493,493,-55.0,2022-03-09 10:16:47.442803,2022-03-09 10:17:23.123804,0 days 00:00:35.681001,512,0.4,0.00047167598622495425,0.92,0.9,9.594564007029371e-05,5.0,10,512,0.9739009163727382,PRUNED
494,494,-47.333333333333336,2022-03-09 10:17:21.962802,2022-03-09 10:18:38.906803,0 days 00:01:16.944001,32,0.2,0.00043767817506333643,0.95,0.99,7.274186535978092e-05,0.5,10,64,0.8973126606742943,PRUNED
495,495,-59.666666666666664,2022-03-09 10:17:23.125803,2022-03-09 10:18:15.779802,0 days 00:00:52.653999,64,0.3,0.0005698920746497947,0.8,0.8,7.96872437843506e-05,0.5,1,256,0.9435459496689256,PRUNED
496,496,-49.0,2022-03-09 10:17:23.458802,2022-03-09 10:18:46.477803,0 days 00:01:23.019001,32,0.2,0.00035376925192742514,0.95,0.99,7.316008105962594e-05,0.3,10,64,0.29618534017211595,PRUNED
497,497,-54.333333333333336,2022-03-09 10:18:15.781802,2022-03-09 10:19:39.276804,0 days 00:01:23.495002,32,0.2,0.00035632799171098707,0.95,0.99,0.00014969291421261763,0.3,10,64,0.8954301680666832,PRUNED
498,498,-48.666666666666664,2022-03-09 10:18:38.908802,2022-03-09 10:19:18.859803,0 days 00:00:39.951001,256,0.2,0.0023379653346520916,0.95,0.99,0.0004251642478168407,0.3,20,512,0.2508164229101858,PRUNED
499,499,-50.666666666666664,2022-03-09 10:18:46.479802,2022-03-09 10:19:28.788806,0 days 00:00:42.309004,256,0.2,0.00037182487625513164,0.99,0.95,0.000426921799019478,0.9,20,512,0.7113394072735377,PRUNED
500,500,-46.0,2022-03-09 10:19:18.860803,2022-03-09 10:20:15.642802,0 days 00:00:56.781999,64,0.1,0.0001601346366832911,0.99,0.95,0.0001510084675635049,0.9,1,512,0.46202629358502245,PRUNED
501,501,-47.0,2022-03-09 10:19:28.790802,2022-03-09 10:20:28.499803,0 days 00:00:59.709001,64,0.1,0.0003170438678813651,1.0,0.9999,0.0006920708836060382,0.7,1,2048,0.4639385652734881,PRUNED
502,502,-50.0,2022-03-09 10:19:39.278803,2022-03-09 10:20:36.326802,0 days 00:00:57.047999,64,0.1,0.00014446164597919087,1.0,0.9999,0.0007178253502902271,0.7,1,2048,0.6032672145123732,PRUNED
503,503,-50.333333333333336,2022-03-09 10:20:15.644802,2022-03-09 10:21:12.188802,0 days 00:00:56.544000,64,0.2,0.00030440524946879653,1.0,0.9999,8.110119048273575e-05,0.7,1,2048,0.9753029039100632,PRUNED
504,504,-46.0,2022-03-09 10:20:28.501802,2022-03-09 10:21:28.045803,0 days 00:00:59.544001,64,0.3,0.0013624068204983399,0.8,0.9,8.357700170944686e-05,5.0,20,2048,0.9817643552281055,PRUNED
505,505,-41.666666666666664,2022-03-09 10:20:36.328802,2022-03-09 10:21:32.597802,0 days 00:00:56.269000,64,0.2,0.0004081814284715154,0.8,0.8,8.27602182449046e-05,0.7,20,64,0.9199111652339312,PRUNED
506,506,-57.0,2022-03-09 10:21:12.190803,2022-03-09 10:22:15.505802,0 days 00:01:03.314999,64,0.2,0.0012188259119142865,0.8,0.8,0.0004857574784819177,0.9,20,64,0.7682173047712499,PRUNED
507,507,-53.0,2022-03-09 10:21:28.047802,2022-03-09 10:22:09.046803,0 days 00:00:40.999001,512,0.4,0.0006886433936715602,0.92,0.8,0.0001053189565868686,5.0,10,512,0.9282260506420518,PRUNED
508,508,-44.666666666666664,2022-03-09 10:21:32.599803,2022-03-09 10:22:10.446803,0 days 00:00:37.847000,512,0.4,0.0026076375520666904,0.92,0.95,9.230411207378007e-05,5.0,10,512,0.9444590878585882,PRUNED
509,509,-54.0,2022-03-09 10:22:09.047803,2022-03-09 10:22:55.793803,0 days 00:00:46.746000,256,0.4,0.0071809885256320675,0.99,0.95,9.080129142031732e-05,5.0,1,512,0.9599278434764527,PRUNED
510,510,-52.333333333333336,2022-03-09 10:22:10.449803,2022-03-09 10:22:54.587802,0 days 00:00:44.137999,256,0.3,0.0005275006208173297,0.99,0.9,0.00012307829418957975,5.0,1,2048,0.9629791259556001,PRUNED
511,511,-46.333333333333336,2022-03-09 10:22:15.508802,2022-03-09 10:22:56.490803,0 days 00:00:40.982001,256,0.2,0.00044515780026954687,0.99,0.99,0.00026049362618450685,2.0,1,2048,0.4000024112421601,PRUNED
512,512,-49.333333333333336,2022-03-09 10:23:13.770803,2022-03-09 10:24:14.716802,0 days 00:01:00.945999,64,0.1,0.0005038903748895367,0.92,0.95,0.0009055947573235745,0.9,10,2048,0.9015353439697038,PRUNED
513,513,-50.0,2022-03-09 10:23:13.779802,2022-03-09 10:24:14.475802,0 days 00:01:00.696000,64,0.1,0.002089233515384002,0.92,0.95,0.0001719058435766471,0.9,10,2048,0.9982053538917709,PRUNED
514,514,-41.666666666666664,2022-03-09 10:23:13.788803,2022-03-09 10:24:10.569803,0 days 00:00:56.781000,64,0.1,0.000510872199696538,0.92,0.95,0.0001664217682990756,0.9,10,2048,0.9346888383339181,PRUNED
515,515,-54.333333333333336,2022-03-09 10:24:10.571803,2022-03-09 10:25:06.101803,0 days 00:00:55.530000,64,0.2,0.00038407380373342613,0.95,0.99,0.00028893783254259277,0.7,20,64,0.8689777518979773,PRUNED
516,516,-63.333333333333336,2022-03-09 10:24:14.477803,2022-03-09 10:25:34.958803,0 days 00:01:20.481000,32,0.2,0.00042748245670602036,0.95,0.99,0.0002855741361112982,0.7,20,64,0.8717469556391205,PRUNED
517,517,-49.666666666666664,2022-03-09 10:24:14.718803,2022-03-09 10:25:10.613803,0 days 00:00:55.895000,64,0.3,0.006250024742169812,0.98,0.999,0.00011179649326821841,5.0,20,512,0.9765421307095035,PRUNED
518,518,-43.333333333333336,2022-03-09 10:25:06.102803,2022-03-09 10:26:00.300803,0 days 00:00:54.198000,64,0.3,0.0015648510326320816,0.98,0.999,9.915579006747863e-05,5.0,1,512,0.9741403427710149,PRUNED
519,519,-42.666666666666664,2022-03-09 10:25:10.615803,2022-03-09 10:26:07.194804,0 days 00:00:56.579001,64,0.4,0.0032147384062369668,0.8,0.995,9.621624401460395e-05,1.0,1,512,0.9175454002731708,PRUNED
520,520,-49.0,2022-03-09 10:25:34.960803,2022-03-09 10:26:32.534803,0 days 00:00:57.574000,64,0.4,0.0005841618752088555,0.8,0.995,0.00010415626059333043,1.0,1,512,0.9407304666388548,PRUNED
521,521,-53.666666666666664,2022-03-09 10:26:00.302803,2022-03-09 10:27:19.139802,0 days 00:01:18.836999,32,0.2,0.00037587298000155514,0.8,0.995,0.00020349399462010298,1.0,1,64,0.8440171248980638,PRUNED
522,522,-44.666666666666664,2022-03-09 10:26:07.196803,2022-03-09 10:27:26.435802,0 days 00:01:19.238999,32,0.2,0.00033334232108758147,0.99,0.99,0.00022980245379164974,2.0,1,256,0.8942278501641433,PRUNED
523,523,-50.333333333333336,2022-03-09 10:26:32.536801,2022-03-09 10:27:09.445803,0 days 00:00:36.909002,256,0.2,0.00032462967914891327,0.99,0.9,0.00011684033947600664,2.0,1,256,0.6523699641623834,PRUNED
524,524,-53.666666666666664,2022-03-09 10:27:09.448803,2022-03-09 10:28:28.124803,0 days 00:01:18.676000,32,0.2,0.0003868461412922059,0.95,0.99,0.00022442573390960647,0.7,10,64,0.7957375859163774,PRUNED
525,525,-42.0,2022-03-09 10:27:19.141802,2022-03-09 10:28:51.171803,0 days 00:01:32.030001,128,0.2,0.00041279297737701785,0.95,0.99,0.0001421124757077155,0.7,10,2048,0.7951625441558275,COMPLETE
526,526,-50.666666666666664,2022-03-09 10:27:26.436803,2022-03-09 10:28:20.986802,0 days 00:00:54.549999,64,0.2,0.00041240223467610074,0.95,0.99,6.820703292618225e-05,0.7,10,2048,0.7554010243546803,PRUNED
527,527,-41.333333333333336,2022-03-09 10:28:20.988804,2022-03-09 10:29:05.840802,0 days 00:00:44.851998,128,0.2,0.0004603088710948,0.9,0.9,0.0001440859746514901,5.0,20,2048,0.9574342943207845,PRUNED
528,528,-43.0,2022-03-09 10:28:28.126803,2022-03-09 10:29:12.577802,0 days 00:00:44.450999,128,0.4,0.0002960805830380122,0.9,0.9,1.2664358925881012e-05,5.0,20,2048,0.9518518331412651,PRUNED
529,529,-53.666666666666664,2022-03-09 10:28:51.173803,2022-03-09 10:29:36.490803,0 days 00:00:45.317000,128,0.2,0.0002990219973284207,0.92,0.95,0.0001330337926117901,0.9,10,2048,0.8489270193405704,PRUNED
530,530,-42.0,2022-03-09 10:29:05.843820,2022-03-09 10:29:51.694803,0 days 00:00:45.850983,128,0.2,0.0003006444049116737,0.92,0.95,0.00013907186921987896,0.9,10,2048,0.8047872265883164,PRUNED
531,531,-46.0,2022-03-09 10:29:12.580803,2022-03-09 10:30:09.304803,0 days 00:00:56.724000,64,0.2,0.00035799453139159705,0.92,0.95,0.0001367610287534365,0.9,10,2048,0.8554620902680192,PRUNED
532,532,-54.333333333333336,2022-03-09 10:29:36.492802,2022-03-09 10:30:21.332803,0 days 00:00:44.840001,128,0.2,0.0003635173986607324,0.99,0.8,0.00015424793177225537,0.5,10,2048,0.4286440796326245,PRUNED
533,533,-52.0,2022-03-09 10:29:51.696802,2022-03-09 10:30:38.804802,0 days 00:00:47.108000,128,0.2,0.00036175107438377144,0.99,0.8,0.00015723929417887098,0.5,10,2048,0.8818000521739171,PRUNED
534,534,-57.0,2022-03-09 10:30:09.306803,2022-03-09 10:30:56.300802,0 days 00:00:46.993999,128,0.2,0.0003994180766128266,0.99,0.8,0.0001599976353783379,0.5,10,2048,0.4399806469926297,PRUNED
535,535,-48.0,2022-03-09 10:30:21.334803,2022-03-09 10:31:05.660803,0 days 00:00:44.326000,128,0.2,0.0004071417161416043,1.0,0.9999,0.00015287441280339197,2.0,10,2048,0.883597191532521,PRUNED
536,536,-53.333333333333336,2022-03-09 10:30:38.806802,2022-03-09 10:31:23.669803,0 days 00:00:44.863001,128,0.2,0.00023252042179798844,0.8,0.9999,0.0005924704975163548,2.0,10,2048,0.815071078255631,PRUNED
537,537,-48.333333333333336,2022-03-09 10:30:56.303803,2022-03-09 10:31:42.911802,0 days 00:00:46.607999,128,0.2,0.00011268778517751707,1.0,0.9999,0.0005904840036609851,2.0,10,2048,0.9071795661794355,PRUNED
538,538,-45.666666666666664,2022-03-09 10:31:05.662803,2022-03-09 10:31:51.299802,0 days 00:00:45.636999,128,0.2,0.00022199422870593225,0.8,0.999,0.00017943399657426989,1.0,10,2048,0.9037018493403968,PRUNED
539,539,-47.333333333333336,2022-03-09 10:31:23.671803,2022-03-09 10:32:04.365802,0 days 00:00:40.693999,256,0.2,0.0004617695429233173,0.8,0.999,0.00011928837206572114,1.0,10,512,0.9183256912828214,PRUNED
540,540,-45.333333333333336,2022-03-09 10:31:42.913803,2022-03-09 10:32:23.247803,0 days 00:00:40.334000,256,0.2,0.000457210032133317,0.8,0.999,0.00012289177375459474,1.0,5,512,0.6966214240031869,PRUNED
541,541,-54.333333333333336,2022-03-09 10:31:51.301802,2022-03-09 10:32:31.260803,0 days 00:00:39.959001,256,0.2,0.004944180429151651,0.95,0.99,7.2254501057582e-05,0.7,20,512,0.696028415673961,PRUNED
542,542,-50.0,2022-03-09 10:32:04.367802,2022-03-09 10:33:02.033803,0 days 00:00:57.666001,64,0.1,0.000329637095481325,0.95,0.99,7.553633856579742e-05,0.7,5,512,0.8348550941608848,PRUNED
