,number,value,datetime_start,datetime_complete,duration,params_batch_size,params_clip_range,params_ent_coef,params_gae_lambda,params_gamma,params_learning_rate,params_max_grad_norm,params_n_epochs,params_n_steps,params_vf_coef,state
543,543,-46.666666666666664,2022-03-09 10:32:23.249803,2022-03-09 10:33:17.640804,0 days 00:00:54.391001,64,0.1,0.00017468149055529277,0.95,0.99,0.0005203082568887824,0.7,20,2048,0.9981727973273862,PRUNED
544,544,-45.333333333333336,2022-03-09 10:32:31.262803,2022-03-09 10:34:30.053803,0 days 00:01:58.791000,64,0.1,0.00017106398607856583,0.92,0.95,0.0001978463418346268,0.3,20,2048,0.7775078215291585,COMPLETE
545,545,-46.333333333333336,2022-03-09 10:33:02.035803,2022-03-09 10:33:56.529803,0 days 00:00:54.494000,64,0.4,0.0009431860332458564,0.92,0.95,0.00014024201149784253,0.3,20,2048,0.998613543249973,PRUNED
546,546,-42.333333333333336,2022-03-09 10:33:17.642802,2022-03-09 12:11:05.927531,0 days 01:37:48.284729,64,0.4,0.004223343520851073,0.92,0.95,0.00014200355774213788,0.7,10,2048,0.7726233832631144,COMPLETE
547,547,-56.0,2022-03-09 10:33:56.531803,2022-03-09 10:34:52.555804,0 days 00:00:56.024001,64,0.2,0.0004103450728751383,0.99,0.95,8.698277232873971e-05,0.7,10,2048,0.7718487495431213,PRUNED
548,548,-42.333333333333336,2022-03-09 10:34:30.056803,2022-03-09 12:11:06.840532,0 days 01:36:36.783729,64,0.2,0.0004235004971508278,0.99,0.95,8.564437630657678e-05,0.7,10,2048,0.9287048355858015,PRUNED
549,549,-48.333333333333336,2022-03-09 10:34:52.557803,2022-03-09 12:11:15.005061,0 days 01:36:22.447258,64,0.2,0.00033119595920108537,0.98,0.99,0.00017339783851135588,0.9,10,512,0.9322940866054106,PRUNED
550,550,-52.333333333333336,2022-03-09 12:11:40.678061,2022-03-09 12:12:38.876061,0 days 00:00:58.198000,64,0.4,0.005401066499863377,0.92,0.995,0.00013007861518037701,0.7,20,2048,0.7416728107159004,PRUNED
551,551,-45.666666666666664,2022-03-09 12:11:40.686059,2022-03-09 12:12:38.609059,0 days 00:00:57.923000,64,0.4,0.004371804857439007,0.92,0.995,0.00014252876780495753,0.7,20,2048,0.7400769987245394,PRUNED
552,552,-50.333333333333336,2022-03-09 12:11:40.693059,2022-03-09 12:12:38.973059,0 days 00:00:58.280000,64,0.4,0.00690728527664626,0.92,0.995,0.0001462216877266346,0.7,20,2048,0.7331770742056668,PRUNED
553,553,-53.0,2022-03-09 12:12:38.611060,2022-03-09 12:13:20.415059,0 days 00:00:41.803999,256,0.4,0.002784456108720841,0.92,0.8,0.00013059372049500464,0.7,10,2048,0.7861271171352148,PRUNED
554,554,-48.0,2022-03-09 12:12:38.878060,2022-03-09 12:13:22.877061,0 days 00:00:43.999001,256,0.4,0.0035748490338186056,0.92,0.99,0.0001455598516467974,0.7,10,2048,0.7940336552741734,PRUNED
555,555,-52.666666666666664,2022-03-09 12:12:38.975060,2022-03-09 12:13:22.621059,0 days 00:00:43.645999,256,0.4,0.002922064214124666,0.92,0.95,0.0007720489826274746,0.7,10,512,0.7876621597800165,PRUNED
556,556,-45.0,2022-03-09 12:13:20.417060,2022-03-09 12:14:15.161597,0 days 00:00:54.744537,64,0.1,0.00361105351088085,0.92,0.95,8.036194022039464e-05,0.7,10,512,0.8046775654155175,PRUNED
557,557,-54.666666666666664,2022-03-09 12:13:22.623061,2022-03-09 12:14:17.843599,0 days 00:00:55.220538,64,0.4,0.003687203306875036,0.92,0.95,7.894952821040386e-05,0.7,10,512,0.8012812076186107,PRUNED
558,558,-48.333333333333336,2022-03-09 12:13:22.879060,2022-03-09 12:14:17.951598,0 days 00:00:55.072538,64,0.4,0.00037120144104292206,0.92,0.95,8.011900854368512e-05,0.7,10,512,0.8220531355752482,PRUNED
559,559,-43.333333333333336,2022-03-09 12:14:15.162597,2022-03-09 12:15:09.904598,0 days 00:00:54.742001,64,0.4,0.0039545925498680745,0.92,0.99,0.00017229927292123726,0.7,1,2048,0.7615963239622036,PRUNED
560,560,-50.333333333333336,2022-03-09 12:14:17.844599,2022-03-09 12:15:13.825598,0 days 00:00:55.980999,64,0.4,0.0059003542362395835,0.92,0.99,0.00016503059532005246,1.0,1,2048,0.7540277620641448,PRUNED
561,561,-55.0,2022-03-09 12:14:17.953598,2022-03-09 12:15:13.499598,0 days 00:00:55.546000,64,0.4,0.0004778772547241548,1.0,0.95,0.0006527972126806467,1.0,10,2048,0.4090602183395659,PRUNED
562,562,-43.333333333333336,2022-03-09 12:15:09.906599,2022-03-09 12:16:07.856624,0 days 00:00:57.950025,64,0.4,0.00048380466695095915,1.0,0.95,6.690036423373744e-05,1.0,10,512,0.97589617871829,PRUNED
563,563,-44.666666666666664,2022-03-09 12:15:13.501598,2022-03-09 12:16:12.036597,0 days 00:00:58.534999,64,0.4,0.005873086427820812,0.99,0.8,0.00012432965811760412,2.0,1,2048,0.7203777515198063,PRUNED
564,564,-44.333333333333336,2022-03-09 12:15:13.827597,2022-03-09 12:16:40.804597,0 days 00:01:26.977000,256,0.4,0.004477385380573986,0.99,0.8,0.00012099823831929114,2.0,20,2048,0.9675874760494481,COMPLETE
565,565,-46.333333333333336,2022-03-09 12:16:07.858605,2022-03-09 12:16:50.755598,0 days 00:00:42.896993,256,0.4,0.00034107522398534176,0.99,0.95,0.00010888865970255939,0.9,10,512,0.8685211295470333,PRUNED
566,566,-47.333333333333336,2022-03-09 12:16:12.038597,2022-03-09 12:16:55.345598,0 days 00:00:43.307001,256,0.2,0.0021988380411373104,0.95,0.95,9.170990601362354e-05,0.9,10,512,0.8874662884150205,PRUNED
567,567,-51.0,2022-03-09 12:16:40.808597,2022-03-09 12:17:38.542632,0 days 00:00:57.734035,64,0.2,0.000267298112702632,0.95,0.95,8.839951048295882e-05,0.9,10,512,0.8884288895745966,PRUNED
568,568,-48.0,2022-03-09 12:16:50.757598,2022-03-09 12:17:48.738597,0 days 00:00:57.980999,64,0.2,0.0002454399096031966,0.8,0.99,9.143895583863056e-05,5.0,20,2048,0.7727650399555701,PRUNED
569,569,-43.666666666666664,2022-03-09 12:16:55.347598,2022-03-09 12:17:54.258597,0 days 00:00:58.910999,64,0.2,0.00021097389827323072,0.8,0.99,0.0001866796469574712,5.0,20,2048,0.373354249270148,PRUNED
570,570,-53.0,2022-03-09 12:17:38.544619,2022-03-09 12:18:35.184598,0 days 00:00:56.639979,64,0.1,0.0077608189100312345,0.8,0.99,0.00019438758411774915,5.0,20,2048,0.7651996939205002,PRUNED
571,571,-48.333333333333336,2022-03-09 12:17:48.740597,2022-03-09 12:18:42.963599,0 days 00:00:54.223002,64,0.1,0.0032668627912119967,0.98,0.95,0.0001927665479509386,0.7,10,64,0.16813528062060495,PRUNED
572,572,-51.0,2022-03-09 12:17:54.260597,2022-03-09 12:18:51.040598,0 days 00:00:56.780001,64,0.1,0.0003902914374567829,0.98,0.95,0.00010214380337467192,0.7,10,64,0.19596544374883745,PRUNED
573,573,-54.333333333333336,2022-03-09 12:18:35.186599,2022-03-09 12:19:31.224597,0 days 00:00:56.037998,64,0.2,0.004902627370237605,0.92,0.9999,0.00015035528708118786,0.7,1,2048,0.9830472919959475,PRUNED
574,574,-56.0,2022-03-09 12:18:42.965598,2022-03-09 12:19:38.170598,0 days 00:00:55.205000,64,0.2,0.006637371088585169,0.92,0.9999,0.0001304576560891828,0.3,1,2048,0.8142052339234205,PRUNED
575,575,-50.0,2022-03-09 12:18:51.042598,2022-03-09 12:19:45.524598,0 days 00:00:54.482000,64,0.2,0.004885473180545946,0.92,0.9999,0.00052639251666314,0.3,1,2048,0.48710535259322585,PRUNED
576,576,-48.333333333333336,2022-03-09 12:19:31.226597,2022-03-09 12:21:17.765597,0 days 00:01:46.539000,128,0.2,0.0016608186869450545,0.92,0.999,0.00015896157775766782,0.3,1,2048,0.9795988325840052,COMPLETE
577,577,-46.666666666666664,2022-03-09 12:19:38.172597,2022-03-09 12:20:24.732597,0 days 00:00:46.560000,128,0.2,0.00539080152259215,0.99,0.999,0.0001111616216503758,1.0,1,2048,0.9554652600317272,PRUNED
578,578,-52.0,2022-03-09 12:19:45.526597,2022-03-09 12:20:32.769597,0 days 00:00:47.243000,128,0.2,0.00041356448220708215,0.99,0.999,0.00011364246259248136,1.0,1,2048,0.8374459022305949,PRUNED
579,579,-45.333333333333336,2022-03-09 12:20:24.734597,2022-03-09 12:21:08.028598,0 days 00:00:43.294001,256,0.4,0.00041434841953193777,0.8,0.99,0.00015988968443115956,2.0,1,2048,0.8431185999366004,PRUNED
580,580,-51.0,2022-03-09 12:20:32.771598,2022-03-09 12:21:16.268597,0 days 00:00:43.496999,256,0.4,0.0004548079418900849,0.8,0.8,0.00016327305455294427,2.0,20,2048,0.3502946187247348,PRUNED
581,581,-52.333333333333336,2022-03-09 12:21:08.030598,2022-03-09 12:21:46.072749,0 days 00:00:38.042151,256,0.2,0.00028593004260596167,1.0,0.95,7.142745231027015e-05,0.9,10,512,0.9117302370963917,PRUNED
582,582,-43.333333333333336,2022-03-09 12:21:16.270597,2022-03-09 12:23:21.301750,0 days 00:02:05.031153,64,0.2,0.00027747902241884024,0.95,0.95,7.239446686851856e-05,0.9,10,256,0.9145079665027019,COMPLETE
583,583,-52.666666666666664,2022-03-09 12:21:17.768597,2022-03-09 12:23:23.294750,0 days 00:02:05.526153,64,0.2,0.0005325655493353691,0.95,0.95,6.406411069818593e-05,0.9,10,256,0.9198458572453768,COMPLETE
584,584,-46.0,2022-03-09 12:21:46.075749,2022-03-09 12:22:41.405749,0 days 00:00:55.330000,64,0.2,0.0005280435274311468,0.95,0.95,0.0002530642361535643,0.7,10,256,0.9381190129119793,PRUNED
585,585,-44.333333333333336,2022-03-09 12:22:41.407749,2022-03-09 12:23:35.771749,0 days 00:00:54.364000,64,0.2,0.000729673048723401,0.95,0.95,0.00047265526707115365,0.5,10,512,0.9262027736451326,PRUNED
586,586,-45.0,2022-03-09 12:23:21.303749,2022-03-09 12:24:19.335767,0 days 00:00:58.032018,64,0.2,0.00038222453640313666,0.95,0.95,0.00010071943958062109,0.5,10,512,0.9455002841726827,PRUNED
587,587,-49.333333333333336,2022-03-09 12:23:23.296750,2022-03-09 12:24:22.324749,0 days 00:00:59.027999,64,0.4,0.00033754437395866097,0.99,0.995,0.00046528390525876247,0.5,10,512,0.9407367762089913,PRUNED
588,588,-42.333333333333336,2022-03-09 12:23:35.773749,2022-03-09 12:24:34.521751,0 days 00:00:58.748002,64,0.4,0.00037008030695180784,0.99,0.995,9.895949323178232e-05,0.7,10,512,0.9441951431863591,PRUNED
589,589,-52.666666666666664,2022-03-09 12:24:19.338750,2022-03-09 12:25:18.335750,0 days 00:00:58.997000,64,0.4,0.00010014034305531812,0.99,0.995,0.0008364279043967667,0.7,5,64,0.8757081092715253,PRUNED
590,590,-53.666666666666664,2022-03-09 12:24:22.326749,2022-03-09 12:25:20.401754,0 days 00:00:58.075005,256,0.1,0.0003666130914045378,0.92,0.8,0.00021798091650407958,0.7,1,64,0.8936151455068688,PRUNED
591,591,-40.333333333333336,2022-03-09 12:24:34.523749,2022-03-09 12:25:11.820749,0 days 00:00:37.297000,256,0.1,0.00020399461625122988,0.92,0.99,0.0001396559940256046,5.0,20,2048,0.8133205821478214,PRUNED
592,592,-41.666666666666664,2022-03-09 12:25:11.821749,2022-03-09 12:26:06.835750,0 days 00:00:55.014001,64,0.2,0.0024644711745522765,1.0,0.8,0.0002092196434678225,1.0,5,64,0.8660755778047633,PRUNED
593,593,-48.333333333333336,2022-03-09 12:25:18.336751,2022-03-09 12:26:13.470749,0 days 00:00:55.133998,64,0.2,0.00044359676960247586,1.0,0.8,0.000383829081997699,1.0,1,64,0.8978802810364949,PRUNED
594,594,-53.333333333333336,2022-03-09 12:25:20.403751,2022-03-09 12:26:15.629804,0 days 00:00:55.226053,64,0.2,0.00043224881874555127,0.92,0.95,8.396115752343905e-05,1.0,1,512,0.8603402276098536,PRUNED
595,595,-47.0,2022-03-09 12:26:06.837749,2022-03-09 12:27:19.799749,0 days 00:01:12.962000,64,0.2,0.0004418503479309987,0.92,0.95,0.00037636417853929686,2.0,1,512,0.9645279215907943,COMPLETE
596,596,-52.333333333333336,2022-03-09 12:26:13.473749,2022-03-09 12:26:59.467749,0 days 00:00:45.994000,64,0.2,0.0002245803188001701,0.8,0.99,0.00013053432850899306,5.0,20,2048,0.5576534502710615,PRUNED
597,597,-53.0,2022-03-09 12:26:15.631803,2022-03-09 12:26:51.355750,0 days 00:00:35.723947,256,0.2,0.0002293813141525453,0.8,0.99,0.00012344335412113892,5.0,20,2048,0.6256288449756751,PRUNED
