,number,value,datetime_start,datetime_complete,duration,params_batch_size,params_clip_range,params_ent_coef,params_gae_lambda,params_gamma,params_learning_rate,params_max_grad_norm,params_n_epochs,params_n_steps,params_vf_coef,state
875,875,-1.3333333333333333,2022-03-07 09:43:27.719757,2022-03-07 09:43:48.105097,0 days 00:00:20.385340,256,0.1,0.0001926105643566144,0.8,0.99,2.964174784838263e-05,0.7,5,256,0.33843262779891775,PRUNED
876,876,8.0,2022-03-07 09:43:48.105097,2022-03-07 09:44:28.535988,0 days 00:00:40.430891,64,0.4,0.00037920574926715345,0.9,0.999,1.879590957902833e-05,0.3,20,64,0.4410997445232154,PRUNED
877,877,3.0,2022-03-07 09:44:28.535988,2022-03-07 09:45:05.523846,0 days 00:00:36.987858,32,0.1,0.0005612128535378035,0.92,0.99,2.4721033369861313e-05,1.0,10,1024,0.5649849720434721,PRUNED
878,878,5.0,2022-03-07 09:45:05.523846,2022-03-07 09:45:24.379433,0 days 00:00:18.855587,512,0.1,0.00030155941693676464,0.95,0.995,0.0007346461853209633,0.7,1,256,0.8783011445460134,PRUNED
879,879,4.0,2022-03-07 09:45:24.379433,2022-03-07 09:45:47.835687,0 days 00:00:23.456254,128,0.2,0.001442554212199966,0.99,0.99,0.0005382637736235568,0.3,10,2048,0.28468803281657135,PRUNED
880,880,14.333333333333334,2022-03-07 09:45:47.835687,2022-03-07 09:46:16.703266,0 days 00:00:28.867579,32,0.4,0.0005132553949882213,0.95,0.999,0.00042224664705363076,5.0,5,256,0.06472654728956591,PRUNED
881,881,12.333333333333334,2022-03-07 09:46:16.703266,2022-03-07 09:47:12.248156,0 days 00:00:55.544890,32,0.1,0.00010006839102884463,0.8,0.99,0.0002948193445290103,0.7,20,1024,0.15441347541098283,PRUNED
882,882,-5.0,2022-03-07 09:47:12.248156,2022-03-07 09:47:50.858454,0 days 00:00:38.610298,32,0.1,0.00046288386922210063,0.99,0.995,1.4230089440865063e-05,0.9,10,256,0.2318643641974214,PRUNED
883,883,8.333333333333334,2022-03-07 09:47:55.249081,2022-03-07 09:48:18.797227,0 days 00:00:23.548146,128,0.2,0.0003680923719793263,0.95,0.99,6.72691509414784e-05,1.0,10,2048,0.19096598337097703,PRUNED
884,884,9.0,2022-03-07 09:48:18.797227,2022-03-07 09:48:47.603751,0 days 00:00:28.806524,32,0.4,0.0004065219769355161,0.92,0.9,0.00026696065003142133,0.3,5,64,0.16589235637483457,PRUNED
885,885,-3.6666666666666665,2022-03-07 09:48:47.603751,2022-03-07 09:49:13.156048,0 days 00:00:25.552297,256,0.1,0.00024227232154453357,0.99,0.999,2.2677791329067005e-05,0.7,20,512,0.6283220367175496,PRUNED
886,886,0.6666666666666666,2022-03-07 09:49:13.156048,2022-03-07 09:49:51.745883,0 days 00:00:38.589835,32,0.1,0.008349989434944555,0.98,0.99,0.00012716125699537283,5.0,10,256,0.7465304399177193,PRUNED
887,887,-1.3333333333333333,2022-03-07 09:49:51.745883,2022-03-07 09:50:11.229365,0 days 00:00:19.483482,64,0.3,0.00028346420620586145,0.9,0.995,0.00018742120246833857,0.3,1,1024,0.11508448872986879,PRUNED
888,888,3.3333333333333335,2022-03-07 09:50:11.229365,2022-03-07 09:50:30.545618,0 days 00:00:19.316253,512,0.4,0.0065576158895770285,0.95,0.99,0.00014587376251109626,0.7,5,2048,0.2662452914522887,PRUNED
889,889,0.0,2022-03-07 09:50:30.545618,2022-03-07 09:51:29.289652,0 days 00:00:58.744034,32,0.2,0.0005895744182022288,0.8,0.999,4.651242005067408e-05,1.0,20,128,0.31129823305389714,PRUNED
890,890,4.333333333333333,2022-03-07 09:51:29.289652,2022-03-07 09:51:53.933275,0 days 00:00:24.643623,128,0.1,0.00034043277140396696,0.99,0.9999,0.0002452865250144591,0.3,10,256,0.2064966382342445,PRUNED
891,891,2.3333333333333335,2022-03-07 09:51:53.933275,2022-03-07 09:52:32.379510,0 days 00:00:38.446235,32,0.1,0.00047589523525341234,0.95,0.99,5.651750446717575e-05,5.0,10,256,0.22545450483178808,PRUNED
892,892,5.0,2022-03-07 09:52:32.379510,2022-03-07 09:52:59.961819,0 days 00:00:27.582309,32,0.4,0.0005296056926988447,0.92,0.995,0.0003482427101975368,0.7,5,1024,0.13400384080632716,PRUNED
893,893,16.666666666666668,2022-03-07 09:53:04.406660,2022-03-07 09:53:56.039396,0 days 00:00:51.632736,32,0.2,0.0004227707820689034,0.95,0.99,0.0003732310053177957,0.9,20,2048,0.702176867928744,PRUNED
894,894,11.666666666666666,2022-03-07 09:53:56.039396,2022-03-07 09:54:18.261008,0 days 00:00:22.221612,256,0.1,0.002892499335155749,0.99,0.999,0.0001574700487628819,0.3,10,256,0.7998732329093254,PRUNED
895,895,-1.0,2022-03-07 09:54:18.261008,2022-03-07 09:54:38.069161,0 days 00:00:19.808153,128,0.1,0.0006689224561235857,0.8,0.995,0.00020287440645958135,1.0,1,64,0.03476795922760856,PRUNED
896,896,0.6666666666666666,2022-03-07 09:54:38.069161,2022-03-07 09:55:16.718432,0 days 00:00:38.649271,32,0.4,0.0038424892670336996,0.95,0.99,1.968901939745509e-05,0.7,10,256,0.46958109795617403,PRUNED
897,897,1.3333333333333333,2022-03-07 09:55:16.718432,2022-03-07 09:55:40.136570,0 days 00:00:23.418138,64,0.1,0.0003002833971762555,0.9,0.999,0.000815307121562204,5.0,5,1024,0.3958796597151325,PRUNED
898,898,-1.3333333333333333,2022-03-07 09:55:40.136570,2022-03-07 09:56:02.622711,0 days 00:00:22.486141,512,0.2,0.0003849866261114978,0.99,0.99,0.00013843554242800167,0.3,20,2048,0.1798325637719568,PRUNED
899,899,16.333333333333332,2022-03-07 09:56:02.622711,2022-03-07 09:56:41.164756,0 days 00:00:38.542045,32,0.3,0.0016176983794827999,1.0,0.9,2.7787433037286226e-05,0.7,10,256,0.36937685486417343,PRUNED
900,900,6.333333333333333,2022-03-07 09:56:41.164756,2022-03-07 09:57:07.940482,0 days 00:00:26.775726,32,0.1,0.0004506213630026673,0.95,0.995,4.3452227715696834e-05,1.0,5,2048,0.08702598019164919,PRUNED
901,901,-1.0,2022-03-07 09:57:07.940482,2022-03-07 09:57:46.619354,0 days 00:00:38.678872,32,0.4,0.00017885232726689407,0.92,0.99,1.235102741395e-05,0.9,10,256,0.6587238045037186,PRUNED
902,902,0.6666666666666666,2022-03-07 09:57:46.619354,2022-03-07 09:58:16.184656,0 days 00:00:29.565302,128,0.1,0.0003243068664304617,0.8,0.999,1.6316441024934143e-05,0.7,20,1024,0.2548833096950329,PRUNED
903,903,13.333333333333334,2022-03-07 09:58:20.536454,2022-03-07 09:58:59.434954,0 days 00:00:38.898500,32,0.2,0.0005729579627549362,0.99,0.99,0.00010992634346200874,0.3,10,128,0.21413252458463133,PRUNED
904,904,10.0,2022-03-07 09:58:59.434954,2022-03-07 09:59:40.569847,0 days 00:00:41.134893,256,0.1,0.0002705504737735987,0.95,0.995,0.0006179685752070974,5.0,5,256,0.14975995120878233,COMPLETE
905,905,5.333333333333333,2022-03-07 09:59:40.569847,2022-03-07 10:00:01.019537,0 days 00:00:20.449690,256,0.4,0.0002538437285767919,0.95,0.995,0.0005121942620946042,5.0,5,256,0.14583226153928347,PRUNED
906,906,3.0,2022-03-07 10:00:01.019537,2022-03-07 10:00:20.983490,0 days 00:00:19.963953,256,0.1,0.0002857045786625012,0.95,0.995,0.0006857359182379964,5.0,5,2048,0.11332588185262786,PRUNED
907,907,15.0,2022-03-07 10:00:20.983490,2022-03-07 10:00:45.190844,0 days 00:00:24.207354,256,0.1,0.0002706318558111799,0.95,0.995,0.0006586219491534099,5.0,5,64,0.13164698690284,PRUNED
908,908,4.666666666666667,2022-03-07 10:00:45.206469,2022-03-07 10:01:05.311717,0 days 00:00:20.105248,256,0.2,0.0003001566365593844,0.95,0.995,0.0005813732710665988,5.0,5,1024,0.1528603229427794,PRUNED
909,909,10.333333333333334,2022-03-07 10:01:05.311717,2022-03-07 10:01:25.917869,0 days 00:00:20.606152,256,0.4,0.00024433138993085017,0.95,0.995,0.0007824655923665719,5.0,5,256,0.15863908216659736,PRUNED
910,910,4.666666666666667,2022-03-07 10:01:25.917869,2022-03-07 10:01:45.936102,0 days 00:00:20.018233,256,0.1,0.00021424886283883713,0.95,0.995,0.00047819103523521453,5.0,5,2048,0.1316117863102943,PRUNED
911,911,4.0,2022-03-07 10:01:45.936102,2022-03-07 10:02:06.371601,0 days 00:00:20.435499,256,0.1,0.00027625438212029084,0.95,0.995,0.000904264636715331,5.0,5,256,0.1492128535959379,PRUNED
912,912,2.3333333333333335,2022-03-07 10:02:06.371601,2022-03-07 10:02:26.600213,0 days 00:00:20.228612,256,0.2,0.0003362908125834844,0.95,0.995,0.0007770846623192677,5.0,5,1024,0.110797682347749,PRUNED
913,913,7.333333333333333,2022-03-07 10:02:31.013691,2022-03-07 10:02:51.386385,0 days 00:00:20.372694,256,0.3,0.0003264342558421343,0.95,0.995,0.0005863009095970125,5.0,5,512,0.17521515730311632,PRUNED
914,914,12.0,2022-03-07 10:02:51.386385,2022-03-07 10:03:11.866119,0 days 00:00:20.479734,256,0.4,0.00026732215176490215,0.95,0.995,0.0005352107437628079,5.0,5,256,0.16591066971749435,PRUNED
915,915,6.0,2022-03-07 10:03:11.866119,2022-03-07 10:03:31.875148,0 days 00:00:20.009029,256,0.1,0.0001479652674727875,0.95,0.995,0.0009200542090606878,5.0,5,2048,0.10045512380561925,PRUNED
916,916,8.0,2022-03-07 10:03:31.875148,2022-03-07 10:03:52.317886,0 days 00:00:20.442738,256,0.1,0.00030164046952702923,0.95,0.995,0.0006047973257451947,5.0,5,256,0.06939325987168932,PRUNED
917,917,7.666666666666667,2022-03-07 10:03:52.317886,2022-03-07 10:04:16.486652,0 days 00:00:24.168766,256,0.4,0.0002234510041586227,0.95,0.995,0.0006298619408068231,5.0,5,64,0.5837725785523911,PRUNED
918,918,8.0,2022-03-07 10:04:16.486652,2022-03-07 10:04:38.223397,0 days 00:00:21.736745,256,0.2,0.00035535160839479787,0.95,0.995,0.000680334859537598,5.0,5,128,0.8238641248384384,PRUNED
919,919,13.666666666666666,2022-03-07 10:04:38.223397,2022-03-07 10:04:58.435984,0 days 00:00:20.212587,256,0.1,0.0003097365506211847,0.95,0.995,0.00045934629782049647,0.7,5,1024,0.132954211129312,PRUNED
920,920,5.0,2022-03-07 10:04:58.435984,2022-03-07 10:05:18.073698,0 days 00:00:19.637714,64,0.1,0.00025893422905189296,0.99,0.999,0.0008474949381516345,5.0,1,256,0.7702003026838725,PRUNED
921,921,5.333333333333333,2022-03-07 10:05:18.073698,2022-03-07 10:05:40.817994,0 days 00:00:22.744296,512,0.4,0.00035699940236527526,0.95,0.995,0.000437832291163499,0.5,20,2048,0.5394479241714808,PRUNED
922,922,3.6666666666666665,2022-03-07 10:05:40.817994,2022-03-07 10:06:02.457750,0 days 00:00:21.639756,128,0.1,0.0003635463662968219,0.9,0.999,0.0006256143703709637,0.3,5,256,0.8944465610522545,PRUNED
923,923,5.666666666666667,2022-03-07 10:06:06.927744,2022-03-07 10:06:27.093946,0 days 00:00:20.166202,256,0.2,0.00030218740018234124,0.92,0.995,0.0007235446645682831,0.7,5,1024,0.7274528799420727,PRUNED
924,924,8.0,2022-03-07 10:06:27.093946,2022-03-07 10:06:57.969443,0 days 00:00:30.875497,128,0.1,0.00012533347811032375,0.99,0.999,0.00041176843976969485,0.3,20,256,0.1737117001358756,PRUNED
925,925,2.3333333333333335,2022-03-07 10:06:57.969443,2022-03-07 10:07:20.859333,0 days 00:00:22.889890,64,0.4,0.0018792309710536925,0.95,0.9999,4.929032580346422e-05,5.0,5,2048,0.09629075795832825,PRUNED
926,926,10.333333333333334,2022-03-07 10:07:20.859333,2022-03-07 10:08:41.591716,0 days 00:01:20.732383,512,0.1,0.00016225469617965296,0.95,0.995,0.000499372605226842,0.9,20,64,0.8641193807342336,COMPLETE
927,927,2.0,2022-03-07 10:08:41.591716,2022-03-07 10:09:04.735930,0 days 00:00:23.144214,512,0.1,0.00018359701715761924,0.95,0.995,0.0005601416721407699,0.9,20,1024,0.8793489453848256,PRUNED
928,928,17.666666666666668,2022-03-07 10:09:04.735930,2022-03-07 10:09:45.090149,0 days 00:00:40.354219,512,0.1,0.00014189046125504274,0.95,0.995,0.0006762801836546725,0.9,20,64,0.8479161025896585,PRUNED
929,929,2.3333333333333335,2022-03-07 10:09:45.090149,2022-03-07 10:10:25.313827,0 days 00:00:40.223678,512,0.1,0.00017513355079986864,0.95,0.995,0.0005382494580122646,0.9,20,64,0.884220582396128,PRUNED
930,930,9.666666666666666,2022-03-07 10:10:25.313827,2022-03-07 10:11:05.698568,0 days 00:00:40.384741,256,0.1,0.00013697051955335022,0.95,0.995,0.00046515559953217166,0.9,20,64,0.8909115614872604,PRUNED
931,931,6.666666666666667,2022-03-07 10:11:05.698568,2022-03-07 10:11:46.084805,0 days 00:00:40.386237,512,0.1,0.0025626116734262755,0.95,0.995,0.00045401159919032706,0.9,20,64,0.8604951794555354,PRUNED
932,932,0.3333333333333333,2022-03-07 10:11:46.084805,2022-03-07 10:12:26.375331,0 days 00:00:40.290526,512,0.1,0.00020067828871540093,0.95,0.995,0.0005078918651215505,0.9,20,64,0.8841009384476697,PRUNED
933,933,7.333333333333333,2022-03-07 10:12:31.022691,2022-03-07 10:13:11.671861,0 days 00:00:40.649170,512,0.1,0.0001657480650548013,0.95,0.995,0.0005085767868024696,0.9,20,64,0.9263920417750923,PRUNED
934,934,-2.6666666666666665,2022-03-07 10:13:11.687487,2022-03-07 10:13:34.328785,0 days 00:00:22.641298,512,0.1,0.00011680789093949906,0.95,0.995,0.0004845991050616469,0.9,20,2048,0.8207959743834622,PRUNED
935,935,10.0,2022-03-07 10:13:34.328785,2022-03-07 10:14:14.650556,0 days 00:00:40.321771,512,0.1,0.0022451584851552494,0.95,0.995,0.0004121641739774963,0.9,20,64,0.8547417508581052,PRUNED
936,936,3.3333333333333335,2022-03-07 10:14:14.650556,2022-03-07 10:14:55.066825,0 days 00:00:40.416269,512,0.1,0.00015418938993358057,0.95,0.995,0.0004838184293886277,0.9,20,64,0.1866108449698886,PRUNED
937,937,14.333333333333334,2022-03-07 10:14:55.066825,2022-03-07 10:15:35.374312,0 days 00:00:40.307487,512,0.1,0.00021813823870195026,0.95,0.995,0.0005598419116085368,0.9,20,64,0.8130489098253585,PRUNED
938,938,10.666666666666666,2022-03-07 10:15:35.374312,2022-03-07 10:16:15.648353,0 days 00:00:40.274041,512,0.1,0.00010324571980742587,0.95,0.995,0.00040027446931165345,0.9,20,64,0.8422574268798146,PRUNED
939,939,11.666666666666666,2022-03-07 10:16:15.648353,2022-03-07 10:16:56.548237,0 days 00:00:40.899884,512,0.1,0.0001624945716049008,0.95,0.995,0.00047702803317131905,0.9,20,64,0.9092063798860942,PRUNED
940,940,6.333333333333333,2022-03-07 10:16:56.548237,2022-03-07 10:17:36.886490,0 days 00:00:40.338253,512,0.1,0.00011021110295335594,0.95,0.9,0.0004277031713786641,0.9,20,64,0.867683519743168,PRUNED
941,941,-2.0,2022-03-07 10:17:36.902115,2022-03-07 10:18:17.349190,0 days 00:00:40.447075,512,0.1,0.00012864909728690208,0.98,0.995,0.0005359093697840385,0.7,20,64,0.8569743105521939,PRUNED
942,942,8.666666666666666,2022-03-07 10:18:17.349190,2022-03-07 10:19:37.817967,0 days 00:01:20.468777,512,0.1,0.0015279338176244937,0.95,0.995,0.00042044976858425157,0.3,20,64,0.8255384422417699,COMPLETE
943,943,11.666666666666666,2022-03-07 10:19:42.528656,2022-03-07 10:20:02.538229,0 days 00:00:20.009573,512,0.3,0.00019860045604940161,0.95,0.995,0.0003860303879835892,0.3,1,64,0.8566968331806296,PRUNED
944,944,-4.333333333333333,2022-03-07 10:20:02.538229,2022-03-07 10:20:42.918927,0 days 00:00:40.380698,128,0.1,0.0013734598596210719,0.95,0.995,0.00041762099363114324,0.7,20,64,0.8762343599364341,PRUNED
945,945,9.333333333333334,2022-03-07 10:20:42.918927,2022-03-07 10:21:23.493536,0 days 00:00:40.574609,512,0.2,0.0018252116135381129,0.95,0.995,0.00044031239347463265,0.3,20,64,0.8338225255777126,PRUNED
946,946,12.666666666666666,2022-03-07 10:21:23.493536,2022-03-07 10:22:44.499216,0 days 00:01:21.005680,512,0.1,0.0015521780979820463,0.95,0.995,0.0003845587478267618,0.3,20,64,0.8099521682918963,COMPLETE
947,947,6.333333333333333,2022-03-07 10:22:44.499216,2022-03-07 10:23:25.132776,0 days 00:00:40.633560,512,0.1,0.0015597152892740606,0.95,0.995,0.0003689122623816266,0.3,20,64,0.6032559856464618,PRUNED
948,948,13.0,2022-03-07 10:23:25.132776,2022-03-07 10:24:05.609124,0 days 00:00:40.476348,512,0.1,0.001487438714725905,0.95,0.995,0.0003875924309388286,0.3,20,64,0.8068991637261437,PRUNED
949,949,8.666666666666666,2022-03-07 10:24:05.609124,2022-03-07 10:24:45.933427,0 days 00:00:40.324303,512,0.2,0.0016713545066961916,0.95,0.995,0.0003375826898307873,0.3,20,64,0.829964007891517,PRUNED
950,950,11.0,2022-03-07 10:24:45.933427,2022-03-07 10:25:26.346097,0 days 00:00:40.412670,512,0.1,0.001429508429997692,0.95,0.995,0.00043055770304102983,0.3,20,64,0.8163014885151996,PRUNED
951,951,15.666666666666666,2022-03-07 10:25:26.346097,2022-03-07 10:26:06.789685,0 days 00:00:40.443588,512,0.1,0.0015385834356353286,0.95,0.995,0.00040873460996115673,0.3,20,64,0.8233361201598339,PRUNED
952,952,14.0,2022-03-07 10:26:06.789685,2022-03-07 10:26:47.032978,0 days 00:00:40.243293,512,0.1,0.001672882289286172,0.95,0.995,0.00035849260641204273,0.3,20,64,0.8423078022899544,PRUNED
953,953,7.333333333333333,2022-03-07 10:26:51.883652,2022-03-07 10:27:32.565766,0 days 00:00:40.682114,512,0.2,0.0015725457088544663,0.95,0.995,0.0003945611780540391,0.3,20,64,0.8388658467224954,PRUNED
954,954,11.0,2022-03-07 10:27:32.565766,2022-03-07 10:28:12.917134,0 days 00:00:40.351368,512,0.1,0.0018131234750125374,0.95,0.995,0.00046024915023136666,0.3,20,64,0.8331054118840521,PRUNED
955,955,12.333333333333334,2022-03-07 10:28:12.917134,2022-03-07 10:28:53.424786,0 days 00:00:40.507652,512,0.3,0.0013856911747126123,0.95,0.995,0.0004461875340587371,0.3,20,64,0.8465991433176782,PRUNED
956,956,15.333333333333334,2022-03-07 10:28:53.424786,2022-03-07 10:29:33.871884,0 days 00:00:40.447098,512,0.1,0.001757152453242225,0.95,0.995,0.0003616989478387568,0.3,20,64,0.8647222758673839,PRUNED
957,957,2.0,2022-03-07 10:29:33.871884,2022-03-07 10:30:14.271639,0 days 00:00:40.399755,512,0.2,0.001670433429296162,0.95,0.995,0.0005108627094323183,0.3,20,64,0.8584801347973945,PRUNED
958,958,14.0,2022-03-07 10:30:14.271639,2022-03-07 10:30:54.504758,0 days 00:00:40.233119,512,0.1,0.0019630631482107407,0.95,0.995,0.000326568897087351,0.3,20,64,0.860155785521131,PRUNED
959,959,6.666666666666667,2022-03-07 10:30:54.504758,2022-03-07 10:31:35.153550,0 days 00:00:40.648792,512,0.1,0.0014902319874394365,0.95,0.995,0.00037483667288126804,5.0,20,64,0.8112124793082632,PRUNED
960,960,2.0,2022-03-07 10:31:35.153550,2022-03-07 10:32:15.363645,0 days 00:00:40.210095,512,0.1,0.0013161528125806906,0.95,0.995,0.0004944287411579828,0.3,20,64,0.8306034458942663,PRUNED
961,961,11.0,2022-03-07 10:32:15.363645,2022-03-07 10:32:55.810075,0 days 00:00:40.446430,64,0.2,0.0017680064857056744,0.95,0.995,0.00046207977114307426,0.9,20,64,0.8701156170853099,PRUNED
962,962,8.0,2022-03-07 10:32:55.810075,2022-03-07 10:33:36.505304,0 days 00:00:40.695229,256,0.1,0.001626140990596113,0.95,0.995,0.00042154568125196766,0.3,20,64,0.8215730328657512,PRUNED
963,963,6.0,2022-03-07 10:33:41.355312,2022-03-07 10:34:01.649379,0 days 00:00:20.294067,512,0.1,0.0018586302539313484,0.95,0.995,0.00032930698088223207,5.0,1,64,0.8459631568943575,PRUNED
964,964,5.0,2022-03-07 10:34:01.649379,2022-03-07 10:34:41.939637,0 days 00:00:40.290258,256,0.2,0.0015104308355696659,0.95,0.995,0.000381168700394073,0.3,20,64,0.8929677093829499,PRUNED
965,965,1.0,2022-03-07 10:34:41.955255,2022-03-07 10:35:22.495686,0 days 00:00:40.540431,512,0.1,0.002054142540126944,0.95,0.995,0.0005640960898975274,0.9,20,64,0.8791188849136375,PRUNED
966,966,13.666666666666666,2022-03-07 10:35:22.495686,2022-03-07 10:35:42.461817,0 days 00:00:19.966131,64,0.1,0.0008365531687459186,0.95,0.995,0.0004232646162158117,5.0,1,64,0.7946418160594209,PRUNED
967,967,-2.3333333333333335,2022-03-07 10:35:42.461817,2022-03-07 10:36:22.814319,0 days 00:00:40.352502,512,0.3,0.0012695119751418805,0.95,0.995,1.0785084975340015e-05,0.3,20,64,0.9058563772152718,PRUNED
968,968,16.333333333333332,2022-03-07 10:36:22.814319,2022-03-07 10:37:03.223345,0 days 00:00:40.409026,256,0.2,0.0015298681214294238,0.95,0.995,0.000606475438172465,0.5,20,64,0.8039576076730683,PRUNED
969,969,5.0,2022-03-07 10:37:03.223345,2022-03-07 10:37:43.705899,0 days 00:00:40.482554,64,0.1,0.0013607855707641254,0.95,0.995,0.0003626208168078926,0.3,20,64,0.8314983906026526,PRUNED
970,970,-4.0,2022-03-07 10:37:43.705899,2022-03-07 10:38:03.546058,0 days 00:00:19.840159,512,0.1,0.0016771087290611464,0.95,0.995,0.0003949351681033043,5.0,1,64,0.8565155506691597,PRUNED
971,971,1.6666666666666667,2022-03-07 10:38:03.546058,2022-03-07 10:38:43.911832,0 days 00:00:40.365774,256,0.1,0.0018198480791721955,0.92,0.995,0.00048762457450374984,0.9,20,64,0.1584043570521023,PRUNED
972,972,7.666666666666667,2022-03-07 10:38:43.911832,2022-03-07 10:39:23.953048,0 days 00:00:40.041216,512,0.2,0.0014391043128734393,0.95,0.999,0.0004483440746713181,0.3,20,64,0.1899605622009272,PRUNED
973,973,5.666666666666667,2022-03-07 10:39:28.756410,2022-03-07 10:40:09.344736,0 days 00:00:40.588326,64,0.1,0.001420749355224284,0.95,0.995,0.0005184046093214365,5.0,20,64,0.555776672703129,PRUNED
974,974,3.6666666666666665,2022-03-07 10:40:09.344736,2022-03-07 10:40:28.107787,0 days 00:00:18.763051,256,0.1,0.001629908551968692,0.95,0.995,0.0003514910318275759,0.3,1,2048,0.16717899429546884,PRUNED
975,975,5.0,2022-03-07 10:40:28.107787,2022-03-07 10:40:58.789090,0 days 00:00:30.681303,512,0.2,0.0019041678694736261,0.92,0.999,0.0003989009328016063,2.0,20,128,0.8749302855729585,PRUNED
976,976,2.3333333333333335,2022-03-07 10:40:58.789090,2022-03-07 10:41:24.139794,0 days 00:00:25.350704,256,0.1,0.0020185598083554577,0.95,0.995,0.0003193243053175448,0.9,20,1024,0.20094676935434955,PRUNED
977,977,-639.3333333333334,2022-03-07 10:41:24.139794,2022-03-07 10:42:07.965069,0 days 00:00:43.825275,64,0.3,0.00015054038517254743,1.0,0.9,0.00043646413843677427,0.3,20,64,0.5200805766383633,PRUNED
978,978,6.333333333333333,2022-03-07 10:42:07.980695,2022-03-07 10:42:28.099496,0 days 00:00:20.118801,32,0.1,0.0012937472281861592,0.95,0.999,0.00012850156580811908,5.0,1,2048,0.19837869811438055,PRUNED
979,979,3.0,2022-03-07 10:42:28.099496,2022-03-07 10:42:51.187453,0 days 00:00:23.087957,512,0.1,0.0021351277192223515,0.95,0.995,0.0003081312653407361,0.3,20,1024,0.14860891944513388,PRUNED
980,980,9.666666666666666,2022-03-07 10:42:51.187453,2022-03-07 10:43:48.778682,0 days 00:00:57.591229,32,0.2,0.001206019110181633,0.95,0.995,0.0001581744026505188,5.0,20,512,0.6176296317927008,PRUNED
981,981,0.0,2022-03-07 10:43:48.778682,2022-03-07 10:44:09.588515,0 days 00:00:20.809833,32,0.1,0.001614874461586229,0.92,0.999,0.00046107118620125647,0.9,1,64,0.1681288770910243,PRUNED
982,982,3.0,2022-03-07 10:44:09.588515,2022-03-07 10:44:34.388162,0 days 00:00:24.799647,256,0.1,0.00023527858100251864,0.95,0.995,0.0006019656383655379,0.3,20,2048,0.8093250278879601,PRUNED
983,983,3.6666666666666665,2022-03-07 10:44:39.190713,2022-03-07 10:45:02.458108,0 days 00:00:23.267395,512,0.2,0.0017651298361210724,0.95,0.999,0.00014503784910697631,0.3,20,1024,0.8511650181106951,PRUNED
984,984,-2.0,2022-03-07 10:45:02.458108,2022-03-07 10:46:01.531923,0 days 00:00:59.073815,32,0.1,0.0009424406929860726,0.95,0.995,0.0003687646338067569,5.0,20,64,0.18479528494974445,PRUNED
