,number,value,datetime_start,datetime_complete,duration,params_batch_size,params_clip_range,params_ent_coef,params_gae_lambda,params_gamma,params_learning_rate,params_max_grad_norm,params_n_epochs,params_n_steps,params_vf_coef,state
1093,1093,4.0,2022-03-07 11:45:31.096837,2022-03-07 11:45:51.489763,0 days 00:00:20.392926,256,0.1,0.0021545208872936557,0.95,0.99,0.0001040871191633526,5.0,5,256,0.12455817135038882,PRUNED
1094,1094,7.333333333333333,2022-03-07 11:45:51.489763,2022-03-07 11:46:28.476897,0 days 00:00:36.987134,32,0.2,0.0018345627749030522,0.92,0.995,0.0005185245485394341,0.3,10,1024,0.25539882285099114,PRUNED
1095,1095,6.0,2022-03-07 11:46:28.476897,2022-03-07 11:47:50.698767,0 days 00:01:22.221870,64,0.4,0.001493338031673325,0.95,0.99,0.00014175368329099667,0.7,20,2048,0.1916744474738529,COMPLETE
1096,1096,4.0,2022-03-07 11:47:50.698767,2022-03-07 11:48:11.358334,0 days 00:00:20.659567,32,0.1,0.00026926371893138936,0.99,0.999,0.0004516217464398226,5.0,1,64,0.30942330595271017,PRUNED
1097,1097,6.0,2022-03-07 11:48:11.358334,2022-03-07 11:48:31.652548,0 days 00:00:20.294214,512,0.1,0.0005072280182260079,0.8,0.995,4.332978367119504e-05,0.3,5,256,0.215515276530468,PRUNED
1098,1098,10.666666666666666,2022-03-07 11:48:31.652548,2022-03-07 11:48:54.931540,0 days 00:00:23.278992,128,0.2,0.0003365408126295998,1.0,0.9,0.00038330562161269303,0.7,10,2048,0.5579306540473729,PRUNED
1099,1099,4.666666666666667,2022-03-07 11:48:54.931540,2022-03-07 11:49:50.188897,0 days 00:00:55.257357,32,0.4,0.00043304551592763266,0.95,0.99,0.00034751808681696616,0.9,20,1024,0.8313968409801822,PRUNED
1100,1100,6.0,2022-03-07 11:49:50.188897,2022-03-07 11:50:28.871947,0 days 00:00:38.683050,32,0.1,0.0005717643261045919,0.95,0.995,0.00016732232947746955,2.0,10,128,0.09673763063082666,PRUNED
1101,1101,6.333333333333333,2022-03-07 11:50:28.871947,2022-03-07 11:50:49.277479,0 days 00:00:20.405532,256,0.1,0.00017358177782256546,0.99,0.999,0.00012230101257062052,0.3,5,256,0.04837421809398186,PRUNED
1102,1102,3.0,2022-03-07 11:50:49.277479,2022-03-07 11:51:29.600438,0 days 00:00:40.322959,512,0.1,0.0013257458838518883,0.92,0.99,0.00021596139002600886,0.7,20,64,0.23421473391829567,PRUNED
1103,1103,-1.3333333333333333,2022-03-07 11:51:34.889579,2022-03-07 11:52:13.414515,0 days 00:00:38.524936,32,0.2,0.0006881291075427635,0.95,0.995,0.00015271272126776434,5.0,10,256,0.07773424150340247,PRUNED
1104,1104,6.0,2022-03-07 11:52:13.414515,2022-03-07 11:52:32.708054,0 days 00:00:19.293539,64,0.3,0.0007580810663093924,0.95,0.999,0.0006496268805254178,0.3,1,2048,0.15815930110258142,PRUNED
1105,1105,8.333333333333334,2022-03-07 11:52:32.708054,2022-03-07 11:53:27.967929,0 days 00:00:55.259875,32,0.4,0.0016004925085562215,0.99,0.995,0.0004284887432314533,0.7,20,1024,0.8497395802060875,PRUNED
1106,1106,9.0,2022-03-07 11:53:27.967929,2022-03-07 11:53:52.282978,0 days 00:00:24.315049,128,0.1,0.0004032079920953774,0.8,0.99,0.00014008115224268018,0.9,5,64,0.1894303891689315,PRUNED
1107,1107,0.3333333333333333,2022-03-07 11:53:52.282978,2022-03-07 11:54:30.751578,0 days 00:00:38.468600,32,0.1,0.0004676882800370883,0.95,0.995,0.0008224747065084527,5.0,10,256,0.3997961543616862,PRUNED
1108,1108,9.333333333333334,2022-03-07 11:54:30.751578,2022-03-07 11:54:53.379807,0 days 00:00:22.628229,512,0.2,0.0002259257160990182,0.99,0.99,3.7807623129578595e-05,0.3,20,2048,0.9096793465590638,PRUNED
1109,1109,-4.666666666666667,2022-03-07 11:54:53.379807,2022-03-07 11:55:34.729669,0 days 00:00:41.349862,256,0.4,0.00035257865579471176,0.95,0.999,4.7916311631538235e-05,0.7,5,1024,0.13536301149482893,COMPLETE
1110,1110,3.0,2022-03-07 11:55:34.729669,2022-03-07 11:56:12.612469,0 days 00:00:37.882800,32,0.1,0.00028779722848353326,0.92,0.995,1.536582007771865e-05,0.3,10,512,0.2196583914955227,PRUNED
1111,1111,6.0,2022-03-07 11:56:12.612469,2022-03-07 11:57:11.171028,0 days 00:00:58.558559,32,0.1,0.00030578658652612417,0.95,0.99,3.161314799629226e-05,5.0,20,256,0.35983630009054496,PRUNED
1112,1112,-30.0,2022-03-07 11:57:11.171028,2022-03-07 11:57:40.747057,0 days 00:00:29.576029,128,0.2,0.004696125809528185,0.8,0.9,0.000397999581584905,0.7,10,64,0.27318157303046064,PRUNED
1113,1113,14.666666666666666,2022-03-07 11:57:46.208067,2022-03-07 11:58:05.764055,0 days 00:00:19.555988,512,0.1,0.00010083356249473467,0.99,0.999,0.0004907747883559392,0.9,5,2048,0.7860893349718655,PRUNED
1114,1114,-0.6666666666666666,2022-03-07 11:58:05.764055,2022-03-07 11:58:26.294653,0 days 00:00:20.530598,32,0.4,0.0011220730850714533,0.95,0.995,0.00017442774302398989,0.3,1,256,0.17436727559359796,PRUNED
1115,1115,2.6666666666666665,2022-03-07 11:58:26.294653,2022-03-07 11:59:06.538950,0 days 00:00:40.244297,64,0.1,0.000536540925981765,0.95,0.9999,0.00015678236579661354,0.7,20,128,0.24766051427860136,PRUNED
1116,1116,-2.6666666666666665,2022-03-07 11:59:06.538950,2022-03-07 11:59:28.556488,0 days 00:00:22.017538,256,0.1,0.0023238092775778956,0.92,0.99,0.00020134062704372716,5.0,10,1024,0.10605294808103576,PRUNED
1117,1117,6.0,2022-03-07 11:59:28.556488,2022-03-07 11:59:57.563894,0 days 00:00:29.007406,32,0.3,0.00019141486848101518,0.98,0.995,0.0005529584021472282,0.3,5,64,0.6681411098021542,PRUNED
1118,1118,7.333333333333333,2022-03-07 11:59:57.563894,2022-03-07 12:00:48.959606,0 days 00:00:51.395712,32,0.2,0.0018947096093416738,0.99,0.999,0.0003591164287286879,0.7,20,2048,0.20130712587902405,PRUNED
1119,1119,7.0,2022-03-07 12:00:48.959606,2022-03-07 12:01:11.221127,0 days 00:00:22.261521,512,0.4,0.00040272971792640214,0.95,0.95,5.3546345969601755e-05,0.9,10,256,0.8674301183140394,PRUNED
1120,1120,8.333333333333334,2022-03-07 12:01:11.221127,2022-03-07 12:01:41.053685,0 days 00:00:29.832558,128,0.1,0.0006287224923971807,0.95,0.995,0.00011068963587679844,0.5,20,1024,0.1607570678487771,PRUNED
1121,1121,9.666666666666666,2022-03-07 12:01:41.069309,2022-03-07 12:02:20.128824,0 days 00:00:39.059515,32,0.1,0.00013270384633858102,0.8,0.99,0.00012996110416508227,0.3,10,256,0.5212194168958199,PRUNED
1122,1122,-2.0,2022-03-07 12:02:20.128824,2022-03-07 12:02:46.874880,0 days 00:00:26.746056,32,0.2,0.0004497526735974433,0.95,0.995,0.0007336386446099514,5.0,5,2048,0.8204252356956596,PRUNED
1123,1123,10.666666666666666,2022-03-07 12:02:52.435372,2022-03-07 12:03:12.213029,0 days 00:00:19.777657,256,0.1,0.0003339735508428988,0.99,0.999,0.00042106205114217983,0.3,1,64,0.2190840407213095,PRUNED
1124,1124,1.6666666666666667,2022-03-07 12:03:12.213029,2022-03-07 12:03:41.931034,0 days 00:00:29.718005,64,0.4,0.000893641365837195,1.0,0.99,0.00046981955601594743,0.7,10,256,0.49476898969553185,PRUNED
1125,1125,-1.0,2022-03-07 12:03:41.931034,2022-03-07 12:04:37.417489,0 days 00:00:55.486455,32,0.1,0.0014255485671918352,0.92,0.995,0.0002862069737048324,2.0,20,1024,0.8467773694569316,PRUNED
1126,1126,14.666666666666666,2022-03-07 12:04:37.417489,2022-03-07 12:04:56.874991,0 days 00:00:19.457502,512,0.1,0.0016570903405071177,0.95,0.99,0.0006045118965243079,5.0,5,2048,0.033650992539403825,PRUNED
1127,1127,14.666666666666666,2022-03-07 12:04:56.874991,2022-03-07 12:05:35.742459,0 days 00:00:38.867468,32,0.2,0.00025736963135022023,0.99,0.9,0.00013818562128537818,0.3,10,64,0.29404130281468754,PRUNED
1128,1128,3.0,2022-03-07 12:05:35.742459,2022-03-07 12:06:06.408034,0 days 00:00:30.665575,128,0.4,0.000572794615881618,0.95,0.999,9.440103083406476e-05,0.7,20,256,0.1416482131486743,PRUNED
1129,1129,7.333333333333333,2022-03-07 12:06:06.408034,2022-03-07 12:06:44.993002,0 days 00:00:38.584968,32,0.1,0.0005086174291198118,0.8,0.995,0.00038815395167162645,0.3,10,128,0.18463831755684015,PRUNED
1130,1130,2.3333333333333335,2022-03-07 12:06:44.993002,2022-03-07 12:07:04.860780,0 days 00:00:19.867778,256,0.3,0.0003795103091542294,0.95,0.99,1.681031046978251e-05,0.9,5,2048,0.5894655634733087,PRUNED
1131,1131,10.333333333333334,2022-03-07 12:07:04.860780,2022-03-07 12:08:00.170865,0 days 00:00:55.310085,32,0.1,0.00200397126167543,0.99,0.995,0.00018376367582428698,0.7,20,1024,0.8944908036024675,PRUNED
1132,1132,-2.3333333333333335,2022-03-07 12:08:00.170865,2022-03-07 12:08:19.086000,0 days 00:00:18.915135,512,0.2,0.0004337887288529135,0.95,0.999,3.9997765758475025e-05,5.0,1,256,0.2326193653665839,PRUNED
1133,1133,15.333333333333334,2022-03-07 12:08:24.561588,2022-03-07 12:09:03.553026,0 days 00:00:38.991438,32,0.4,0.0027309963001416783,0.92,0.99,4.982968652371193e-05,0.3,10,64,0.06078374484402385,PRUNED
1134,1134,1.6666666666666667,2022-03-07 12:09:03.553026,2022-03-07 12:09:43.796439,0 days 00:00:40.243413,64,0.1,0.0003140473001073208,0.95,0.995,0.0001483540157089336,0.9,20,256,0.8042914269433002,PRUNED
1135,1135,3.3333333333333335,2022-03-07 12:09:43.812014,2022-03-07 12:10:04.855580,0 days 00:00:21.043566,128,0.1,0.0017655895282994813,0.99,0.999,0.00012221116252508632,0.7,5,2048,0.8770312054889164,PRUNED
1136,1136,8.333333333333334,2022-03-07 12:10:04.855580,2022-03-07 12:10:43.867001,0 days 00:00:39.011421,32,0.1,0.0012865664779464876,0.8,0.995,0.00033491457272853713,5.0,10,64,0.11785662043361066,PRUNED
1137,1137,7.666666666666667,2022-03-07 12:10:43.867001,2022-03-07 12:11:07.130058,0 days 00:00:23.263057,512,0.2,0.00036072988212471844,0.95,0.99,0.00023306808689658402,0.3,20,1024,0.21077907558908884,PRUNED
1138,1138,0.3333333333333333,2022-03-07 12:11:07.130058,2022-03-07 12:11:35.934677,0 days 00:00:28.804619,32,0.4,0.00047374925990354214,0.95,0.995,1.2685294111073274e-05,0.7,5,256,0.26482081154689463,PRUNED
1139,1139,9.666666666666666,2022-03-07 12:11:35.934677,2022-03-07 12:11:57.990803,0 days 00:00:22.056126,256,0.1,0.0002793640291822136,0.92,0.99,0.0004592585356902503,0.3,10,512,0.08919723117333775,PRUNED
1140,1140,-2.6666666666666665,2022-03-07 12:11:57.990803,2022-03-07 12:12:49.092021,0 days 00:00:51.101218,32,0.1,0.003108895439783825,0.99,0.999,3.540722108985343e-05,5.0,20,2048,0.17574486405558942,PRUNED
1141,1141,2.0,2022-03-07 12:12:49.092021,2022-03-07 12:13:13.079356,0 days 00:00:23.987335,128,0.2,0.0015579161232704326,0.95,0.9,4.605825840302033e-05,0.9,10,1024,0.5720592506507259,PRUNED
1142,1142,8.333333333333334,2022-03-07 12:13:13.079356,2022-03-07 12:13:33.512054,0 days 00:00:20.432698,32,0.4,0.0005947997995866669,0.98,0.995,0.00016653794286073206,0.7,1,256,0.1964536368258514,PRUNED
1143,1143,11.666666666666666,2022-03-07 12:13:39.269796,2022-03-07 12:14:03.755957,0 days 00:00:24.486161,64,0.1,0.0010557215781549405,0.95,0.9999,0.00031719560651697904,0.5,5,64,0.23621351345982428,PRUNED
1144,1144,3.3333333333333335,2022-03-07 12:14:03.755957,2022-03-07 12:14:26.637610,0 days 00:00:22.881653,512,0.3,0.0006930583032042694,0.8,0.99,1.1118745258757233e-05,0.3,20,2048,0.14187644446406583,PRUNED
1145,1145,4.666666666666667,2022-03-07 12:14:26.637610,2022-03-07 12:15:09.973798,0 days 00:00:43.336188,32,0.1,0.000492084347530836,0.99,0.999,0.0005260003720003373,0.7,10,128,0.1625707603821997,PRUNED
1146,1146,3.0,2022-03-07 12:15:09.973798,2022-03-07 12:15:42.361564,0 days 00:00:32.387766,32,0.1,0.00021030902060685918,0.95,0.995,0.00041638986073273257,5.0,5,256,0.8360244581230577,PRUNED
1147,1147,1.0,2022-03-07 12:15:42.361564,2022-03-07 12:16:10.765634,0 days 00:00:28.404070,256,0.2,0.0004060693968249107,0.95,0.95,0.0003671592588381813,0.3,20,1024,0.47820396606498167,PRUNED
1148,1148,3.6666666666666665,2022-03-07 12:16:10.765634,2022-03-07 12:16:51.213050,0 days 00:00:40.447416,32,0.4,0.00030617519615857967,0.92,0.99,0.0001343610007153993,0.9,10,64,0.8641479757193068,PRUNED
1149,1149,4.333333333333333,2022-03-07 12:16:51.213050,2022-03-07 12:17:13.859520,0 days 00:00:22.646470,512,0.1,0.0005250354943925665,0.99,0.995,0.00025198862197849624,0.7,20,2048,0.6302687128716836,PRUNED
1150,1150,-1.6666666666666667,2022-03-07 12:17:13.859520,2022-03-07 12:17:38.422744,0 days 00:00:24.563224,128,0.1,0.00011702920471532429,0.95,0.999,0.00015368467467526532,0.3,10,256,0.19643300884910167,PRUNED
1151,1151,5.333333333333333,2022-03-07 12:17:38.422744,2022-03-07 12:17:58.748000,0 days 00:00:20.325256,32,0.2,0.0002364689415091937,0.8,0.99,1.392995116003004e-05,5.0,1,1024,0.2529067204826399,PRUNED
1152,1152,4.333333333333333,2022-03-07 12:17:58.748000,2022-03-07 12:18:19.148735,0 days 00:00:20.400735,256,0.4,0.0003589286357125811,0.95,0.995,0.0009151113488482883,0.7,5,256,0.4386878044386784,PRUNED
1153,1153,0.3333333333333333,2022-03-07 12:18:24.733703,2022-03-07 12:19:00.063323,0 days 00:00:35.329620,32,0.1,0.00016347226274602918,0.99,0.995,0.00011880128147205548,2.0,10,2048,0.1109562850719701,PRUNED
1154,1154,-0.3333333333333333,2022-03-07 12:19:00.063323,2022-03-07 12:20:21.976029,0 days 00:01:21.912706,64,0.1,0.003812232668408735,0.95,0.999,0.00044564160393013326,0.3,20,64,0.2174671848317295,COMPLETE
1155,1155,0.3333333333333333,2022-03-07 12:20:21.976029,2022-03-07 12:20:42.535499,0 days 00:00:20.559470,512,0.2,0.0003317931096535628,0.92,0.99,0.0006751306098178712,5.0,5,256,0.1726372729395505,PRUNED
1156,1156,6.666666666666667,2022-03-07 12:20:42.535499,2022-03-07 12:21:19.607449,0 days 00:00:37.071950,32,0.1,0.0013728112674327721,0.95,0.9,0.0003771240577734564,0.9,10,1024,0.5387908745776536,PRUNED
1157,1157,4.333333333333333,2022-03-07 12:21:19.607449,2022-03-07 12:21:48.312898,0 days 00:00:28.705449,128,0.4,0.002074883814042955,1.0,0.995,0.00014218858690684188,0.3,20,2048,0.07704195477459926,PRUNED
1158,1158,5.333333333333333,2022-03-07 12:21:48.312898,2022-03-07 12:22:17.226209,0 days 00:00:28.913311,32,0.3,0.0004527903844614825,0.99,0.99,0.0005200235152409886,0.7,5,64,0.7765533537647074,PRUNED
1159,1159,2.0,2022-03-07 12:22:17.226209,2022-03-07 12:22:56.076235,0 days 00:00:38.850026,32,0.1,0.0006373018842975957,0.95,0.999,0.00010201552591743301,0.3,10,128,0.8149856003391566,PRUNED
1160,1160,15.0,2022-03-07 12:22:56.076235,2022-03-07 12:23:14.903695,0 days 00:00:18.827460,256,0.1,0.001201028437802654,0.8,0.995,0.00019423862681392615,5.0,1,256,0.3245475758017773,PRUNED
1161,1161,10.666666666666666,2022-03-07 12:23:14.903695,2022-03-07 12:23:38.227736,0 days 00:00:23.324041,512,0.2,0.0008140066258847166,0.95,0.99,7.393062662752562e-05,0.7,20,1024,0.13276642251904489,PRUNED
1162,1162,4.333333333333333,2022-03-07 12:23:38.227736,2022-03-07 12:24:13.076741,0 days 00:00:34.849005,32,0.4,0.000397471994016843,0.99,0.995,4.2951602116397685e-05,1.0,10,2048,0.18949000437237662,PRUNED
1163,1163,6.333333333333333,2022-03-07 12:24:18.738804,2022-03-07 12:24:42.710953,0 days 00:00:23.972149,64,0.1,0.0016828196273702034,0.92,0.999,0.00016375625059652512,0.3,5,256,0.043592171331472605,PRUNED
1164,1164,11.0,2022-03-07 12:24:42.710953,2022-03-07 12:25:42.307173,0 days 00:00:59.596220,32,0.1,0.000556527289336126,0.95,0.99,0.0003045573776897626,0.9,20,64,0.6823076751705516,PRUNED
1165,1165,3.6666666666666665,2022-03-07 12:25:42.307173,2022-03-07 12:26:06.666702,0 days 00:00:24.359529,128,0.2,0.0015035655544030093,0.95,0.995,0.0004105254614273354,0.7,10,512,0.84153215331512,PRUNED
1166,1166,3.6666666666666665,2022-03-07 12:26:06.666702,2022-03-07 12:26:58.095674,0 days 00:00:51.428972,32,0.1,0.0002995212444201264,0.8,0.999,1.811309556462474e-05,5.0,20,2048,0.28514769929784517,PRUNED
1167,1167,8.333333333333334,2022-03-07 12:26:58.111300,2022-03-07 12:27:18.767010,0 days 00:00:20.655710,512,0.4,0.0024674645707014743,0.99,0.995,0.0004802978781736769,0.3,5,256,0.6128041871862421,PRUNED
1168,1168,1.6666666666666667,2022-03-07 12:27:18.767010,2022-03-07 12:27:40.581213,0 days 00:00:21.814203,256,0.1,0.00025257918319068897,0.95,0.99,0.0005838694200257592,0.7,10,1024,0.24215461460583962,PRUNED
1169,1169,3.0,2022-03-07 12:27:40.581213,2022-03-07 12:28:01.858447,0 days 00:00:21.277234,32,0.1,0.0018059660170608109,0.95,0.9999,3.229088101222806e-05,0.3,1,64,0.15894279916509393,PRUNED
1170,1170,6.333333333333333,2022-03-07 12:28:01.858447,2022-03-07 12:29:02.100214,0 days 00:01:00.241767,32,0.3,0.0001451990428919163,0.98,0.995,0.00012869900951217398,0.5,20,256,0.2206633266474341,PRUNED
1171,1171,-1.0,2022-03-07 12:29:02.115841,2022-03-07 12:29:26.027009,0 days 00:00:23.911168,128,0.2,0.0005076704332130893,0.92,0.999,5.053368119386195e-05,5.0,10,2048,0.887820474225378,PRUNED
1172,1172,8.666666666666666,2022-03-07 12:29:26.027009,2022-03-07 12:29:50.048042,0 days 00:00:24.021033,64,0.4,0.00037944737424605004,0.99,0.9,0.0001135351168237405,0.9,5,1024,0.20096915399694584,PRUNED
