,number,value,datetime_start,datetime_complete,duration,params_batch_size,params_clip_range,params_ent_coef,params_gae_lambda,params_gamma,params_learning_rate,params_max_grad_norm,params_n_epochs,params_n_steps,params_vf_coef,state
657,657,0.3333333333333333,2022-03-07 07:34:11.453857,2022-03-07 07:34:35.940112,0 days 00:00:24.486255,256,0.4,0.00011458269551768589,0.99,0.999,7.04059572939125e-05,5.0,20,2048,0.20276986407466546,PRUNED
658,658,-2.0,2022-03-07 07:34:35.940112,2022-03-07 07:35:14.631261,0 days 00:00:38.691149,32,0.1,0.000595128450589294,0.95,0.99,3.9085264196169285e-05,0.7,10,256,0.2111839528417254,PRUNED
659,659,-3.3333333333333335,2022-03-07 07:35:14.631261,2022-03-07 07:36:13.087765,0 days 00:00:58.456504,32,0.1,0.0037883133578474875,0.95,0.995,2.2619032778082086e-05,0.7,20,128,0.22768241933267197,PRUNED
660,660,-1.3333333333333333,2022-03-07 07:36:13.087765,2022-03-07 07:36:49.974078,0 days 00:00:36.886313,32,0.1,0.002070405082774387,0.92,0.99,0.00016482047268391435,0.3,10,1024,0.16549493488033123,PRUNED
661,661,1.6666666666666667,2022-03-07 07:36:49.974078,2022-03-07 07:37:19.104951,0 days 00:00:29.130873,64,0.1,0.0004278801247069338,0.95,0.999,4.7391983428381224e-05,0.7,10,256,0.25003649512643894,PRUNED
662,662,3.6666666666666665,2022-03-07 07:37:19.104951,2022-03-07 07:37:37.665324,0 days 00:00:18.560373,512,0.4,0.0007080791238982169,0.99,0.995,0.00013055718379537394,1.0,1,2048,0.2878471862496671,PRUNED
663,663,2.3333333333333335,2022-03-07 07:37:41.046866,2022-03-07 07:39:40.215831,0 days 00:01:59.168965,32,0.1,0.00047329412862171156,0.8,0.99,0.00031949430575102186,0.3,20,256,0.13687270505154314,COMPLETE
664,664,4.0,2022-03-07 07:39:40.215831,2022-03-07 07:40:04.757741,0 days 00:00:24.541910,128,0.1,0.00038661234170550877,1.0,0.95,1.5247817150852956e-05,0.9,10,256,0.19477948887830213,PRUNED
665,665,1.3333333333333333,2022-03-07 07:40:04.757741,2022-03-07 07:40:56.040865,0 days 00:00:51.283124,32,0.3,0.0005372152567423574,0.9,0.999,5.198808588770356e-05,0.7,20,2048,0.36506405879097664,PRUNED
666,666,1.6666666666666667,2022-03-07 07:40:56.040865,2022-03-07 07:41:20.008561,0 days 00:00:23.967696,256,0.2,0.0033304177469391716,0.99,0.9,6.506870102027564e-05,5.0,5,64,0.7056223562620424,PRUNED
667,667,3.6666666666666665,2022-03-07 07:41:20.024186,2022-03-07 07:42:03.724289,0 days 00:00:43.700103,128,0.2,0.0009296417250935884,0.8,0.99,0.00014223343968550309,2.0,5,1024,0.6715197776788108,COMPLETE
668,668,2.6666666666666665,2022-03-07 07:42:03.724289,2022-03-07 07:42:42.281438,0 days 00:00:38.557149,32,0.4,0.0018275353035983686,0.95,0.995,3.57562111726518e-05,0.7,10,256,0.854946012747475,PRUNED
669,669,10.666666666666666,2022-03-07 07:42:42.281438,2022-03-07 07:43:17.483459,0 days 00:00:35.202021,32,0.1,0.000320863723966459,0.95,0.99,2.0051443153478826e-05,1.0,10,2048,0.8839983936077843,PRUNED
670,670,6.666666666666667,2022-03-07 07:43:17.499132,2022-03-07 07:43:37.013019,0 days 00:00:19.513887,64,0.1,0.0023281199507282566,0.92,0.999,0.00020214383830922153,0.3,1,512,0.08919831709558156,PRUNED
671,671,-5.333333333333333,2022-03-07 07:43:37.028645,2022-03-07 07:44:35.986102,0 days 00:00:58.957457,32,0.1,0.0006041040487506681,0.99,0.99,0.00038248556644092765,0.7,20,256,0.2612813643165849,PRUNED
672,672,4.0,2022-03-07 07:44:35.986102,2022-03-07 07:45:00.266133,0 days 00:00:24.280031,512,0.2,0.0010301798503015353,0.8,0.9,0.00012274437547257313,5.0,5,64,0.7745059884436056,PRUNED
673,673,-0.3333333333333333,2022-03-07 07:45:03.960282,2022-03-07 07:45:24.160716,0 days 00:00:20.200434,256,0.2,0.00022658565836060986,0.95,0.995,0.00046235355596539133,0.3,5,1024,0.6147187766313533,PRUNED
674,674,7.333333333333333,2022-03-07 07:45:24.160716,2022-03-07 07:45:45.003727,0 days 00:00:20.843011,128,0.4,0.00128122704646863,0.9,0.99,0.00024307878281086824,1.0,5,2048,0.6511168978014574,PRUNED
675,675,-7.333333333333333,2022-03-07 07:45:45.003727,2022-03-07 07:46:24.012433,0 days 00:00:39.008706,32,0.1,0.00047602425840860145,0.95,0.9999,2.5352156730317303e-05,0.7,10,256,0.21216450662073927,PRUNED
676,676,4.0,2022-03-07 07:46:24.012433,2022-03-07 07:46:44.101093,0 days 00:00:20.088660,256,0.2,0.00029207567241810095,0.99,0.999,0.00010850996425529085,0.5,5,2048,0.7230016915627507,PRUNED
677,677,3.3333333333333335,2022-03-07 07:46:44.101093,2022-03-07 07:47:22.688193,0 days 00:00:38.587100,32,0.1,0.0007964097687702235,0.92,0.995,3.065241097345794e-05,0.7,10,256,0.16615336082478033,PRUNED
678,678,2.0,2022-03-07 07:47:22.688193,2022-03-07 07:47:46.018154,0 days 00:00:23.329961,64,0.4,0.00034995526630484893,0.8,0.99,5.4564871741721785e-05,5.0,5,1024,0.5102031687755305,PRUNED
679,679,8.666666666666666,2022-03-07 07:47:46.018154,2022-03-07 07:48:26.204779,0 days 00:00:40.186625,512,0.2,0.001544538218862001,0.99,0.999,0.0001560507948374883,0.9,20,64,0.17979273339311855,PRUNED
680,680,-5.666666666666667,2022-03-07 07:48:26.204779,2022-03-07 07:49:04.879833,0 days 00:00:38.675054,32,0.1,0.0004183089001028296,0.95,0.99,4.367508069411912e-05,0.3,10,256,0.3341663101044474,PRUNED
681,681,8.0,2022-03-07 07:49:04.879833,2022-03-07 07:50:03.571051,0 days 00:00:58.691218,32,0.3,0.005905511817513351,0.95,0.95,0.000282820333206527,0.7,20,256,0.23349101351070475,PRUNED
682,682,16.333333333333332,2022-03-07 07:50:03.571051,2022-03-07 07:50:24.472428,0 days 00:00:20.901377,128,0.4,0.0011898858101824536,0.98,0.995,6.235576182478631e-05,1.0,5,2048,0.06861331218924498,PRUNED
683,683,5.333333333333333,2022-03-07 07:50:28.198226,2022-03-07 07:50:48.708712,0 days 00:00:20.510486,32,0.1,0.0003824352511810823,0.8,0.99,0.00017567631001299172,0.7,1,256,0.2988375913831058,PRUNED
684,684,0.0,2022-03-07 07:50:48.708712,2022-03-07 07:51:08.752267,0 days 00:00:20.043555,256,0.2,0.00026371460844130446,0.92,0.9,1.3896225131505374e-05,0.3,5,1024,0.5732514355787879,PRUNED
685,685,1.3333333333333333,2022-03-07 07:51:08.752267,2022-03-07 07:51:37.042785,0 days 00:00:28.290518,128,0.4,0.00033276241060051253,0.99,0.999,1.758619311024615e-05,2.0,20,2048,0.14286737014123158,PRUNED
686,686,-2.0,2022-03-07 07:51:37.042785,2022-03-07 07:52:15.403897,0 days 00:00:38.361112,32,0.1,0.0005070598567051254,0.95,0.99,3.998528709369578e-05,5.0,10,256,0.11446767288815998,PRUNED
687,687,-0.6666666666666666,2022-03-07 07:52:15.419522,2022-03-07 07:52:54.082453,0 days 00:00:38.662931,32,0.1,0.0006598706694076209,0.9,0.995,2.4262522497370652e-05,0.7,10,256,0.19330176240066715,PRUNED
688,688,13.0,2022-03-07 07:52:54.082453,2022-03-07 07:54:11.675084,0 days 00:01:17.592631,32,0.1,0.00045230714030257386,0.95,0.99,2.194252994095943e-05,0.3,10,128,0.2282487568654113,COMPLETE
689,689,8.333333333333334,2022-03-07 07:54:11.675084,2022-03-07 07:55:10.517904,0 days 00:00:58.842820,32,0.1,0.00044670026397846665,0.8,0.99,2.2032853181335014e-05,0.3,20,128,0.2166380482162759,PRUNED
690,690,3.0,2022-03-07 07:55:10.517904,2022-03-07 07:56:00.101882,0 days 00:00:49.583978,512,0.1,0.0004245073841803188,0.99,0.99,1.896761412850697e-05,0.3,10,128,0.20084674172761138,COMPLETE
691,691,8.0,2022-03-07 07:56:00.101882,2022-03-07 07:56:19.885097,0 days 00:00:19.783215,64,0.4,0.0004622068512001349,0.95,0.99,1.9173753851128844e-05,0.3,1,128,0.2292962214418161,PRUNED
692,692,3.6666666666666665,2022-03-07 07:56:19.885097,2022-03-07 07:56:58.594145,0 days 00:00:38.709048,32,0.1,0.0004007004475540561,0.92,0.99,2.163227223622614e-05,0.3,10,128,0.15939718461548624,PRUNED
693,693,5.666666666666667,2022-03-07 07:57:02.428133,2022-03-07 07:58:01.329547,0 days 00:00:58.901414,32,0.3,0.00039210396235722975,0.95,0.99,2.3162886628718963e-05,0.3,20,128,0.047376856960387,PRUNED
694,694,8.666666666666666,2022-03-07 07:58:01.329547,2022-03-07 07:58:26.007253,0 days 00:00:24.677706,128,0.1,0.0004882514676212642,1.0,0.99,2.0645588625698632e-05,0.3,10,128,0.1765710773745479,PRUNED
695,695,7.666666666666667,2022-03-07 07:58:26.007253,2022-03-07 07:59:04.841496,0 days 00:00:38.834243,32,0.1,0.00035588907475124005,0.99,0.99,2.4350111840765465e-05,0.3,10,128,0.21315306444599713,PRUNED
696,696,3.3333333333333335,2022-03-07 07:59:04.841496,2022-03-07 08:00:03.672081,0 days 00:00:58.830585,32,0.4,0.00043018968968100397,0.8,0.99,2.620743278065608e-05,0.3,20,128,0.19367770592381006,PRUNED
697,697,5.333333333333333,2022-03-07 08:00:03.672081,2022-03-07 08:00:42.163909,0 days 00:00:38.491828,32,0.1,0.00030190407267009577,0.9,0.99,2.1895969817334814e-05,0.3,10,128,0.23239170889028976,PRUNED
698,698,5.333333333333333,2022-03-07 08:00:42.163909,2022-03-07 08:01:02.192441,0 days 00:00:20.028532,64,0.1,0.0025812853851225133,0.95,0.99,2.8013452894684206e-05,0.3,1,128,0.21230135262253946,PRUNED
699,699,-3.0,2022-03-07 08:01:02.192441,2022-03-07 08:01:33.038130,0 days 00:00:30.845689,128,0.4,0.00038847441323717585,0.99,0.99,1.5980497069436707e-05,0.3,20,128,0.791004753330779,PRUNED
700,700,-5.0,2022-03-07 08:01:33.038130,2022-03-07 08:01:53.523505,0 days 00:00:20.485375,512,0.1,0.0004519718394658863,0.8,0.999,0.00034706751226116947,1.0,10,2048,0.18703751493254744,PRUNED
701,701,17.0,2022-03-07 08:01:53.523505,2022-03-07 08:02:30.446003,0 days 00:00:36.922498,32,0.1,0.001771979341088567,0.92,0.99,1.8076198659858418e-05,5.0,10,1024,0.13054889073423204,PRUNED
702,702,1.6666666666666667,2022-03-07 08:02:30.446003,2022-03-07 08:03:21.862042,0 days 00:00:51.416039,32,0.1,0.0003366533942046272,0.95,0.995,2.3565823726863875e-05,0.3,20,2048,0.8382355915330487,PRUNED
703,703,12.666666666666666,2022-03-07 08:03:25.682125,2022-03-07 08:04:44.856821,0 days 00:01:19.174696,32,0.4,0.0005032013659571641,0.99,0.99,0.00014560434298750973,0.9,10,1024,0.08460913606298792,COMPLETE
704,704,4.666666666666667,2022-03-07 08:04:44.856821,2022-03-07 08:05:21.731859,0 days 00:00:36.875038,32,0.4,0.0005088042971669569,0.99,0.999,0.00014744330858047712,0.9,10,1024,0.07567869629821722,PRUNED
705,705,7.666666666666667,2022-03-07 08:05:21.731859,2022-03-07 08:05:58.646443,0 days 00:00:36.914584,32,0.4,0.0004890173578899756,0.99,0.99,0.00016376263195475987,0.9,10,1024,0.08779529327245028,PRUNED
706,706,18.0,2022-03-07 08:05:58.662067,2022-03-07 08:06:35.572367,0 days 00:00:36.910300,32,0.4,0.00045631656372487994,0.99,0.995,0.00013717588924649622,0.9,10,1024,0.05550988296464716,PRUNED
707,707,10.0,2022-03-07 08:06:35.572367,2022-03-07 08:07:12.470309,0 days 00:00:36.897942,32,0.4,0.0005192960121413425,0.99,0.99,0.00013050725157904034,0.9,10,1024,0.09637292492412557,PRUNED
708,708,13.666666666666666,2022-03-07 08:07:12.470309,2022-03-07 08:07:49.306571,0 days 00:00:36.836262,32,0.4,0.0005438130232753466,0.99,0.999,0.0001478862346698554,0.9,10,1024,0.10404853985681475,PRUNED
709,709,3.0,2022-03-07 08:07:49.306571,2022-03-07 08:08:26.323891,0 days 00:00:37.017320,32,0.4,0.0004155899392987731,0.99,0.99,0.00018221356461690995,0.9,10,1024,0.06639548479151873,PRUNED
710,710,5.333333333333333,2022-03-07 08:08:26.323891,2022-03-07 08:09:03.190706,0 days 00:00:36.866815,32,0.4,0.0005473888520548998,0.99,0.995,0.00016340188458555176,0.9,10,1024,0.03788018745424128,PRUNED
711,711,18.333333333333332,2022-03-07 08:09:03.190706,2022-03-07 08:09:40.236233,0 days 00:00:37.045527,32,0.4,0.00047657924087572906,0.99,0.99,0.00014473232178642466,0.9,10,1024,0.08365544213520514,PRUNED
712,712,9.0,2022-03-07 08:09:40.236233,2022-03-07 08:10:17.285164,0 days 00:00:37.048931,32,0.4,0.0004444198186469117,0.99,0.9999,0.00019717031237329063,0.9,10,1024,0.10811123230955856,PRUNED
713,713,13.0,2022-03-07 08:10:21.371172,2022-03-07 08:10:58.566438,0 days 00:00:37.195266,32,0.4,0.0003746994442763952,0.99,0.999,0.0001237983057944987,0.9,10,1024,0.12482732816118294,PRUNED
714,714,16.333333333333332,2022-03-07 08:10:58.566438,2022-03-07 08:11:35.649315,0 days 00:00:37.082877,32,0.4,0.0002828782518875313,0.99,0.99,0.000126743366808399,0.9,10,1024,0.07134955530917741,PRUNED
715,715,10.333333333333334,2022-03-07 08:11:35.649315,2022-03-07 08:12:13.562089,0 days 00:00:37.912774,32,0.4,0.0047561755853115,0.95,0.995,2.0798044663932193e-05,1.0,10,512,0.8742826573695421,PRUNED
716,716,5.0,2022-03-07 08:12:13.562089,2022-03-07 08:12:32.519900,0 days 00:00:18.957811,128,0.4,0.0005633800872079474,0.99,0.99,0.00015960546590457447,0.3,1,1024,0.5473376826400007,PRUNED
717,717,13.0,2022-03-07 08:12:32.519900,2022-03-07 08:13:11.198390,0 days 00:00:38.678490,32,0.3,0.00041957380808290687,0.95,0.999,0.00013837467528930521,5.0,10,128,0.8201907943883798,PRUNED
718,718,7.0,2022-03-07 08:13:11.198390,2022-03-07 08:13:49.176960,0 days 00:00:37.978570,64,0.4,0.00037012532130607697,0.9,0.995,0.0004003536107416222,1.0,20,1024,0.04365725684521278,PRUNED
719,719,-2.0,2022-03-07 08:13:49.176960,2022-03-07 08:14:26.086928,0 days 00:00:36.909968,32,0.4,0.007196413735071873,0.92,0.99,2.020629824917486e-05,0.3,10,1024,0.10642998882918883,PRUNED
720,720,1.0,2022-03-07 08:14:26.086928,2022-03-07 08:15:14.328835,0 days 00:00:48.241907,512,0.3,0.00047937176643765767,0.99,0.999,0.00021256818307167054,5.0,20,1024,0.2467028090633846,COMPLETE
721,721,4.333333333333333,2022-03-07 08:15:14.328835,2022-03-07 08:15:52.815837,0 days 00:00:38.487002,32,0.4,0.00024758058028782415,0.95,0.99,0.00017882426713738552,0.5,10,128,0.14671155481202766,PRUNED
722,722,7.666666666666667,2022-03-07 08:15:52.815837,2022-03-07 08:16:17.693419,0 days 00:00:24.877582,128,0.4,0.0005161994575969143,0.98,0.995,0.0006858455519056347,0.3,10,256,0.7558574222178281,PRUNED
723,723,4.666666666666667,2022-03-07 08:16:21.950641,2022-03-07 08:17:20.637964,0 days 00:00:58.687323,32,0.4,0.0003983658955006247,0.95,0.99,0.0004986771153958939,0.9,20,256,0.8983826436357751,PRUNED
724,724,-2.0,2022-03-07 08:17:20.637964,2022-03-07 08:17:40.741445,0 days 00:00:20.103481,32,0.1,0.00034220678734718144,0.99,0.999,2.6153182066679944e-05,1.0,1,1024,0.43251292215358217,PRUNED
725,725,8.333333333333334,2022-03-07 08:17:40.741445,2022-03-07 08:18:18.996645,0 days 00:00:38.255200,32,0.3,0.0004369177736472852,0.92,0.99,0.00011613198575674071,0.3,10,256,0.48471734681953216,PRUNED
726,726,9.333333333333334,2022-03-07 08:18:18.996645,2022-03-07 08:18:43.275441,0 days 00:00:24.278796,128,0.1,0.0003149105782758603,0.95,0.995,1.6743926515267427e-05,5.0,10,512,0.8028770402621357,PRUNED
727,727,6.333333333333333,2022-03-07 08:18:43.275441,2022-03-07 08:19:41.811552,0 days 00:00:58.536111,32,0.4,0.00011783569027552272,0.9,0.99,0.00026029739194610523,0.3,20,256,0.0845320137571815,PRUNED
728,728,13.0,2022-03-07 08:19:41.811552,2022-03-07 08:20:10.996812,0 days 00:00:29.185260,64,0.1,0.003080686290660705,0.99,0.999,0.00014237508139592625,1.0,10,256,0.7773381926009296,PRUNED
729,729,2.0,2022-03-07 08:20:10.996812,2022-03-07 08:20:34.060438,0 days 00:00:23.063626,512,0.1,0.000560421196220388,0.95,0.99,0.00015217877766021703,5.0,20,1024,0.24466205915584313,PRUNED
730,730,2.3333333333333335,2022-03-07 08:20:34.060438,2022-03-07 08:21:12.596098,0 days 00:00:38.535660,32,0.4,0.0004980539897377732,0.99,0.995,2.7788810126788223e-05,0.3,10,256,0.4581837496193054,PRUNED
731,731,2.0,2022-03-07 08:21:12.596098,2022-03-07 08:21:33.246183,0 days 00:00:20.650085,32,0.2,0.00035648929039975143,1.0,0.99,0.0003630925057302983,0.9,1,128,0.05366141631877458,PRUNED
732,732,1.3333333333333333,2022-03-07 08:21:33.246183,2022-03-07 08:21:57.298548,0 days 00:00:24.052365,128,0.1,0.0002902274711676593,0.95,0.999,0.0005839449492916163,1.0,10,1024,0.1599608531170784,PRUNED
733,733,8.0,2022-03-07 08:22:01.382549,2022-03-07 08:23:00.388996,0 days 00:00:59.006447,32,0.1,0.002136145723433828,0.92,0.99,0.00012975926906697838,0.3,20,256,0.12303498065814865,PRUNED
734,734,4.333333333333333,2022-03-07 08:23:00.388996,2022-03-07 08:23:39.009068,0 days 00:00:38.620072,32,0.4,0.000399410171745572,0.95,0.995,0.0004212018008305409,5.0,10,256,0.22732325680198615,PRUNED
735,735,4.333333333333333,2022-03-07 08:23:39.009068,2022-03-07 08:24:07.340628,0 days 00:00:28.331560,64,0.2,0.00032751700967754635,0.9,0.99,0.00031370702103984303,0.3,10,1024,0.9188796012599736,PRUNED
736,736,14.333333333333334,2022-03-07 08:24:07.340628,2022-03-07 08:25:05.917704,0 days 00:00:58.577076,32,0.1,0.00046166152157440463,0.99,0.999,2.3571347102076104e-05,1.0,20,256,0.2616631695946079,PRUNED
737,737,1.6666666666666667,2022-03-07 08:25:05.917704,2022-03-07 08:25:24.867944,0 days 00:00:18.950240,512,0.1,0.0005934844126775413,0.95,0.9999,2.2121062352233715e-05,0.9,1,256,0.10197503984220396,PRUNED
738,738,3.6666666666666665,2022-03-07 08:25:24.867944,2022-03-07 08:25:48.737225,0 days 00:00:23.869281,128,0.3,0.00042658094693247934,0.99,0.99,0.0004539997161973554,5.0,10,1024,0.7378344900091148,PRUNED
739,739,0.0,2022-03-07 08:25:48.737225,2022-03-07 08:26:47.339878,0 days 00:00:58.602653,32,0.4,0.00014395189466414118,0.92,0.995,0.00017028301742227794,0.3,20,256,0.20635554521393554,PRUNED
740,740,0.6666666666666666,2022-03-07 08:26:47.339878,2022-03-07 08:27:22.168699,0 days 00:00:34.828821,32,0.2,0.0005391453593131954,0.95,0.99,0.00022215124301329348,1.0,10,2048,0.39344274039517135,PRUNED
741,741,4.666666666666667,2022-03-07 08:27:22.168699,2022-03-07 08:28:00.971752,0 days 00:00:38.803053,32,0.1,0.00038324485747277077,0.99,0.999,1.9404525683739227e-05,0.5,10,256,0.9844745933987751,PRUNED
742,742,5.666666666666667,2022-03-07 08:28:00.971752,2022-03-07 08:28:31.621873,0 days 00:00:30.650121,128,0.1,0.0002387678437313269,0.95,0.995,2.576691238966075e-05,0.3,20,128,0.08066669116950514,PRUNED
743,743,0.6666666666666666,2022-03-07 08:28:35.659180,2022-03-07 08:29:13.021719,0 days 00:00:37.362539,32,0.4,0.00010079637612527985,0.9,0.99,0.00011537393498356783,5.0,10,1024,0.5145349860558451,PRUNED
744,744,3.6666666666666665,2022-03-07 08:29:13.021719,2022-03-07 08:29:32.421042,0 days 00:00:19.399323,64,0.1,0.00026481385731656174,0.99,0.999,1.2836588202746949e-05,0.3,1,2048,0.1760017979975064,PRUNED
745,745,4.666666666666667,2022-03-07 08:29:32.421042,2022-03-07 08:30:11.193884,0 days 00:00:38.772842,32,0.2,0.00048571019468364544,0.95,0.99,0.0001521359173344596,0.9,10,256,0.8437390383620721,PRUNED
746,746,7.0,2022-03-07 08:30:11.193884,2022-03-07 08:30:37.150217,0 days 00:00:25.956333,512,0.1,0.002767928920386191,0.98,0.995,0.00013732309334596931,1.0,20,256,0.13716272467114982,PRUNED
747,747,0.0,2022-03-07 08:30:37.150217,2022-03-07 08:31:15.735495,0 days 00:00:38.585278,32,0.4,0.0003004565531130841,0.92,0.99,1.7476050948651148e-05,0.3,10,512,0.22790542330288502,PRUNED
748,748,3.3333333333333335,2022-03-07 08:31:15.735495,2022-03-07 08:31:44.114837,0 days 00:00:28.379342,128,0.1,0.00020776585749529393,0.95,0.999,3.0625031736716464e-05,5.0,20,2048,0.20819790490344448,PRUNED
749,749,9.333333333333334,2022-03-07 08:31:44.114837,2022-03-07 08:32:21.124606,0 days 00:00:37.009769,32,0.2,0.00035781669753182836,0.99,0.99,0.0001922458263536684,0.3,10,1024,0.7659007718892831,PRUNED
750,750,12.333333333333334,2022-03-07 08:32:21.124606,2022-03-07 08:32:59.899371,0 days 00:00:38.774765,32,0.1,0.00044138495031928964,0.95,0.995,0.00013084974565762727,1.0,10,256,0.15208464404968283,PRUNED
751,751,16.0,2022-03-07 08:32:59.899371,2022-03-07 08:33:58.600431,0 days 00:00:58.701060,32,0.4,0.0024656695259811286,0.99,0.99,0.0001622995668631454,5.0,20,256,0.06803877374151532,PRUNED
752,752,4.333333333333333,2022-03-07 08:33:58.600431,2022-03-07 08:34:17.487475,0 days 00:00:18.887044,128,0.3,0.002013059667883446,0.92,0.999,0.00028861735560329374,0.3,1,2048,0.029062279819084463,PRUNED
753,753,7.666666666666667,2022-03-07 08:34:21.729033,2022-03-07 08:34:59.010002,0 days 00:00:37.280969,32,0.1,0.0001246665498869815,0.9,0.99,0.00037711628343981837,1.0,10,1024,0.24783419218335656,PRUNED
754,754,-4.333333333333333,2022-03-07 08:34:59.010002,2022-03-07 08:35:28.221332,0 days 00:00:29.211330,64,0.2,0.000517374015663815,0.95,0.995,2.204236861349296e-05,0.9,10,256,0.8719803434926673,PRUNED
755,755,8.0,2022-03-07 08:35:28.221332,2022-03-07 08:35:50.710700,0 days 00:00:22.489368,512,0.1,0.00033189555795628666,0.99,0.99,0.0003300986528169962,0.3,20,2048,0.18315728722784996,PRUNED
756,756,0.3333333333333333,2022-03-07 08:35:50.710700,2022-03-07 08:36:29.213357,0 days 00:00:38.502657,32,0.4,0.0005830003472636556,0.95,0.999,1.4959321541062258e-05,5.0,10,128,0.11135970671939052,PRUNED
757,757,1.3333333333333333,2022-03-07 08:36:29.213357,2022-03-07 08:37:27.600589,0 days 00:00:58.387232,32,0.1,0.00039489122358517666,1.0,0.99,2.4218605817910985e-05,0.3,20,256,0.22043895331866553,PRUNED
758,758,1.3333333333333333,2022-03-07 08:37:27.600589,2022-03-07 08:37:52.319955,0 days 00:00:24.719366,128,0.2,0.0004612937144798063,0.99,0.995,1.983213438856526e-05,1.0,10,1024,0.2702598763401991,PRUNED
759,759,3.6666666666666665,2022-03-07 08:37:52.319955,2022-03-07 08:38:13.019227,0 days 00:00:20.699272,32,0.1,0.0034419203058664643,0.95,0.99,0.00017164088019741255,0.7,1,256,0.17125936569658237,PRUNED
760,760,6.333333333333333,2022-03-07 08:38:13.019227,2022-03-07 08:38:47.911791,0 days 00:00:34.892564,32,0.4,0.0002820560567569097,0.92,0.999,0.0001097901462372613,5.0,10,2048,0.5387512169760701,PRUNED
761,761,3.0,2022-03-07 08:38:47.911791,2022-03-07 08:39:26.456375,0 days 00:00:38.544584,32,0.1,0.00031468877368179607,0.95,0.9999,0.0001477542219786497,0.9,10,256,0.23920032629142146,PRUNED
762,762,11.333333333333334,2022-03-07 08:39:26.456375,2022-03-07 08:40:04.818000,0 days 00:00:38.361625,64,0.1,0.0004139386973866291,0.99,0.99,0.0005301833312556663,0.3,20,1024,0.19887623662094117,PRUNED
763,763,3.6666666666666665,2022-03-07 08:40:08.949919,2022-03-07 08:40:31.343257,0 days 00:00:22.393338,512,0.2,0.0003522752665815142,0.9,0.995,2.762319631571275e-05,0.5,10,256,0.12682536721143506,PRUNED
764,764,5.0,2022-03-07 08:40:31.343257,2022-03-07 08:41:22.626342,0 days 00:00:51.283085,32,0.4,0.0006271806336521521,0.95,0.99,1.8218065137558488e-05,0.7,20,2048,0.5885157292125222,PRUNED
765,765,0.0,2022-03-07 08:41:22.626342,2022-03-07 08:41:44.121849,0 days 00:00:21.495507,128,0.1,0.0005025572210236325,0.99,0.999,0.00024637829729574245,1.0,5,256,0.7422159950399055,PRUNED
