,number,value,datetime_start,datetime_complete,duration,params_batch_size,params_clip_range,params_ent_coef,params_gae_lambda,params_gamma,params_learning_rate,params_max_grad_norm,params_n_epochs,params_n_steps,params_vf_coef,state
329,329,15.0,2022-03-07 04:32:03.218912,2022-03-07 04:32:29.191527,0 days 00:00:25.972615,512,0.1,0.00011670377030007592,0.9,0.99,2.8341049958168267e-05,0.3,20,256,0.7994674803165656,PRUNED
330,330,8.0,2022-03-07 04:32:29.191527,2022-03-07 04:32:59.740663,0 days 00:00:30.549136,128,0.1,0.00039784637298318935,0.9,0.999,1.8896333116680954e-05,0.3,20,256,0.7532118334523382,PRUNED
331,331,7.666666666666667,2022-03-07 04:32:59.740663,2022-03-07 04:33:58.612140,0 days 00:00:58.871477,32,0.4,0.001121840807977,0.99,0.99,0.0005498974755402896,0.3,20,256,0.7776442191711409,PRUNED
332,332,10.0,2022-03-07 04:33:58.612140,2022-03-07 04:34:57.133777,0 days 00:00:58.521637,32,0.2,0.0005251408496347615,0.9,0.995,2.0699135244770044e-05,0.3,20,256,0.7424253660721434,PRUNED
333,333,14.0,2022-03-07 04:34:59.446226,2022-03-07 04:35:39.580460,0 days 00:00:40.134234,64,0.1,0.0004848422595820512,0.9,0.99,1.4594976082245486e-05,0.3,20,256,0.7831584652860327,PRUNED
334,334,9.0,2022-03-07 04:35:39.580460,2022-03-07 04:36:06.046471,0 days 00:00:26.466011,512,0.1,0.0006368778122829573,0.9,0.999,2.3790749034043247e-05,0.3,20,256,0.826954259788681,PRUNED
335,335,7.666666666666667,2022-03-07 04:36:06.046471,2022-03-07 04:36:46.135552,0 days 00:00:40.089081,128,0.2,0.00037039042624389354,0.9,0.9,0.00010403411455599369,2.0,20,64,0.7189572570085202,PRUNED
336,336,1.0,2022-03-07 04:36:46.135552,2022-03-07 04:37:25.154674,0 days 00:00:39.019122,32,0.1,0.00031994095766168043,0.8,0.995,6.314020965937845e-05,0.9,10,256,0.8071719917860812,PRUNED
337,337,7.0,2022-03-07 04:37:25.154674,2022-03-07 04:37:53.781874,0 days 00:00:28.627200,32,0.4,0.009859034803904565,0.99,0.99,2.266884759549692e-05,1.0,5,256,0.7300583121861516,PRUNED
338,338,4.333333333333333,2022-03-07 04:37:53.781874,2022-03-07 04:38:14.482339,0 days 00:00:20.700465,512,0.2,0.005404924244341162,0.92,0.99,5.404811933702906e-05,5.0,10,1024,0.7830138883574306,PRUNED
339,339,7.0,2022-03-07 04:38:14.482339,2022-03-07 04:38:45.356390,0 days 00:00:30.874051,128,0.1,0.00042282404903776146,0.8,0.999,2.675770749670935e-05,0.3,20,256,0.7611923598195369,PRUNED
340,340,6.0,2022-03-07 04:38:45.356390,2022-03-07 04:39:23.795097,0 days 00:00:38.438707,32,0.3,0.000168974675875393,0.99,0.995,0.0001762059394853432,1.0,10,128,0.5294044443070172,PRUNED
341,341,4.0,2022-03-07 04:39:23.795097,2022-03-07 04:40:03.834343,0 days 00:00:40.039246,64,0.1,0.0005546635782723762,0.9,0.99,1.8407160919525608e-05,0.3,20,256,0.7031286748145741,PRUNED
342,342,9.666666666666666,2022-03-07 04:40:03.834343,2022-03-07 04:40:31.346086,0 days 00:00:27.511743,32,0.2,0.0004776466966721605,0.98,0.9,2.044534901329686e-05,0.9,5,1024,0.2967147231763631,PRUNED
343,343,3.3333333333333335,2022-03-07 04:40:33.517913,2022-03-07 04:40:55.867797,0 days 00:00:22.349884,512,0.4,0.000701173725224618,0.8,0.999,8.444372042674813e-05,2.0,10,256,0.2756926949845552,PRUNED
344,344,12.333333333333334,2022-03-07 04:40:55.867797,2022-03-07 04:41:54.317861,0 days 00:00:58.450064,32,0.1,0.0002905465329126356,0.95,0.99,7.329668784094459e-05,1.0,20,256,0.11794203565114589,PRUNED
345,345,2.0,2022-03-07 04:41:54.317861,2022-03-07 04:42:18.899477,0 days 00:00:24.581616,128,0.1,0.00041618892766943135,0.99,0.95,0.00012735426559276416,0.3,5,64,0.13485939370577485,PRUNED
346,346,9.0,2022-03-07 04:42:18.899477,2022-03-07 04:42:57.546376,0 days 00:00:38.646899,32,0.2,0.00034806621134378986,0.92,0.995,2.5465047592327727e-05,5.0,10,256,0.18472850195839333,PRUNED
347,347,9.0,2022-03-07 04:42:57.546376,2022-03-07 04:43:20.598801,0 days 00:00:23.052425,512,0.1,0.0014397100456417717,0.95,0.99,0.0003522170252721216,1.0,20,1024,0.1741739450097232,PRUNED
348,348,3.6666666666666665,2022-03-07 04:43:20.598801,2022-03-07 04:43:58.495069,0 days 00:00:37.896268,32,0.4,0.0003880014758761039,0.8,0.999,0.00014129526992636305,0.3,10,512,0.3661257047266657,PRUNED
349,349,5.666666666666667,2022-03-07 04:43:58.495069,2022-03-07 04:44:29.320182,0 days 00:00:30.825113,128,0.1,0.0005896437446958274,0.99,0.99,0.0002120423043577411,0.9,20,256,0.23535998937858044,PRUNED
350,350,5.0,2022-03-07 04:44:29.320182,2022-03-07 04:44:53.167203,0 days 00:00:23.847021,64,0.2,0.00019198256552522793,0.95,0.9999,0.0004078927466845381,0.3,5,256,0.8275825191116802,PRUNED
351,351,-1.0,2022-03-07 04:44:53.167203,2022-03-07 04:45:32.046668,0 days 00:00:38.879465,32,0.1,0.00045134224984784383,0.9,0.9,1.0959576334366448e-05,1.0,10,256,0.6613736125675101,PRUNED
352,352,4.0,2022-03-07 04:45:32.046668,2022-03-07 04:46:27.577556,0 days 00:00:55.530888,32,0.3,0.007846967378633041,0.8,0.995,4.6632012789213526e-05,2.0,20,1024,0.1567475207781065,PRUNED
353,353,1.6666666666666667,2022-03-07 04:46:29.796995,2022-03-07 04:46:50.259908,0 days 00:00:20.462913,512,0.2,0.0002344173233399722,0.99,0.99,1.6699458309236947e-05,5.0,10,2048,0.6202214777822532,PRUNED
354,354,4.666666666666667,2022-03-07 04:46:50.259908,2022-03-07 04:47:33.883453,0 days 00:00:43.623545,128,0.1,0.0012853838296050862,0.95,0.999,5.6577136387222056e-05,0.3,5,256,0.067218590218544,COMPLETE
355,355,-1.0,2022-03-07 04:47:33.883453,2022-03-07 04:47:55.471366,0 days 00:00:21.587913,128,0.1,0.001272971243741028,0.95,0.999,5.952689611474563e-05,0.3,5,256,0.07274713793489165,PRUNED
356,356,8.0,2022-03-07 04:47:55.471366,2022-03-07 04:48:22.169352,0 days 00:00:26.697986,32,0.1,0.0011862557244467617,0.92,0.999,5.946386853061332e-05,0.3,5,2048,0.8635800199940507,PRUNED
357,357,8.333333333333334,2022-03-07 04:48:22.169352,2022-03-07 04:48:49.812193,0 days 00:00:27.642841,32,0.1,0.0010805022006757585,0.98,0.999,0.0006348491845120423,0.3,5,1024,0.2177048797801912,PRUNED
358,358,-3.6666666666666665,2022-03-07 04:48:49.812193,2022-03-07 04:49:11.487572,0 days 00:00:21.675379,128,0.1,0.000997844805615792,0.95,0.999,6.777164919072299e-05,0.3,5,256,0.09090682406418187,PRUNED
359,359,1.3333333333333333,2022-03-07 04:49:11.487572,2022-03-07 04:49:35.481101,0 days 00:00:23.993529,256,0.1,0.001258430108061277,0.99,0.999,5.436264486477928e-05,0.3,5,64,0.05665299434977538,PRUNED
360,360,0.3333333333333333,2022-03-07 04:49:35.481101,2022-03-07 04:49:58.232257,0 days 00:00:22.751156,64,0.1,0.00013593139229317892,0.8,0.999,5.265291496759191e-05,0.3,5,2048,0.7644225266628217,PRUNED
361,361,14.666666666666666,2022-03-07 04:49:58.232257,2022-03-07 04:50:18.496962,0 days 00:00:20.264705,512,0.1,0.0014737588342867158,0.99,0.99,4.836561227697381e-05,0.9,5,256,0.8026125991235817,PRUNED
362,362,11.666666666666666,2022-03-07 04:50:18.496962,2022-03-07 04:50:42.983612,0 days 00:00:24.486650,128,0.4,0.0009158903483623213,0.95,0.999,4.3733197585722424e-05,1.0,10,256,0.1164703802498184,PRUNED
363,363,5.0,2022-03-07 04:50:45.155436,2022-03-07 04:51:04.214666,0 days 00:00:19.059230,128,0.1,0.00036967419328819547,0.95,0.995,1.3329296906049899e-05,0.3,1,128,0.06764487806670227,PRUNED
364,364,3.0,2022-03-07 04:51:04.214666,2022-03-07 04:51:39.234842,0 days 00:00:35.020176,32,0.1,0.0010743573417537535,0.8,0.99,0.00011111130638863587,0.3,10,2048,0.7327165095937156,PRUNED
365,365,2.0,2022-03-07 04:51:39.234842,2022-03-07 04:52:06.932928,0 days 00:00:27.698086,32,0.4,0.0003154442494760668,0.9,0.9,0.0001603068131805181,2.0,5,1024,0.2068125755200009,PRUNED
366,366,5.333333333333333,2022-03-07 04:52:06.932928,2022-03-07 04:52:45.262945,0 days 00:00:38.330017,256,0.1,0.0002713586309097283,0.99,0.999,0.0008721631705653403,0.7,1,256,0.18856718616134788,COMPLETE
367,367,-0.3333333333333333,2022-03-07 04:52:45.262945,2022-03-07 04:53:04.321230,0 days 00:00:19.058285,256,0.1,0.0002737280909573669,0.99,0.999,0.0009852325748497832,0.7,1,256,0.18972570386038928,PRUNED
368,368,-2.0,2022-03-07 04:53:04.321230,2022-03-07 04:53:22.989183,0 days 00:00:18.667953,256,0.1,0.000266914441083448,0.99,0.999,0.000826466609541805,0.7,1,2048,0.6879125002699028,PRUNED
369,369,2.3333333333333335,2022-03-07 04:53:22.989183,2022-03-07 04:53:41.859137,0 days 00:00:18.869954,256,0.1,0.00025009586696339933,0.99,0.999,0.0008363707863035937,0.7,1,256,0.2275996440225324,PRUNED
370,370,2.6666666666666665,2022-03-07 04:53:41.859137,2022-03-07 04:54:00.660725,0 days 00:00:18.801588,256,0.1,0.00030349345164454284,0.99,0.999,0.0008917844373449718,0.7,1,1024,0.32856105896585314,PRUNED
371,371,-1.3333333333333333,2022-03-07 04:54:00.660725,2022-03-07 04:54:19.767478,0 days 00:00:19.106753,256,0.1,0.00022893809805718597,0.99,0.999,6.425944514129327e-05,0.7,1,256,0.19184657025215562,PRUNED
372,372,2.0,2022-03-07 04:54:19.767478,2022-03-07 04:54:38.515065,0 days 00:00:18.747587,256,0.1,0.00020807152647768243,0.99,0.999,0.0007001632246177603,0.7,1,2048,0.16206747245896502,PRUNED
373,373,15.333333333333334,2022-03-07 04:54:40.858772,2022-03-07 04:54:59.700485,0 days 00:00:18.841713,256,0.1,0.0013571728688987752,0.8,0.99,0.0007922640539342175,0.9,1,256,0.012408062783572864,PRUNED
374,374,8.0,2022-03-07 04:54:59.700485,2022-03-07 04:55:29.414922,0 days 00:00:29.714437,512,0.1,0.00034104505382194614,0.99,0.999,2.887160088227992e-05,5.0,10,64,0.20741709872810732,PRUNED
375,375,3.6666666666666665,2022-03-07 04:55:29.414922,2022-03-07 04:55:48.832484,0 days 00:00:19.417562,64,0.1,0.0002910935759200547,0.95,0.99,0.0007627692826219674,0.7,1,256,0.26031849132240853,PRUNED
376,376,8.0,2022-03-07 04:55:48.832484,2022-03-07 04:56:10.862239,0 days 00:00:22.029755,256,0.4,0.00084324173320061,0.98,0.99,0.00030879113998444335,0.3,10,512,0.19251321004384966,PRUNED
377,377,8.666666666666666,2022-03-07 04:56:10.862239,2022-03-07 04:56:30.251222,0 days 00:00:19.388983,512,0.3,0.00015753214049911042,0.99,0.999,0.0009165853795391546,0.3,5,2048,0.04902713564272839,PRUNED
378,378,9.0,2022-03-07 04:56:30.251222,2022-03-07 04:56:52.221888,0 days 00:00:21.970666,256,0.1,0.000173584015735019,0.95,0.99,0.0004846594659349873,0.7,10,1024,0.17490788029517587,PRUNED
379,379,4.333333333333333,2022-03-07 04:56:52.221888,2022-03-07 04:57:11.415216,0 days 00:00:19.193328,512,0.1,0.0011866736460901832,0.9,0.999,4.9190790377660627e-05,0.9,1,256,0.22360542515209086,PRUNED
380,380,-1.6666666666666667,2022-03-07 04:57:11.415216,2022-03-07 04:57:34.621574,0 days 00:00:23.206358,64,0.1,0.0016230476639633945,0.8,0.99,9.544290867237768e-05,0.3,5,2048,0.3905253055481662,PRUNED
381,381,7.666666666666667,2022-03-07 04:57:34.621574,2022-03-07 04:57:57.104269,0 days 00:00:22.482695,256,0.4,0.0003199511999832121,0.95,0.999,5.7320724394797944e-05,5.0,10,256,0.14094583175269843,PRUNED
382,382,-0.3333333333333333,2022-03-07 04:57:57.104269,2022-03-07 04:58:17.819938,0 days 00:00:20.715669,32,0.1,0.0027056388381913377,0.99,0.99,0.0004466337054992128,0.7,1,256,0.1756056517757981,PRUNED
383,383,-1.6666666666666667,2022-03-07 04:58:20.180652,2022-03-07 04:58:41.236355,0 days 00:00:21.055703,512,0.1,0.0002515968363198529,0.8,0.95,2.595478099898948e-05,0.3,10,1024,0.7080694205925304,PRUNED
384,384,0.6666666666666666,2022-03-07 04:58:41.236355,2022-03-07 04:59:02.284466,0 days 00:00:21.048111,128,0.1,0.00037310941949299876,0.95,0.99,7.0332034906531e-05,0.9,5,2048,0.02986007328592721,PRUNED
385,385,4.333333333333333,2022-03-07 04:59:02.284466,2022-03-07 04:59:22.813829,0 days 00:00:20.529363,32,0.4,0.00034411069183709576,0.99,0.9999,0.00012611043958114766,0.7,1,256,0.7472178198412149,PRUNED
386,386,5.0,2022-03-07 04:59:22.829454,2022-03-07 04:59:44.982281,0 days 00:00:22.152827,256,0.1,0.00018667407646232246,0.9,0.999,0.00038479962145745246,0.3,10,256,0.08685741336126611,PRUNED
387,387,12.0,2022-03-07 04:59:44.982281,2022-03-07 05:00:05.324254,0 days 00:00:20.341973,32,0.3,0.0009811621453791946,0.95,0.99,2.2355371494155295e-05,0.3,1,2048,0.24320628137243505,PRUNED
388,388,3.6666666666666665,2022-03-07 05:00:05.324254,2022-03-07 05:00:29.829624,0 days 00:00:24.505370,64,0.1,0.0005028213468310056,0.8,0.999,0.0006066396273261205,0.7,5,64,0.0011438237290497116,PRUNED
389,389,4.0,2022-03-07 05:00:29.829624,2022-03-07 05:00:51.824181,0 days 00:00:21.994557,512,0.1,0.00012768305339900382,0.99,0.99,7.952894195776495e-05,5.0,10,256,0.15962454957699979,PRUNED
390,390,8.333333333333334,2022-03-07 05:00:51.824181,2022-03-07 05:01:10.804678,0 days 00:00:18.980497,128,0.4,0.004913105123704633,0.98,0.99,0.00019948708230604973,0.9,1,1024,0.06363654743410638,PRUNED
391,391,1.6666666666666667,2022-03-07 05:01:10.804678,2022-03-07 05:01:49.788715,0 days 00:00:38.984037,32,0.1,0.00040391281150381237,0.95,0.999,0.0003451116974999545,0.3,10,256,0.21316302630993123,PRUNED
392,392,6.333333333333333,2022-03-07 05:01:49.788715,2022-03-07 05:02:31.388976,0 days 00:00:41.600261,256,0.1,0.0013612259254515342,0.8,0.99,5.286699968528986e-05,0.7,5,2048,0.1903848090641811,COMPLETE
393,393,10.0,2022-03-07 05:02:33.692658,2022-03-07 05:02:53.440597,0 days 00:00:19.747939,256,0.1,0.0013828508549595428,0.8,0.99,4.368322685128556e-05,0.7,5,2048,0.19492663469867136,PRUNED
394,394,7.0,2022-03-07 05:02:53.440597,2022-03-07 05:03:13.279698,0 days 00:00:19.839101,256,0.1,0.001343524458057744,0.8,0.999,5.4823292346817e-05,0.7,5,2048,0.1410744880170275,PRUNED
395,395,1.3333333333333333,2022-03-07 05:03:13.279698,2022-03-07 05:03:33.217948,0 days 00:00:19.938250,256,0.4,0.001822725958981524,0.8,0.99,5.280586161703768e-05,0.7,5,2048,0.1824472274940885,PRUNED
396,396,-1.3333333333333333,2022-03-07 05:03:33.217948,2022-03-07 05:03:53.058836,0 days 00:00:19.840888,256,0.1,0.0015972697726604887,0.8,0.999,4.9447584730658996e-05,0.7,5,2048,0.15682152529236304,PRUNED
397,397,5.0,2022-03-07 05:03:53.058836,2022-03-07 05:04:13.196055,0 days 00:00:20.137219,256,0.1,0.001100500870995447,0.8,0.99,6.105580571893125e-05,0.7,5,2048,0.22315236491878612,PRUNED
398,398,3.6666666666666665,2022-03-07 05:04:13.196055,2022-03-07 05:04:33.097737,0 days 00:00:19.901682,256,0.3,0.0010380242399295988,0.8,0.999,4.592246412957291e-05,0.7,5,2048,0.2500601703477742,PRUNED
399,399,8.333333333333334,2022-03-07 05:04:33.097737,2022-03-07 05:04:52.936980,0 days 00:00:19.839243,256,0.1,0.0014290594327857086,0.99,0.99,6.453605220008598e-05,0.7,5,2048,0.17327787354021779,PRUNED
400,400,-2.6666666666666665,2022-03-07 05:04:52.936980,2022-03-07 05:05:17.503773,0 days 00:00:24.566793,256,0.4,0.001270222209773994,0.8,0.99,0.00025831567242290556,1.0,10,128,0.20719363426989168,PRUNED
401,401,17.0,2022-03-07 05:05:17.503773,2022-03-07 05:05:38.523003,0 days 00:00:21.019230,128,0.1,0.00111793805934584,0.99,0.999,4.0802111447491284e-05,0.3,5,2048,0.7271570872087151,PRUNED
402,402,8.0,2022-03-07 05:05:38.523003,2022-03-07 05:05:59.349886,0 days 00:00:20.826883,512,0.1,0.0012384894855974264,0.9,0.995,5.702194225342049e-05,0.5,10,1024,0.1847368936857771,PRUNED
403,403,1.6666666666666667,2022-03-07 05:06:01.849889,2022-03-07 05:06:24.491301,0 days 00:00:22.641412,64,0.1,0.000434648349797724,0.8,0.99,3.0642470790953696e-05,0.7,5,2048,0.27661150276298374,PRUNED
404,404,1.0,2022-03-07 05:06:24.491301,2022-03-07 05:06:46.338230,0 days 00:00:21.846929,256,0.4,0.0004931217981302263,1.0,0.95,1.8250385317480793e-05,0.3,10,1024,0.2327796255066611,PRUNED
405,405,4.0,2022-03-07 05:06:46.338230,2022-03-07 05:07:07.177692,0 days 00:00:20.839462,128,0.1,0.00039357289573296574,0.99,0.999,2.347795879452828e-05,5.0,5,2048,0.9346246445421014,PRUNED
406,406,-0.3333333333333333,2022-03-07 05:07:07.177692,2022-03-07 05:07:36.744008,0 days 00:00:29.566316,512,0.1,0.0006562366150367335,0.8,0.99,5.172006698048965e-05,1.0,10,64,0.6440129490234029,PRUNED
407,407,1.3333333333333333,2022-03-07 05:07:36.744008,2022-03-07 05:07:58.932690,0 days 00:00:22.188682,256,0.1,0.0015677556612269776,0.99,0.995,0.0008900155877520969,0.3,10,512,0.1382202081006534,PRUNED
408,408,8.0,2022-03-07 05:07:58.932690,2022-03-07 05:08:42.717088,0 days 00:00:43.784398,128,0.4,0.003450857956594245,0.8,0.999,1.5307492491323877e-05,0.7,5,2048,0.20123738944559608,COMPLETE
409,409,16.0,2022-03-07 05:08:42.717088,2022-03-07 05:09:03.666977,0 days 00:00:20.949889,128,0.4,0.0037092798128936203,0.8,0.999,1.4539324385923751e-05,1.0,5,2048,0.20858552960778254,PRUNED
410,410,6.666666666666667,2022-03-07 05:09:03.666977,2022-03-07 05:09:24.803330,0 days 00:00:21.136353,128,0.4,0.004322555182704054,0.8,0.999,1.603499599753071e-05,0.7,5,1024,0.5048019511401465,PRUNED
411,411,0.0,2022-03-07 05:09:24.803330,2022-03-07 05:09:46.206424,0 days 00:00:21.403094,128,0.4,0.00310133839611808,0.8,0.999,0.0004277341650029741,0.3,5,256,0.2561880648003473,PRUNED
412,412,0.6666666666666666,2022-03-07 05:09:46.206424,2022-03-07 05:10:07.771692,0 days 00:00:21.565268,128,0.4,0.0028460224633476755,0.8,0.999,1.436923139876658e-05,0.7,5,256,0.23734713540068478,PRUNED
413,413,14.333333333333334,2022-03-07 05:10:10.224820,2022-03-07 05:10:31.141109,0 days 00:00:20.916289,128,0.4,0.0023942087583956337,0.8,0.999,4.88831677193888e-05,0.3,5,2048,0.5675969153966287,PRUNED
414,414,3.3333333333333335,2022-03-07 05:10:31.141109,2022-03-07 05:10:52.605893,0 days 00:00:21.464784,128,0.4,0.003457285300282477,0.8,0.999,1.5835873756815486e-05,5.0,5,256,0.20352885706211726,PRUNED
415,415,7.0,2022-03-07 05:10:52.605893,2022-03-07 05:11:13.691459,0 days 00:00:21.085566,128,0.4,0.0005458838471993414,0.98,0.999,5.7989020768477165e-05,1.0,5,1024,0.6962358734873577,PRUNED
416,416,11.666666666666666,2022-03-07 05:11:13.691459,2022-03-07 05:11:36.355140,0 days 00:00:22.663681,64,0.3,0.004439481357138926,0.9,0.999,6.630864731329149e-05,0.7,5,2048,0.10105549940357998,PRUNED
417,417,-5.666666666666667,2022-03-07 05:11:36.355140,2022-03-07 05:11:58.592175,0 days 00:00:22.237035,256,0.4,0.00015701160100340048,0.8,0.995,3.7109085710241035e-05,0.3,10,256,0.4233180124186583,PRUNED
418,418,6.0,2022-03-07 05:11:58.592175,2022-03-07 05:12:20.338797,0 days 00:00:21.746622,128,0.2,0.0020686852648739303,0.99,0.9999,0.0006985545074232864,1.0,5,256,0.7506905960127703,PRUNED
419,419,-3.0,2022-03-07 05:12:20.338797,2022-03-07 05:12:59.175701,0 days 00:00:38.836904,32,0.4,0.0018122650464375215,0.8,0.999,0.0005300846908881367,0.3,10,64,0.67425567391764,PRUNED
420,420,9.0,2022-03-07 05:12:59.175701,2022-03-07 05:13:23.631927,0 days 00:00:24.456226,256,0.2,0.0034446321517742685,0.99,0.999,1.9749711318831863e-05,0.7,20,2048,0.19277262996352654,PRUNED
421,421,7.333333333333333,2022-03-07 05:13:23.631927,2022-03-07 05:14:02.215380,0 days 00:00:38.583453,32,0.4,0.004157543112560331,0.99,0.995,7.529435155621543e-05,5.0,10,128,0.7196288313645728,PRUNED
422,422,-2.3333333333333335,2022-03-07 05:14:02.215380,2022-03-07 05:14:45.623728,0 days 00:00:43.408348,128,0.3,0.0006066027377786252,0.8,0.999,4.485017908178725e-05,0.3,5,256,0.2954831310651804,COMPLETE
423,423,3.3333333333333335,2022-03-07 05:14:48.334727,2022-03-07 05:15:16.683747,0 days 00:00:28.349020,64,0.1,0.0011542979329572248,0.95,0.9,1.8098186237293177e-05,1.0,10,1024,0.1640084470370712,PRUNED
424,424,16.0,2022-03-07 05:15:16.683747,2022-03-07 05:16:08.307937,0 days 00:00:51.624190,32,0.2,0.004052509347711697,0.9,0.999,5.443519176349701e-05,0.7,20,2048,0.22126015180189704,PRUNED
425,425,1.0,2022-03-07 05:16:08.307937,2022-03-07 05:16:28.711471,0 days 00:00:20.403534,256,0.1,0.0008921294524179551,0.99,0.995,2.744645948549769e-05,0.3,5,256,0.07997370154892629,PRUNED
426,426,4.666666666666667,2022-03-07 05:16:28.711471,2022-03-07 05:16:53.219397,0 days 00:00:24.507926,128,0.4,0.0007610750985590027,0.98,0.999,0.0004679233578740788,0.7,10,256,0.12864065784868212,PRUNED
427,427,0.0,2022-03-07 05:16:53.219397,2022-03-07 05:17:44.699320,0 days 00:00:51.479923,32,0.1,0.0037168466726322648,0.95,0.99,1.691109886867525e-05,1.0,20,2048,0.8851122348448677,PRUNED
428,428,-0.6666666666666666,2022-03-07 05:17:44.699320,2022-03-07 05:18:04.739411,0 days 00:00:20.040091,256,0.2,0.00014218411617974335,0.8,0.99,4.0703938611743416e-05,0.3,5,1024,0.35340710648856705,PRUNED
429,429,2.3333333333333335,2022-03-07 05:18:04.739411,2022-03-07 05:18:43.195871,0 days 00:00:38.456460,32,0.1,0.004997931439709534,0.99,0.999,0.00034850714376010117,0.5,10,256,0.7879190690536053,PRUNED
430,430,10.333333333333334,2022-03-07 05:18:43.195871,2022-03-07 05:19:26.915657,0 days 00:00:43.719786,128,0.4,0.001377306862892251,0.95,0.995,0.00023712013198685597,0.7,5,2048,0.8485674955035668,COMPLETE
431,431,8.666666666666666,2022-03-07 05:19:26.915657,2022-03-07 05:19:47.693844,0 days 00:00:20.778187,128,0.4,0.001474774789092213,0.95,0.995,0.0002264917270524559,0.7,5,2048,0.8246450674437866,PRUNED
432,432,7.333333333333333,2022-03-07 05:19:47.693844,2022-03-07 05:20:09.302330,0 days 00:00:21.608486,128,0.4,0.0016610621428179942,0.95,0.995,8.826890543682819e-05,0.7,5,256,0.842890070743861,PRUNED
433,433,12.0,2022-03-07 05:20:12.021085,2022-03-07 05:20:33.708565,0 days 00:00:21.687480,128,0.4,0.0012299587030001739,0.95,0.995,0.00031480962852027883,0.7,5,256,0.8971056184263773,PRUNED
434,434,11.0,2022-03-07 05:20:33.708565,2022-03-07 05:20:55.159024,0 days 00:00:21.450459,128,0.4,0.0013583115121623163,0.95,0.995,0.0003670344201653439,0.7,5,512,0.7647664671957197,PRUNED
435,435,5.0,2022-03-07 05:20:55.159024,2022-03-07 05:21:15.936384,0 days 00:00:20.777360,128,0.4,0.0013168479029705192,0.95,0.995,0.00027326298350925795,0.7,5,2048,0.8688381123742234,PRUNED
436,436,0.3333333333333333,2022-03-07 05:21:15.936384,2022-03-07 05:21:37.160722,0 days 00:00:21.224338,128,0.4,0.001936990047301616,0.95,0.995,0.0001777967259093838,0.7,5,1024,0.9125267182644557,PRUNED
437,437,9.333333333333334,2022-03-07 05:21:37.160722,2022-03-07 05:22:01.332411,0 days 00:00:24.171689,128,0.4,0.0011925224594578918,0.95,0.995,5.0569176850818295e-05,0.7,5,64,0.8567483452786705,PRUNED
438,438,0.0,2022-03-07 05:22:01.332411,2022-03-07 05:22:29.998293,0 days 00:00:28.665882,32,0.4,0.002534450548756423,0.8,0.95,5.680432928375774e-05,5.0,5,256,0.1608429637303184,PRUNED
