,number,value,datetime_start,datetime_complete,duration,params_batch_size,params_clip_range,params_ent_coef,params_gae_lambda,params_gamma,params_learning_rate,params_max_grad_norm,params_n_epochs,params_n_steps,params_vf_coef,state
766,766,-0.6666666666666666,2022-03-07 08:41:44.121849,2022-03-07 08:42:04.508924,0 days 00:00:20.387075,32,0.3,0.002292191883434331,0.92,0.995,0.00011985966378034854,0.3,1,1024,0.046904113489441866,PRUNED
767,767,1.6666666666666667,2022-03-07 08:42:04.508924,2022-03-07 08:42:39.558570,0 days 00:00:35.049646,32,0.1,0.00037587073783763777,0.95,0.99,0.00015643395431139394,0.7,10,2048,0.7836351294517163,PRUNED
768,768,7.0,2022-03-07 08:42:39.558570,2022-03-07 08:43:08.567976,0 days 00:00:29.009406,32,0.4,0.0005541325005122882,0.99,0.999,0.0004048344537212411,5.0,5,256,0.21960456043021362,PRUNED
769,769,-4.333333333333333,2022-03-07 08:43:08.567976,2022-03-07 08:43:39.249534,0 days 00:00:30.681558,128,0.2,0.00045587218649236166,0.95,0.99,0.00014128206836294097,0.3,20,128,0.08866436549652804,PRUNED
770,770,-0.3333333333333333,2022-03-07 08:43:39.249534,2022-03-07 08:44:17.696235,0 days 00:00:38.446701,32,0.1,0.00030977161287067286,0.9,0.995,2.1727897903407778e-05,0.7,10,256,0.8170236690889598,PRUNED
771,771,4.333333333333333,2022-03-07 08:44:17.696235,2022-03-07 08:44:45.074202,0 days 00:00:27.377967,64,0.1,0.000680147181222595,0.99,0.99,0.00036236058377300286,0.9,10,2048,0.15908652839407958,PRUNED
772,772,-4.666666666666667,2022-03-07 08:44:45.074202,2022-03-07 08:45:12.723622,0 days 00:00:27.649420,32,0.4,0.0040395941699327064,0.95,0.999,0.00012953081918333395,1.0,5,1024,0.8542793090307289,PRUNED
773,773,2.0,2022-03-07 08:45:16.760678,2022-03-07 08:45:42.578141,0 days 00:00:25.817463,512,0.2,0.00041365710088020897,0.98,0.99,0.00046157534095977727,0.3,20,256,0.8932899294077324,PRUNED
774,774,4.0,2022-03-07 08:45:42.578141,2022-03-07 08:46:21.855888,0 days 00:00:39.277747,32,0.1,0.0008622802846627829,0.8,0.995,2.536425078266545e-05,5.0,10,64,0.20074882657884166,PRUNED
775,775,5.666666666666667,2022-03-07 08:46:21.871513,2022-03-07 08:47:00.847353,0 days 00:00:38.975840,128,0.1,0.00034903627394667274,0.92,0.99,0.0001840181452430064,0.7,1,512,0.41144199859336067,COMPLETE
776,776,-3.6666666666666665,2022-03-07 08:47:00.847353,2022-03-07 08:47:39.505126,0 days 00:00:38.657773,32,0.4,0.0005125647915478707,0.95,0.999,3.028867089389837e-05,0.7,10,256,0.23883911272327604,PRUNED
777,777,13.0,2022-03-07 08:47:39.505126,2022-03-07 08:48:06.232169,0 days 00:00:26.727043,32,0.1,0.005350805851580944,0.99,0.99,0.0002050786095767295,1.0,5,2048,0.06291523968142702,PRUNED
778,778,2.6666666666666665,2022-03-07 08:48:06.232169,2022-03-07 08:49:01.759426,0 days 00:00:55.527257,32,0.2,0.00026174456876807355,0.8,0.995,2.0218978665339746e-05,0.3,20,1024,0.17592848756901944,PRUNED
779,779,-6.333333333333333,2022-03-07 08:49:01.759426,2022-03-07 08:49:30.903829,0 days 00:00:29.144403,64,0.3,0.00047578520866439127,0.95,0.99,2.2579745534010322e-05,5.0,10,256,0.5582531173919533,PRUNED
780,780,4.333333333333333,2022-03-07 08:49:30.903829,2022-03-07 08:49:52.357586,0 days 00:00:21.453757,128,0.1,0.0005795986636897022,1.0,0.999,0.0007582859591488142,0.7,5,256,0.719370504030312,PRUNED
781,781,5.0,2022-03-07 08:49:52.357586,2022-03-07 08:50:14.949813,0 days 00:00:22.592227,512,0.4,0.00010971663889614837,0.99,0.99,0.0003312170027164586,0.9,20,2048,0.25172746916444005,PRUNED
782,782,5.0,2022-03-07 08:50:14.949813,2022-03-07 08:50:51.942040,0 days 00:00:36.992227,32,0.1,0.0019645025576974194,0.92,0.995,0.00013554556768195173,0.3,10,1024,0.14059400590340249,PRUNED
783,783,2.0,2022-03-07 08:50:56.262237,2022-03-07 08:51:35.110895,0 days 00:00:38.848658,32,0.2,0.00039482941019681984,0.9,0.99,0.00016252354185001888,1.0,10,128,0.10157700050323369,PRUNED
784,784,4.333333333333333,2022-03-07 08:51:35.110895,2022-03-07 08:52:03.587938,0 days 00:00:28.477043,32,0.1,0.00032713208652697856,0.95,0.999,0.00043543192985780497,0.7,5,256,0.7541330651076004,PRUNED
785,785,0.3333333333333333,2022-03-07 08:52:03.587938,2022-03-07 08:52:23.428493,0 days 00:00:19.840555,128,0.4,0.00015682244867506903,0.99,0.9999,0.0002906697503846953,0.3,1,64,0.20693903592826862,PRUNED
786,786,1.6666666666666667,2022-03-07 08:52:23.428493,2022-03-07 08:53:15.109376,0 days 00:00:51.680883,32,0.1,0.0004453793396332266,0.8,0.99,2.412593574709788e-05,5.0,20,2048,0.1918831709872031,PRUNED
787,787,0.3333333333333333,2022-03-07 08:53:15.109376,2022-03-07 08:53:53.664321,0 days 00:00:38.554945,32,0.2,0.00165124230777993,0.95,0.995,1.8736857241268888e-05,0.7,10,256,0.21874048277910454,PRUNED
788,788,6.0,2022-03-07 08:53:53.664321,2022-03-07 08:54:14.455924,0 days 00:00:20.791603,512,0.1,0.000368329750954343,0.99,0.99,0.0006261663207758478,0.3,10,1024,0.3547709354238161,PRUNED
789,789,3.0,2022-03-07 08:54:14.455924,2022-03-07 08:54:38.300730,0 days 00:00:23.844806,64,0.4,0.00028798229545279796,0.92,0.999,0.0001197059557963419,1.0,5,256,0.2631863011973242,PRUNED
790,790,1.0,2022-03-07 08:54:38.300730,2022-03-07 08:55:29.652035,0 days 00:00:51.351305,32,0.1,0.00013195664467648689,0.95,0.995,1.6469066392871958e-05,0.5,20,2048,0.7986467013665247,PRUNED
791,791,1.0,2022-03-07 08:55:29.652035,2022-03-07 08:55:54.170139,0 days 00:00:24.518104,128,0.3,0.00042757421195489445,0.8,0.99,0.00010052577660392272,0.9,10,256,0.16221678768426157,PRUNED
792,792,2.3333333333333335,2022-03-07 08:55:54.170139,2022-03-07 08:56:22.022843,0 days 00:00:27.852704,32,0.2,0.0004872083072940975,0.9,0.999,0.0002664640499029671,0.7,5,1024,0.23236949979187438,PRUNED
793,793,-4.666666666666667,2022-03-07 08:56:26.132224,2022-03-07 08:57:04.780060,0 days 00:00:38.647836,32,0.1,0.0005386282142893125,0.95,0.99,3.285555049470697e-05,5.0,10,256,0.9328801217412858,PRUNED
794,794,18.0,2022-03-07 08:57:04.780060,2022-03-07 08:57:56.192427,0 days 00:00:51.412367,32,0.4,0.0006041555280397314,0.99,0.995,0.0001492885688323223,0.3,20,2048,0.0775393623736341,PRUNED
795,795,8.333333333333334,2022-03-07 08:57:56.192427,2022-03-07 08:58:16.047317,0 days 00:00:19.854890,128,0.1,0.00023225885353473223,0.95,0.99,0.00022945878016731325,0.7,1,64,0.4816984842188021,PRUNED
796,796,1.6666666666666667,2022-03-07 08:58:16.047317,2022-03-07 08:58:54.613967,0 days 00:00:38.566650,32,0.1,0.0007311560938585133,0.99,0.999,0.00017524361661367795,1.0,10,256,0.5228587356170927,PRUNED
797,797,7.0,2022-03-07 08:58:54.613967,2022-03-07 08:59:17.948089,0 days 00:00:23.334122,64,0.4,0.00037952981457591066,0.92,0.99,2.6338799158281472e-05,0.3,5,1024,0.1818210362429251,PRUNED
798,798,0.0,2022-03-07 08:59:17.948089,2022-03-07 09:00:19.439160,0 days 00:01:01.491071,512,0.2,0.0003399101968727308,0.8,0.995,0.0003685763921637861,0.7,20,128,0.11824956138593032,COMPLETE
799,799,-0.6666666666666666,2022-03-07 09:00:19.439160,2022-03-07 09:00:54.332718,0 days 00:00:34.893558,32,0.1,0.0018064575204666529,0.95,0.99,0.00013280434796143707,5.0,10,2048,0.45116134143554854,PRUNED
800,800,7.0,2022-03-07 09:00:54.332718,2022-03-07 09:01:33.386545,0 days 00:00:39.053827,32,0.1,0.003012835626616388,0.98,0.999,2.092217674410038e-05,0.9,10,256,0.7307842885610422,PRUNED
801,801,14.0,2022-03-07 09:01:33.386545,2022-03-07 09:01:55.017024,0 days 00:00:21.630479,128,0.4,0.00042744135950763474,0.99,0.99,1.344186250292831e-05,0.3,5,256,0.2784059390289799,PRUNED
802,802,8.333333333333334,2022-03-07 09:01:55.017024,2022-03-07 09:02:46.197933,0 days 00:00:51.180909,32,0.2,0.00030786574962152533,0.95,0.995,2.835231930671868e-05,0.7,20,2048,0.8337922782082245,PRUNED
803,803,2.0,2022-03-07 09:02:50.425081,2022-03-07 09:03:27.680769,0 days 00:00:37.255688,32,0.1,0.0005409388255396673,0.9,0.99,0.0004013593491095079,1.0,10,1024,0.15116039055232633,PRUNED
804,804,3.0,2022-03-07 09:03:27.680769,2022-03-07 09:03:48.099209,0 days 00:00:20.418440,32,0.1,0.000269177963374594,0.8,0.999,5.005852470325481e-05,5.0,1,512,0.21740629520200155,PRUNED
805,805,-1.3333333333333333,2022-03-07 09:03:48.099209,2022-03-07 09:04:11.908460,0 days 00:00:23.809251,64,0.4,0.00038911555147090723,0.99,0.99,0.0001518774626011426,0.3,5,256,0.3777358172164041,PRUNED
806,806,-6.666666666666667,2022-03-07 09:04:11.908460,2022-03-07 09:04:41.387381,0 days 00:00:29.478921,512,0.3,0.000482273414659667,0.92,0.995,0.00011356459373867193,0.7,10,64,0.19523477027137012,PRUNED
807,807,10.333333333333334,2022-03-07 09:04:41.387381,2022-03-07 09:05:40.220900,0 days 00:00:58.833519,32,0.2,0.0006425785180923688,0.95,0.99,2.4408676668128045e-05,1.0,20,256,0.6109343668512662,PRUNED
808,808,8.0,2022-03-07 09:05:40.220900,2022-03-07 09:06:03.473069,0 days 00:00:23.252169,128,0.1,0.00019868494569073844,0.95,0.999,0.0004863637572532597,0.7,10,2048,0.6956613006410136,PRUNED
809,809,13.333333333333334,2022-03-07 09:06:03.473069,2022-03-07 09:06:31.197197,0 days 00:00:27.724128,32,0.4,0.0022581982922080727,0.99,0.99,1.579070218183781e-05,0.3,5,1024,0.24047104224536586,PRUNED
810,810,1.0,2022-03-07 09:06:31.197197,2022-03-07 09:07:29.608456,0 days 00:00:58.411259,32,0.1,0.0003552170412908985,1.0,0.995,0.00016595557324081592,5.0,20,256,0.05364787260792094,PRUNED
811,811,-1.0,2022-03-07 09:07:29.608456,2022-03-07 09:08:04.502822,0 days 00:00:34.894366,32,0.1,0.00045389456635706074,0.8,0.99,0.00018966305211425894,0.7,10,2048,0.7639555503299108,PRUNED
812,812,1.3333333333333333,2022-03-07 09:08:04.502822,2022-03-07 09:08:23.640952,0 days 00:00:19.138130,128,0.2,0.0003130545951364578,0.95,0.999,0.0005619657400529638,0.9,1,256,0.8644407361443168,PRUNED
813,813,-3.3333333333333335,2022-03-07 09:08:28.162303,2022-03-07 09:09:05.228798,0 days 00:00:37.066495,32,0.4,0.000511514225605669,0.99,0.9999,5.654826861260587e-05,0.3,10,1024,0.09117091119519113,PRUNED
814,814,5.333333333333333,2022-03-07 09:09:05.228798,2022-03-07 09:09:29.170163,0 days 00:00:23.941365,64,0.1,0.0007917212394477955,0.92,0.995,0.00014049237904439994,1.0,5,128,0.1753283361457104,PRUNED
815,815,15.666666666666666,2022-03-07 09:09:29.170163,2022-03-07 09:10:09.476407,0 days 00:00:40.306244,512,0.1,0.00042512328440317914,0.95,0.99,0.00012367347416756484,0.7,20,64,0.030610356894031136,PRUNED
816,816,16.666666666666668,2022-03-07 09:10:09.476407,2022-03-07 09:10:47.907007,0 days 00:00:38.430600,32,0.2,0.002533469477979671,0.9,0.999,2.2152988560570646e-05,0.3,10,256,0.14322913623442385,PRUNED
817,817,-0.3333333333333333,2022-03-07 09:10:47.907007,2022-03-07 09:11:14.411533,0 days 00:00:26.504526,32,0.4,0.00034102993027888205,0.99,0.99,1.971941778082393e-05,5.0,5,2048,0.4972115855802571,PRUNED
818,818,1.0,2022-03-07 09:11:14.411533,2022-03-07 09:11:38.896658,0 days 00:00:24.485125,128,0.1,0.0005860120662842405,0.8,0.995,1.1754968723862684e-05,0.5,10,256,0.20546345345157088,PRUNED
819,819,-1.3333333333333333,2022-03-07 09:11:38.896658,2022-03-07 09:12:34.127641,0 days 00:00:55.230983,32,0.3,0.00039855356011111445,0.95,0.99,0.00032000777682801926,0.7,20,1024,0.12574189049415702,PRUNED
820,820,7.666666666666667,2022-03-07 09:12:34.127641,2022-03-07 09:13:12.879866,0 days 00:00:38.752225,32,0.1,0.001959249532391993,0.99,0.999,4.5906403244913735e-05,0.3,10,256,0.9096113473923723,PRUNED
821,821,-1.0,2022-03-07 09:13:12.879866,2022-03-07 09:13:39.498420,0 days 00:00:26.618554,32,0.2,0.0005394936434820541,0.92,0.99,0.0006877834668216272,1.0,5,2048,0.881082888362009,PRUNED
822,822,-1.0,2022-03-07 09:13:39.498420,2022-03-07 09:13:58.554747,0 days 00:00:19.056327,128,0.4,0.00036713654834431093,0.95,0.995,1.811978267708239e-05,0.9,1,256,0.5718673928622354,PRUNED
823,823,4.666666666666667,2022-03-07 09:14:02.972851,2022-03-07 09:14:41.206512,0 days 00:00:38.233661,64,0.1,0.0016894121699081483,0.9,0.99,0.0004325348544358303,0.7,20,1024,0.2533768831726542,PRUNED
824,824,-2.3333333333333335,2022-03-07 09:14:41.206512,2022-03-07 09:15:20.122310,0 days 00:00:38.915798,32,0.1,0.0002518558881829903,0.8,0.999,0.0001510653062967795,5.0,10,64,0.22118585630314827,PRUNED
825,825,4.0,2022-03-07 09:15:20.122310,2022-03-07 09:15:42.306977,0 days 00:00:22.184667,512,0.4,0.0002912430710839961,0.95,0.99,0.00012547742387864413,0.3,10,256,0.31826657195695646,PRUNED
826,826,1.6666666666666667,2022-03-07 09:15:42.306977,2022-03-07 09:16:09.117211,0 days 00:00:26.810234,32,0.2,0.0007022445037711758,0.99,0.995,0.0001065819377792884,0.7,5,2048,0.7399307569534914,PRUNED
827,827,1.3333333333333333,2022-03-07 09:16:09.117211,2022-03-07 09:17:06.662586,0 days 00:00:57.545375,32,0.1,0.0004749461533134121,0.95,0.99,2.6619868143238484e-05,0.3,20,512,0.7818959200305449,PRUNED
828,828,3.6666666666666665,2022-03-07 09:17:06.662586,2022-03-07 09:17:31.167053,0 days 00:00:24.504467,128,0.1,0.00041302579105379796,0.92,0.9,5.997499769084364e-05,1.0,10,256,0.18932303414599078,PRUNED
829,829,7.0,2022-03-07 09:17:31.167053,2022-03-07 09:18:09.723410,0 days 00:00:38.556357,32,0.4,0.00014447475573235868,0.98,0.999,0.0003522609242118943,0.7,10,128,0.16164684458643785,PRUNED
830,830,9.0,2022-03-07 09:18:09.723410,2022-03-07 09:18:37.305734,0 days 00:00:27.582324,32,0.1,0.0003195403045320469,0.99,0.99,0.00020931220572209059,5.0,5,1024,0.10712239600315882,PRUNED
831,831,1.6666666666666667,2022-03-07 09:18:37.305734,2022-03-07 09:19:13.200229,0 days 00:00:35.894495,64,0.2,0.0006385106301212958,0.8,0.995,2.2324821314517825e-05,0.9,20,2048,0.27422930181721566,PRUNED
832,832,9.0,2022-03-07 09:19:13.200229,2022-03-07 09:19:51.738268,0 days 00:00:38.538039,32,0.3,0.0036364471966145303,0.95,0.99,0.00013706507093600595,0.3,10,256,0.2337718082989008,PRUNED
833,833,6.0,2022-03-07 09:19:56.213870,2022-03-07 09:20:15.309161,0 days 00:00:19.095291,512,0.1,0.0005116341641921533,0.99,0.999,0.00017284511403081686,0.7,1,256,0.2034598487019918,PRUNED
834,834,2.0,2022-03-07 09:20:15.309161,2022-03-07 09:20:36.209782,0 days 00:00:20.900621,128,0.4,0.0001667912929214553,0.9,0.99,5.2065806736765326e-05,1.0,5,2048,0.06148772721385657,PRUNED
835,835,-4.333333333333333,2022-03-07 09:20:36.209782,2022-03-07 09:21:31.689574,0 days 00:00:55.479792,32,0.1,0.002728452935094219,0.95,0.995,0.00025425490830334783,5.0,20,1024,0.4212344067526358,PRUNED
836,836,9.0,2022-03-07 09:21:31.689574,2022-03-07 09:22:10.636952,0 days 00:00:38.947378,32,0.2,0.00044792237323331455,0.8,0.9999,3.353990522915001e-05,0.3,10,64,0.7100923288196029,PRUNED
837,837,0.6666666666666666,2022-03-07 09:22:10.636952,2022-03-07 09:22:49.190399,0 days 00:00:38.553447,32,0.1,0.0015409194219603362,0.92,0.99,1.680425552262455e-05,0.7,10,256,0.07765000967651249,PRUNED
838,838,1.0,2022-03-07 09:22:49.190399,2022-03-07 09:23:10.938023,0 days 00:00:21.747624,128,0.4,0.00028508602906702183,0.99,0.999,2.412475872299784e-05,1.0,5,256,0.17284922399718394,PRUNED
839,839,-5.333333333333333,2022-03-07 09:23:10.938023,2022-03-07 09:23:45.750843,0 days 00:00:34.812820,32,0.1,0.0003728503010321349,0.95,0.995,0.00015893664203786914,0.7,10,2048,0.253632896410956,PRUNED
840,840,9.0,2022-03-07 09:23:45.750843,2022-03-07 09:24:23.868481,0 days 00:00:38.117638,64,0.2,0.0005894056112385265,0.95,0.99,0.00029825420811271724,0.3,20,1024,0.09841635366483835,PRUNED
841,841,4.666666666666667,2022-03-07 09:24:23.868481,2022-03-07 09:24:44.381201,0 days 00:00:20.512720,32,0.1,0.00033369315941679756,0.99,0.9,1.478588087044959e-05,0.9,1,256,0.19386711508812496,PRUNED
842,842,15.333333333333334,2022-03-07 09:24:44.381201,2022-03-07 09:25:09.101607,0 days 00:00:24.720406,512,0.4,0.00046316143420713576,1.0,0.99,1.983296558291194e-05,5.0,10,128,0.5412352578896071,PRUNED
843,843,2.0,2022-03-07 09:25:13.445361,2022-03-07 09:25:40.187830,0 days 00:00:26.742469,32,0.1,0.00040702715320838296,0.8,0.999,0.0009894030771997436,0.7,5,2048,0.7563932086371877,PRUNED
844,844,7.666666666666667,2022-03-07 09:25:40.203455,2022-03-07 09:26:10.857356,0 days 00:00:30.653901,128,0.1,0.00022199907538402879,0.95,0.995,2.9798668889930455e-05,0.3,20,256,0.5988025357972421,PRUNED
845,845,7.333333333333333,2022-03-07 09:26:10.872982,2022-03-07 09:26:47.790203,0 days 00:00:36.917221,32,0.2,0.00048389777664562797,0.9,0.99,0.00038801017017087115,1.0,10,1024,0.8134735549938648,PRUNED
846,846,7.333333333333333,2022-03-07 09:26:47.790203,2022-03-07 09:27:16.634987,0 days 00:00:28.844784,32,0.3,0.00035376499326317956,0.92,0.999,4.668565342436679e-05,0.5,5,64,0.14382496132036474,PRUNED
847,847,8.333333333333334,2022-03-07 09:27:16.634987,2022-03-07 09:27:55.252038,0 days 00:00:38.617051,32,0.4,0.0031883261509642797,0.99,0.99,0.00019551742098840996,0.7,10,256,0.22776206683278352,PRUNED
848,848,8.0,2022-03-07 09:27:55.252038,2022-03-07 09:28:31.410394,0 days 00:00:36.158356,64,0.1,0.0005412515969087806,0.95,0.995,0.00013369059985499603,0.3,20,2048,0.1791821260677427,PRUNED
849,849,16.666666666666668,2022-03-07 09:28:31.410394,2022-03-07 09:28:50.748047,0 days 00:00:19.337653,128,0.1,0.0002787140447528593,0.99,0.99,0.00014508924678221385,5.0,1,256,0.21911583302269302,PRUNED
850,850,7.333333333333333,2022-03-07 09:28:50.748047,2022-03-07 09:29:28.047516,0 days 00:00:37.299469,32,0.2,0.0020611470498100443,0.95,0.999,2.5773596769390745e-05,0.7,10,1024,0.2635661726720603,PRUNED
851,851,5.0,2022-03-07 09:29:28.047516,2022-03-07 09:29:48.448541,0 days 00:00:20.401025,512,0.4,0.0003889055354884638,0.8,0.99,0.00011823679325319245,0.9,5,256,0.11773200416588298,PRUNED
852,852,6.666666666666667,2022-03-07 09:29:48.448541,2022-03-07 09:30:39.757709,0 days 00:00:51.309168,32,0.1,0.0003104771270768522,0.92,0.995,0.0002269411489433382,1.0,20,2048,0.01621799872421087,PRUNED
853,853,18.333333333333332,2022-03-07 09:30:44.163959,2022-03-07 09:31:23.399961,0 days 00:00:39.236002,32,0.1,0.0008562780423785724,0.99,0.99,9.481818013983045e-05,0.3,10,256,0.7315002901624317,PRUNED
854,854,-1.3333333333333333,2022-03-07 09:31:23.399961,2022-03-07 09:32:01.563389,0 days 00:00:38.163428,32,0.4,0.00011361375775330552,0.95,0.999,2.0774154083911637e-05,0.7,10,512,0.6372987813507182,PRUNED
855,855,1.3333333333333333,2022-03-07 09:32:01.563389,2022-03-07 09:32:22.794944,0 days 00:00:21.231555,128,0.2,0.0005567619408203939,0.9,0.9,0.0004969815279486017,5.0,5,1024,0.8387757279405654,PRUNED
856,856,-0.3333333333333333,2022-03-07 09:32:22.794944,2022-03-07 09:33:22.076792,0 days 00:00:59.281848,32,0.1,0.00042756270580695296,0.8,0.99,2.3235541849623937e-05,0.3,20,64,0.1626509553349157,PRUNED
857,857,14.333333333333334,2022-03-07 09:33:22.076792,2022-03-07 09:33:49.329480,0 days 00:00:27.252688,64,0.1,0.0006640667315120043,0.98,0.995,0.00044794880814755207,0.7,10,2048,0.2074269868915798,PRUNED
858,858,0.3333333333333333,2022-03-07 09:33:49.329480,2022-03-07 09:34:10.050172,0 days 00:00:20.720692,32,0.4,0.0004916772021584231,0.95,0.99,4.344839579909971e-05,1.0,1,256,0.07730283778519777,PRUNED
859,859,9.666666666666666,2022-03-07 09:34:10.050172,2022-03-07 09:34:31.686730,0 days 00:00:21.636558,512,0.3,0.0002576705568941329,0.99,0.999,5.2997469602280775e-05,0.3,5,128,0.9484730287366279,PRUNED
860,860,2.0,2022-03-07 09:34:31.686730,2022-03-07 09:35:10.305628,0 days 00:00:38.618898,32,0.2,0.004445453752220929,0.95,0.99,0.00017134436295462196,5.0,10,256,0.6816914534956563,PRUNED
861,861,4.0,2022-03-07 09:35:10.305628,2022-03-07 09:35:39.891501,0 days 00:00:29.585873,128,0.1,0.0003547695434303468,0.92,0.995,0.00015191903477248075,0.7,20,1024,0.7898052736453866,PRUNED
862,862,2.3333333333333335,2022-03-07 09:35:39.891501,2022-03-07 09:36:14.863252,0 days 00:00:34.971751,32,0.1,0.0001295316687936852,0.99,0.99,0.00033840000548117946,0.9,10,2048,0.2395552312870359,PRUNED
863,863,4.333333333333333,2022-03-07 09:36:19.441374,2022-03-07 09:36:48.085805,0 days 00:00:28.644431,32,0.4,0.0016845902411388985,0.8,0.9999,0.0003923112536536768,0.3,5,256,0.04533323306542429,PRUNED
864,864,6.0,2022-03-07 09:36:48.085805,2022-03-07 09:37:46.822447,0 days 00:00:58.736642,32,0.1,0.00043981029201323993,0.95,0.999,1.74738489559103e-05,1.0,20,256,0.13316637058019387,PRUNED
865,865,6.666666666666667,2022-03-07 09:37:46.822447,2022-03-07 09:38:16.365151,0 days 00:00:29.542704,128,0.2,0.0021767411133301598,0.99,0.99,5.876271427498928e-05,0.7,10,64,0.19574838947618212,PRUNED
866,866,-1.3333333333333333,2022-03-07 09:38:16.365151,2022-03-07 09:38:38.125405,0 days 00:00:21.760254,256,0.1,0.00032092498729543187,0.9,0.995,3.693612469882043e-05,5.0,10,1024,0.8532298593185065,PRUNED
867,867,1.3333333333333333,2022-03-07 09:38:38.125405,2022-03-07 09:39:00.954916,0 days 00:00:22.829511,64,0.4,0.0006172471318985198,0.95,0.99,2.126681913355495e-05,0.3,5,2048,0.7644029152281727,PRUNED
868,868,2.6666666666666665,2022-03-07 09:39:00.954916,2022-03-07 09:39:59.528778,0 days 00:00:58.573862,32,0.1,0.000503780682702088,0.8,0.999,2.7231599438020445e-05,0.7,20,256,0.21578848187764715,PRUNED
869,869,11.333333333333334,2022-03-07 09:39:59.528778,2022-03-07 09:40:18.074317,0 days 00:00:18.545539,512,0.2,0.0018785953680884781,1.0,0.995,0.00016275839244641636,1.0,1,2048,0.18348493004254512,PRUNED
870,870,7.333333333333333,2022-03-07 09:40:18.074317,2022-03-07 09:40:56.785159,0 days 00:00:38.710842,32,0.1,0.00039371363672809794,0.92,0.99,0.00012348677086010916,0.7,10,256,0.5085180320960875,PRUNED
871,871,3.3333333333333335,2022-03-07 09:40:56.785159,2022-03-07 09:41:24.602041,0 days 00:00:27.816882,32,0.4,0.0024363457053368743,0.99,0.9,0.00017881266459023236,0.3,5,1024,0.9059951349897875,PRUNED
872,872,15.666666666666666,2022-03-07 09:41:24.602041,2022-03-07 09:41:49.182174,0 days 00:00:24.580133,128,0.1,0.00033833936910482006,0.95,0.999,0.00010883904500067779,0.9,10,128,0.09372103249441024,PRUNED
873,873,-5.333333333333333,2022-03-07 09:41:53.548170,2022-03-07 09:42:52.471142,0 days 00:00:58.922972,32,0.3,0.0007396700869990361,0.95,0.99,4.967199581956227e-05,5.0,20,256,0.7168360671643255,PRUNED
874,874,0.6666666666666666,2022-03-07 09:42:52.471142,2022-03-07 09:43:27.719757,0 days 00:00:35.248615,32,0.2,0.0004381806810251815,0.99,0.995,0.00013892619038377503,0.5,10,2048,0.2465749808040617,PRUNED
