,number,value,datetime_start,datetime_complete,duration,params_batch_size,params_clip_range,params_ent_coef,params_gae_lambda,params_gamma,params_learning_rate,params_max_grad_norm,params_n_epochs,params_n_steps,params_vf_coef,state
439,439,-2.3333333333333335,2022-03-07 05:22:29.998293,2022-03-07 05:22:54.436713,0 days 00:00:24.438420,256,0.2,0.0014147337463192515,0.95,0.9,0.00030629643286539474,0.3,20,2048,0.5981596806103484,PRUNED
440,440,16.333333333333332,2022-03-07 05:22:54.436713,2022-03-07 05:23:23.537774,0 days 00:00:29.101061,64,0.4,0.00017293248648460205,0.9,0.995,0.0003726485485761369,0.7,10,256,0.10371000730101866,PRUNED
441,441,10.666666666666666,2022-03-07 05:23:23.537774,2022-03-07 05:23:44.614649,0 days 00:00:21.076875,128,0.3,0.00035779723383722696,0.99,0.999,0.0002507455238803096,0.3,5,1024,0.8625787891435449,PRUNED
442,442,-1.3333333333333333,2022-03-07 05:23:44.614649,2022-03-07 05:24:23.132012,0 days 00:00:38.517363,32,0.2,0.0015627681828025493,0.8,0.999,0.00020288296256146309,0.7,10,256,0.8866113912780664,PRUNED
443,443,4.0,2022-03-07 05:24:25.779289,2022-03-07 05:24:50.150651,0 days 00:00:24.371362,256,0.4,0.0005561284790665518,0.95,0.9999,0.00015103381048438947,0.3,20,2048,0.18648826561153814,PRUNED
444,444,-0.3333333333333333,2022-03-07 05:24:50.150651,2022-03-07 05:25:11.759764,0 days 00:00:21.609113,128,0.2,0.0009818598909585084,0.99,0.995,2.459127186374768e-05,0.7,5,256,0.7280930948828681,PRUNED
445,445,4.0,2022-03-07 05:25:11.759764,2022-03-07 05:25:46.494206,0 days 00:00:34.734442,32,0.4,0.00046581905896840163,0.8,0.999,3.203252810416969e-05,5.0,10,2048,0.12081330738832344,PRUNED
446,446,2.6666666666666665,2022-03-07 05:25:46.494206,2022-03-07 05:26:12.418942,0 days 00:00:25.924736,256,0.1,0.001721098160478515,0.95,0.9,0.00027939364125259845,0.3,20,256,0.08091965852892088,PRUNED
447,447,12.0,2022-03-07 05:26:12.418942,2022-03-07 05:26:49.554478,0 days 00:00:37.135536,32,0.1,0.0002032760928145408,0.99,0.999,0.0003296122718326088,0.7,10,1024,0.15051001926822133,PRUNED
448,448,2.6666666666666665,2022-03-07 05:26:49.554478,2022-03-07 05:27:10.521062,0 days 00:00:20.966584,128,0.2,0.0003135531567950345,0.8,0.995,0.0004153659339059426,0.3,5,2048,0.8451272294055436,PRUNED
449,449,6.666666666666667,2022-03-07 05:27:10.521062,2022-03-07 05:27:39.988024,0 days 00:00:29.466962,64,0.4,0.0010929510521889662,0.95,0.999,6.032829086185221e-05,0.7,10,256,0.16924385179798185,PRUNED
450,450,9.0,2022-03-07 05:27:39.988024,2022-03-07 05:28:08.772541,0 days 00:00:28.784517,32,0.1,0.0012745032748494554,0.9,0.999,0.0002324778013821015,0.3,5,64,0.4632472005821673,PRUNED
451,451,13.0,2022-03-07 05:28:08.772541,2022-03-07 05:28:34.644115,0 days 00:00:25.871574,256,0.3,0.0005085455901235422,0.99,0.995,6.87235661453123e-05,0.7,20,256,0.05448833547354832,PRUNED
452,452,5.333333333333333,2022-03-07 05:28:34.644115,2022-03-07 05:28:59.600288,0 days 00:00:24.956173,128,0.1,0.0022443975029304976,0.8,0.99,0.00010262553897840928,5.0,10,128,0.20321773142080657,PRUNED
453,453,0.6666666666666666,2022-03-07 05:29:02.319043,2022-03-07 05:29:29.182755,0 days 00:00:26.863712,32,0.4,0.0006918776244232008,0.95,0.999,4.674219680452159e-05,0.3,5,2048,0.7994545027352358,PRUNED
454,454,2.6666666666666665,2022-03-07 05:29:29.182755,2022-03-07 05:29:55.161621,0 days 00:00:25.978866,256,0.2,0.0003466289841874082,0.92,0.9,2.089546736134996e-05,0.7,20,256,0.6227821525985343,PRUNED
455,455,-1.3333333333333333,2022-03-07 05:29:55.161621,2022-03-07 05:30:32.449574,0 days 00:00:37.287953,32,0.1,0.0006033723997408827,0.99,0.995,0.0004141606795469696,0.3,10,1024,0.7449408324852008,PRUNED
456,456,-2.6666666666666665,2022-03-07 05:30:32.449574,2022-03-07 05:30:53.307772,0 days 00:00:20.858198,128,0.1,0.0014638782048280307,0.8,0.99,0.0005691917085948639,0.9,5,2048,0.18604483324269777,PRUNED
457,457,2.6666666666666665,2022-03-07 05:30:53.307772,2022-03-07 05:31:22.440541,0 days 00:00:29.132769,64,0.4,0.0003993424206839201,0.95,0.999,0.000766334187123381,2.0,10,256,0.6966417577144318,PRUNED
458,458,7.0,2022-03-07 05:31:22.440541,2022-03-07 05:31:51.007896,0 days 00:00:28.567355,32,0.2,0.00045916029394411646,0.99,0.99,1.540820387136378e-05,0.5,5,256,0.13526918805806798,PRUNED
459,459,9.333333333333334,2022-03-07 05:31:51.007896,2022-03-07 05:32:15.525744,0 days 00:00:24.517848,256,0.1,0.00036930358301397263,0.9,0.999,2.87607375409218e-05,0.7,20,2048,0.7779631165525711,PRUNED
460,460,-0.6666666666666666,2022-03-07 05:32:15.525744,2022-03-07 05:32:39.591837,0 days 00:00:24.066093,128,0.1,0.00042671776915143104,0.8,0.95,5.0980460614837e-05,0.3,10,1024,0.819508802460775,PRUNED
461,461,-3.0,2022-03-07 05:32:39.591837,2022-03-07 05:33:08.048192,0 days 00:00:28.456355,32,0.4,0.00028856293204421944,0.95,0.995,0.0004942223199675525,0.7,5,256,0.10342554402532314,PRUNED
462,462,-1.3333333333333333,2022-03-07 05:33:08.048192,2022-03-07 05:33:32.426792,0 days 00:00:24.378600,256,0.1,0.0011640725625810364,0.99,0.99,1.728954728812354e-05,0.3,20,2048,0.2210320526915495,PRUNED
463,463,3.6666666666666665,2022-03-07 05:33:35.122377,2022-03-07 05:34:13.233151,0 days 00:00:38.110774,32,0.2,0.00032550645291580977,0.95,0.999,0.0009834974367317318,5.0,10,512,0.19739368377406738,PRUNED
464,464,15.666666666666666,2022-03-07 05:34:13.233151,2022-03-07 05:34:34.682132,0 days 00:00:21.448981,128,0.3,0.0005363310418616405,0.8,0.9,6.24387273955351e-05,0.7,5,256,0.15172992019249104,PRUNED
465,465,2.3333333333333335,2022-03-07 05:34:34.682132,2022-03-07 05:35:13.380305,0 days 00:00:38.698173,32,0.1,0.0001898658732821021,0.99,0.9999,4.263844373778027e-05,0.3,10,64,0.6555860600458451,PRUNED
466,466,6.333333333333333,2022-03-07 05:35:13.380305,2022-03-07 05:35:37.146708,0 days 00:00:23.766403,64,0.4,0.0010290092083884027,0.95,0.99,2.144186932134564e-05,0.9,5,256,0.06558587455064385,PRUNED
467,467,3.0,2022-03-07 05:35:37.146708,2022-03-07 05:36:02.305683,0 days 00:00:25.158975,256,0.1,0.00046598152887392677,0.8,0.999,1.9273136720824146e-05,2.0,20,1024,0.16590347581478737,PRUNED
468,468,2.0,2022-03-07 05:36:02.305683,2022-03-07 05:36:25.450550,0 days 00:00:23.144867,128,0.2,0.0006415288344757216,0.9,0.995,0.00038801268629615995,0.7,10,2048,0.8472305767775452,PRUNED
469,469,3.0,2022-03-07 05:36:25.450550,2022-03-07 05:36:53.996525,0 days 00:00:28.545975,32,0.1,0.0013033871590269358,0.95,0.99,0.0008332562171741122,1.0,5,256,0.8749805092515702,PRUNED
470,470,3.6666666666666665,2022-03-07 05:36:53.996525,2022-03-07 05:37:18.422651,0 days 00:00:24.426126,256,0.4,0.00015818321506878632,0.92,0.999,2.43143912206538e-05,0.3,20,2048,0.7622794181902103,PRUNED
471,471,3.3333333333333335,2022-03-07 05:37:18.422651,2022-03-07 05:37:56.854853,0 days 00:00:38.432202,32,0.1,0.001764283046305868,0.99,0.99,5.487856672953509e-05,0.7,10,256,0.5358598347410839,PRUNED
472,472,1.6666666666666667,2022-03-07 05:37:56.854853,2022-03-07 05:38:18.072005,0 days 00:00:21.217152,128,0.2,0.0014996032119754838,0.8,0.995,4.743430125832673e-05,5.0,5,1024,0.7131231696491532,PRUNED
473,473,-0.6666666666666666,2022-03-07 05:38:20.811978,2022-03-07 05:38:43.478878,0 days 00:00:22.666900,256,0.1,0.00039186357656310536,0.95,0.999,8.346732912146818e-05,0.3,10,256,0.2178098729942229,PRUNED
474,474,-3.0,2022-03-07 05:38:43.478878,2022-03-07 05:39:10.176988,0 days 00:00:26.698110,32,0.4,0.0009304776715062252,0.99,0.9,2.6981908210842335e-05,1.0,5,2048,0.0870839952408593,PRUNED
475,475,2.6666666666666665,2022-03-07 05:39:10.176988,2022-03-07 05:39:49.992776,0 days 00:00:39.815788,64,0.1,0.0005128295614934368,0.8,0.99,0.0004411083037396095,0.7,20,256,0.127881503614187,PRUNED
476,476,-4.333333333333333,2022-03-07 05:39:49.992776,2022-03-07 05:40:39.839630,0 days 00:00:49.846854,128,0.1,0.0005776371772495924,0.95,0.999,2.3060174606487885e-05,0.9,10,2048,0.4065416708735971,COMPLETE
477,477,11.0,2022-03-07 05:40:39.839630,2022-03-07 05:41:08.427648,0 days 00:00:28.588018,32,0.2,0.00033746165626020547,0.99,0.995,0.00014005585244713213,0.3,5,256,0.17813194586475606,PRUNED
478,478,2.6666666666666665,2022-03-07 05:41:08.427648,2022-03-07 05:41:33.685641,0 days 00:00:25.257993,256,0.3,0.0018989330578919167,0.8,0.99,0.00011703617871317632,0.7,20,1024,0.03595805044702616,PRUNED
479,479,10.0,2022-03-07 05:41:33.685641,2022-03-07 05:41:58.394781,0 days 00:00:24.709140,128,0.4,0.00014628708921004697,0.9,0.999,9.28858842329114e-05,0.3,10,128,0.1932380649543939,PRUNED
480,480,12.0,2022-03-07 05:41:58.394781,2022-03-07 05:42:27.529936,0 days 00:00:29.135155,32,0.1,0.00017578711622437542,0.95,0.99,0.0006424675012184787,1.0,5,64,0.7414544268553686,PRUNED
481,481,1.3333333333333333,2022-03-07 05:42:27.529936,2022-03-07 05:42:48.902737,0 days 00:00:21.372801,256,0.1,0.00022426824306394296,0.99,0.999,0.00029010803482634485,5.0,10,2048,0.15079899465652807,PRUNED
482,482,25.333333333333332,2022-03-07 05:42:48.902737,2022-03-07 05:43:46.846348,0 days 00:00:57.943611,32,0.2,0.00011096242179307291,0.92,0.995,0.00018655596752150083,0.7,5,256,0.23344573232802487,COMPLETE
483,483,10.666666666666666,2022-03-07 05:43:49.658849,2022-03-07 05:44:18.248199,0 days 00:00:28.589350,32,0.2,0.00010772621569227644,0.92,0.995,0.00018182865662400756,0.7,5,256,0.24042339014510278,PRUNED
484,484,3.6666666666666665,2022-03-07 05:44:18.248199,2022-03-07 05:44:46.989616,0 days 00:00:28.741417,32,0.2,0.0001005568105556456,0.92,0.99,0.00021108185447786486,0.7,5,256,0.25339760168366715,PRUNED
485,485,6.0,2022-03-07 05:44:46.989616,2022-03-07 05:45:38.591859,0 days 00:00:51.602243,32,0.2,0.00013555883925261573,0.92,0.995,0.00018697300922890844,0.7,20,2048,0.22452892175525435,PRUNED
486,486,-0.3333333333333333,2022-03-07 05:45:38.591859,2022-03-07 05:46:15.592730,0 days 00:00:37.000871,32,0.2,0.0002599815401236842,0.92,0.995,0.0001550821806030838,0.7,10,1024,0.20690692060229648,PRUNED
487,487,9.666666666666666,2022-03-07 05:46:15.592730,2022-03-07 05:48:14.712915,0 days 00:01:59.120185,32,0.2,0.00029769365894749165,0.92,0.995,0.0001515112946345811,0.7,20,256,0.2695782261734617,COMPLETE
488,488,5.666666666666667,2022-03-07 05:48:14.712915,2022-03-07 05:49:05.970290,0 days 00:00:51.257375,32,0.2,0.00011761488211856376,0.92,0.995,0.00017067363723060355,0.7,20,2048,0.26609482606196083,PRUNED
489,489,-2.0,2022-03-07 05:49:05.971289,2022-03-07 05:50:04.661777,0 days 00:00:58.690488,32,0.2,0.00027742924650372275,0.92,0.995,0.00016507488032921447,0.7,20,256,0.2762250515158706,PRUNED
490,490,1.6666666666666667,2022-03-07 05:50:04.661777,2022-03-07 05:51:02.351083,0 days 00:00:57.689306,32,0.2,0.0003021391713339409,0.92,0.995,0.0002423585367112624,0.7,20,512,0.25034193794616333,PRUNED
491,491,6.666666666666667,2022-03-07 05:51:02.351083,2022-03-07 05:52:01.276672,0 days 00:00:58.925589,32,0.2,0.0002979198832022278,0.92,0.995,0.000137298363441289,0.7,20,256,0.2401022073384517,PRUNED
492,492,-0.3333333333333333,2022-03-07 05:52:01.276672,2022-03-07 05:52:53.203909,0 days 00:00:51.927237,32,0.2,0.00011314311368023374,0.92,0.995,0.00015877112652833036,0.7,20,2048,0.2231634394857967,PRUNED
493,493,-1.3333333333333333,2022-03-07 05:52:56.078849,2022-03-07 05:53:51.538773,0 days 00:00:55.459924,32,0.2,0.00012548094674770074,0.92,0.9,0.00015245849070768267,0.7,20,1024,0.23484124672285997,PRUNED
494,494,1.3333333333333333,2022-03-07 05:53:51.538773,2022-03-07 05:54:50.085037,0 days 00:00:58.546264,32,0.2,0.000380280949184428,0.92,0.995,0.00013931710804625626,0.7,20,256,0.20518014418861746,PRUNED
495,495,13.666666666666666,2022-03-07 05:54:50.085037,2022-03-07 05:55:41.282481,0 days 00:00:51.197444,32,0.2,0.00032888463777491116,0.92,0.99,0.00012647245168843883,0.7,20,2048,0.2803565504364403,PRUNED
496,496,8.333333333333334,2022-03-07 05:55:41.298124,2022-03-07 05:56:39.788499,0 days 00:00:58.490375,32,0.2,0.0002747844561635026,0.92,0.95,0.00032989929662867104,0.7,20,256,0.31279282296940614,PRUNED
497,497,0.0,2022-03-07 05:56:39.804125,2022-03-07 05:57:18.723618,0 days 00:00:38.919493,32,0.2,0.000352155771351851,0.92,0.99,0.00016040671946490146,0.7,10,64,0.25724748776019124,PRUNED
498,498,2.6666666666666665,2022-03-07 05:57:18.723618,2022-03-07 05:57:46.478051,0 days 00:00:27.754433,32,0.2,0.0003139647100671998,0.92,0.995,0.00012059790368951283,0.7,5,1024,0.18384540354509066,PRUNED
499,499,8.0,2022-03-07 05:57:46.478051,2022-03-07 05:58:24.922975,0 days 00:00:38.444924,32,0.2,0.000420579204006199,0.99,0.9999,0.00019811576043853198,2.0,10,256,0.2283602616116624,PRUNED
500,500,0.6666666666666666,2022-03-07 05:58:24.922975,2022-03-07 05:59:01.063212,0 days 00:00:36.140237,64,0.2,0.0004506513109517417,0.99,0.99,0.00014431243260300586,0.7,20,2048,0.19542617233481216,PRUNED
501,501,-1.0,2022-03-07 05:59:01.063212,2022-03-07 05:59:29.481528,0 days 00:00:28.418316,32,0.2,0.0007410433123801762,0.9,0.9,0.00021598811369494345,0.5,5,256,0.20639209753416482,PRUNED
502,502,6.333333333333333,2022-03-07 05:59:29.481528,2022-03-07 06:00:04.325629,0 days 00:00:34.844101,32,0.3,0.0021310280792653544,0.92,0.995,0.00019270070416901639,1.0,10,2048,0.6748208013121239,PRUNED
503,503,3.3333333333333335,2022-03-07 06:00:07.256429,2022-03-07 06:01:06.223512,0 days 00:00:58.967083,32,0.2,0.0003554749324021064,0.99,0.99,3.8135835992259705e-05,0.7,20,256,0.8055675159926856,PRUNED
504,504,-3.6666666666666665,2022-03-07 06:01:06.223512,2022-03-07 06:01:29.603223,0 days 00:00:23.379711,64,0.2,0.0005017741150971807,0.99,0.99,0.00013540271554219848,0.7,5,1024,0.8352550262687339,PRUNED
505,505,14.0,2022-03-07 06:01:29.603223,2022-03-07 06:02:08.399768,0 days 00:00:38.796545,32,0.2,0.0026083660508214577,0.9,0.995,0.0008895438004490315,5.0,10,256,0.9580030753320526,PRUNED
506,506,-5.0,2022-03-07 06:02:08.399768,2022-03-07 06:02:59.776600,0 days 00:00:51.376832,32,0.1,0.0005617422780923245,0.92,0.99,0.0001718099115196434,1.0,20,2048,0.2152660144061064,PRUNED
507,507,4.666666666666667,2022-03-07 06:02:59.776600,2022-03-07 06:03:57.273254,0 days 00:00:57.496654,32,0.2,0.006006954044151849,0.99,0.9,0.00011004524719162402,0.7,5,128,0.17441680245907384,COMPLETE
508,508,2.6666666666666665,2022-03-07 06:03:57.273254,2022-03-07 06:04:35.777647,0 days 00:00:38.504393,32,0.3,0.00024697147707900853,0.99,0.995,2.1841077503991377e-05,0.7,10,256,0.7722273025833307,PRUNED
509,509,9.333333333333334,2022-03-07 06:04:35.777647,2022-03-07 06:04:58.529304,0 days 00:00:22.751657,64,0.1,0.0004089561880216906,0.99,0.99,0.0003719669726559866,2.0,5,2048,0.9024216226855514,PRUNED
510,510,-2.0,2022-03-07 06:04:58.529304,2022-03-07 06:05:37.016929,0 days 00:00:38.487625,32,0.2,0.0029676937081774177,0.9,0.99,2.5609220925691486e-05,1.0,10,256,0.24161318955152616,PRUNED
511,511,-2.0,2022-03-07 06:05:37.016929,2022-03-07 06:06:32.470902,0 days 00:00:55.453973,32,0.1,0.0008164609049553091,0.92,0.995,3.2996050875217925e-05,0.7,20,1024,0.37747199435988477,PRUNED
512,512,9.333333333333334,2022-03-07 06:06:32.470902,2022-03-07 06:07:30.109798,0 days 00:00:57.638896,32,0.1,0.0003008109422766003,0.95,0.99,0.00014658770628986164,5.0,5,64,0.4854158092995866,COMPLETE
513,513,14.666666666666666,2022-03-07 06:07:33.147750,2022-03-07 06:08:50.831114,0 days 00:01:17.683364,32,0.1,0.00030682690741918553,0.95,0.99,0.0001386862367204851,5.0,10,64,0.5858968277189518,COMPLETE
514,514,13.0,2022-03-07 06:08:50.831114,2022-03-07 06:09:27.740162,0 days 00:00:36.909048,32,0.1,0.0003156053540464273,0.95,0.99,0.000147305991732571,5.0,10,1024,0.5541141789137849,PRUNED
515,515,14.0,2022-03-07 06:09:27.740162,2022-03-07 06:10:06.633315,0 days 00:00:38.893153,32,0.1,0.00033405838460560055,0.95,0.99,0.000132036875707881,5.0,10,64,0.5230403734226429,PRUNED
516,516,0.0,2022-03-07 06:10:06.633315,2022-03-07 06:10:45.457434,0 days 00:00:38.824119,32,0.1,0.0002868452020702805,0.95,0.99,0.00015672751233602333,5.0,10,64,0.5905183444211677,PRUNED
517,517,5.333333333333333,2022-03-07 06:10:45.473059,2022-03-07 06:11:24.280081,0 days 00:00:38.807022,32,0.1,0.00029999088498594556,0.95,0.99,0.00012890917727026002,5.0,10,64,0.47942811959184056,PRUNED
518,518,3.6666666666666665,2022-03-07 06:11:24.280081,2022-03-07 06:12:03.526498,0 days 00:00:39.246417,32,0.1,0.0003614099497776384,0.95,0.99,0.0001756237796993637,5.0,10,64,0.5235520706439175,PRUNED
519,519,4.333333333333333,2022-03-07 06:12:03.526498,2022-03-07 06:12:42.531179,0 days 00:00:39.004681,32,0.1,0.00038323702813507476,0.95,0.99,0.00014183690761103535,5.0,10,64,0.5061127441354039,PRUNED
520,520,4.0,2022-03-07 06:12:42.531179,2022-03-07 06:13:21.411891,0 days 00:00:38.880712,32,0.1,0.0006600229802349542,0.95,0.99,0.0001464265146920002,5.0,10,64,0.6164112129428285,PRUNED
521,521,7.333333333333333,2022-03-07 06:13:21.411891,2022-03-07 06:13:59.404676,0 days 00:00:37.992785,32,0.1,0.0004628662319218528,0.95,0.99,0.00012228532800609773,5.0,10,512,0.587122939492702,PRUNED
522,522,12.666666666666666,2022-03-07 06:13:59.404676,2022-03-07 06:14:38.442716,0 days 00:00:39.038040,32,0.1,0.00041807410380186543,0.95,0.99,0.00016069206610027284,5.0,10,64,0.694445063041635,PRUNED
523,523,1.6666666666666667,2022-03-07 06:14:41.380219,2022-03-07 06:15:10.427452,0 days 00:00:29.047233,32,0.1,0.0003319879353873445,0.95,0.99,0.00011053806999345993,5.0,5,64,0.5479850908074839,PRUNED
524,524,5.333333333333333,2022-03-07 06:15:10.427452,2022-03-07 06:17:08.761027,0 days 00:01:58.333575,32,0.1,0.0003702181985411471,0.95,0.99,0.0001328311879818049,5.0,20,64,0.5754613985204462,COMPLETE
525,525,1.3333333333333333,2022-03-07 06:17:08.761027,2022-03-07 06:17:47.667868,0 days 00:00:38.906841,32,0.1,0.0005206038419845213,0.95,0.99,0.00014535951537010192,5.0,10,64,0.6464199564932493,PRUNED
526,526,14.333333333333334,2022-03-07 06:17:47.667868,2022-03-07 06:18:16.429879,0 days 00:00:28.762011,32,0.3,0.0005791769155842258,0.95,0.99,0.00016397502881998892,5.0,5,64,0.6611714253253035,PRUNED
527,527,5.0,2022-03-07 06:18:16.429879,2022-03-07 06:18:55.280515,0 days 00:00:38.850636,32,0.1,0.00048692942467395533,0.95,0.99,0.00017961351269928682,5.0,10,64,0.5691247213428673,PRUNED
528,528,11.666666666666666,2022-03-07 06:18:55.280515,2022-03-07 06:19:54.300111,0 days 00:00:59.019596,32,0.4,0.00031243585205496154,0.95,0.99,0.00011897041362259098,5.0,20,64,0.6315283476927527,PRUNED
529,529,-0.3333333333333333,2022-03-07 06:19:54.300111,2022-03-07 06:20:23.134411,0 days 00:00:28.834300,32,0.1,0.0023223159186649875,0.95,0.99,0.0001273161669003697,5.0,5,64,0.6082345837247505,PRUNED
530,530,-0.6666666666666666,2022-03-07 06:20:23.134411,2022-03-07 06:21:01.859181,0 days 00:00:38.724770,32,0.1,0.0002597394227258551,0.95,0.99,0.0001924092796618158,1.0,10,64,0.267107718943605,PRUNED
531,531,9.0,2022-03-07 06:21:01.859181,2022-03-07 06:22:00.637945,0 days 00:00:58.778764,32,0.4,0.00043660005028159344,0.92,0.995,0.00022954964285687,5.0,20,64,0.7265693111220818,PRUNED
532,532,14.333333333333334,2022-03-07 06:22:00.637945,2022-03-07 06:22:24.717604,0 days 00:00:24.079659,64,0.1,0.00034070747760447056,0.95,0.95,0.0001376530940390995,1.0,5,64,0.45013312987626963,PRUNED
533,533,8.0,2022-03-07 06:22:28.061357,2022-03-07 06:23:05.305478,0 days 00:00:37.244121,32,0.1,0.0006060100021383009,0.9,0.99,0.0002602700647026972,2.0,10,1024,0.7088407057944313,PRUNED
534,534,0.0,2022-03-07 06:23:05.305478,2022-03-07 06:23:34.158637,0 days 00:00:28.853159,32,0.4,0.00039132553486677623,0.95,0.995,0.00014989946214989168,1.0,5,64,0.7384733026254793,PRUNED
535,535,3.0,2022-03-07 06:23:34.158637,2022-03-07 06:24:29.515757,0 days 00:00:55.357120,32,0.1,0.00029204736076697226,0.95,0.9,0.0001693692275167713,0.5,20,1024,0.5000628157981664,PRUNED
536,536,0.6666666666666666,2022-03-07 06:24:29.515757,2022-03-07 06:25:08.502528,0 days 00:00:38.986771,32,0.1,0.0006849524992277625,0.92,0.99,0.00010206228292470841,5.0,10,64,0.2372166851905484,PRUNED
537,537,3.3333333333333335,2022-03-07 06:25:08.502528,2022-03-07 06:25:32.210279,0 days 00:00:23.707751,64,0.1,0.0016898818728563177,0.95,0.9999,2.9604504555487197e-05,1.0,5,256,0.5388769057080648,PRUNED
538,538,15.0,2022-03-07 06:25:32.210279,2022-03-07 06:25:53.017293,0 days 00:00:20.807014,512,0.4,0.000495189245674011,0.95,0.99,0.0004740409934198912,2.0,10,1024,0.6914008134380567,PRUNED
539,539,13.0,2022-03-07 06:25:53.017293,2022-03-07 06:26:51.799120,0 days 00:00:58.781827,32,0.3,0.0010932561630024047,0.9,0.995,4.294273943335395e-05,5.0,20,128,0.9297724682115289,PRUNED
540,540,12.333333333333334,2022-03-07 06:26:51.814744,2022-03-07 06:27:20.462807,0 days 00:00:28.648063,32,0.1,0.00036397869269805494,0.92,0.99,3.597909155946764e-05,0.7,5,256,0.32514716879465994,PRUNED
541,541,-1.3333333333333333,2022-03-07 06:27:20.462807,2022-03-07 06:27:59.470312,0 days 00:00:39.007505,32,0.1,0.0008920564428648825,0.95,0.9,7.502850377206379e-05,1.0,10,256,0.29963780571267123,PRUNED
542,542,2.3333333333333335,2022-03-07 06:27:59.470312,2022-03-07 06:28:58.515906,0 days 00:00:59.045594,32,0.4,0.002044801156893545,0.95,0.99,0.00040445413838699116,0.7,20,64,0.26020528379200375,PRUNED
543,543,11.666666666666666,2022-03-07 06:29:01.851792,2022-03-07 06:29:38.948316,0 days 00:00:37.096524,32,0.1,0.0005524623583513582,0.9,0.995,0.00030467677698013814,5.0,10,1024,0.21445383158783402,PRUNED
544,544,2.3333333333333335,2022-03-07 06:29:38.948316,2022-03-07 06:30:02.824023,0 days 00:00:23.875707,64,0.1,0.00041384308496356543,0.92,0.99,0.00013616592102464289,0.7,5,256,0.16032711294530902,PRUNED
545,545,5.0,2022-03-07 06:30:02.824023,2022-03-07 06:30:25.341138,0 days 00:00:22.517115,512,0.4,0.00045390248680713004,0.95,0.995,0.00015780738202988016,1.0,20,2048,0.66762044685667,PRUNED
546,546,-2.0,2022-03-07 06:30:25.341138,2022-03-07 06:31:04.135621,0 days 00:00:38.794483,32,0.1,0.0003416365240597607,0.95,0.99,0.00011780608321421563,0.7,10,256,0.3549253649659413,PRUNED
547,547,8.333333333333334,2022-03-07 06:31:04.135621,2022-03-07 06:31:32.458660,0 days 00:00:28.323039,32,0.1,0.00029804802642852693,0.99,0.9,0.00018868016459128932,5.0,5,512,0.7506514328908731,PRUNED
