,number,value,datetime_start,datetime_complete,duration,params_batch_size,params_clip_range,params_ent_coef,params_gae_lambda,params_gamma,params_learning_rate,params_max_grad_norm,params_n_epochs,params_n_steps,params_vf_coef,state
0,0,9.666666666666666,2022-03-07 00:31:26.436144,2022-03-07 00:34:11.057353,0 days 00:02:44.621209,32,0.2,0.00016484629697370224,0.99,0.995,0.00014374334475566097,0.3,20,256,0.10252696334216216,COMPLETE
1,1,7.333333333333333,2022-03-07 00:34:11.057353,2022-03-07 00:35:15.528915,0 days 00:01:04.471562,128,0.1,0.00037174631937280284,0.9,0.99,1.977646134572922e-05,0.7,10,256,0.7387910693246127,COMPLETE
2,2,2.3333333333333335,2022-03-07 00:35:15.528915,2022-03-07 00:36:54.406526,0 days 00:01:38.877611,32,0.1,0.0005203767774670414,0.8,0.999,2.9066661953099403e-05,0.3,10,1024,0.18558771694908183,COMPLETE
3,3,4.333333333333333,2022-03-07 00:36:54.406526,2022-03-07 00:37:41.871095,0 days 00:00:47.464569,512,0.1,0.004043534452435663,0.98,0.99,1.1494498015841806e-05,1.0,1,2048,0.28721745095100915,COMPLETE
4,4,14.0,2022-03-07 00:37:41.871095,2022-03-07 00:38:48.185515,0 days 00:01:06.314420,256,0.2,0.0004908246855774244,0.95,0.999,4.53744280585492e-05,1.0,20,2048,0.8788393333471788,COMPLETE
5,5,4.666666666666667,2022-03-07 00:38:48.185515,2022-03-07 00:39:18.895833,0 days 00:00:30.710318,256,0.4,0.002190148024800859,0.95,0.999,0.0005913960842267632,5.0,20,2048,0.9966755107270338,PRUNED
6,6,6.0,2022-03-07 00:39:18.895833,2022-03-07 00:40:17.490689,0 days 00:00:58.594856,256,0.2,0.0011642895837555498,0.95,0.9,8.867395667612194e-05,2.0,5,64,0.6629755292655201,COMPLETE
7,7,-4.333333333333333,2022-03-07 00:40:17.506314,2022-03-07 00:40:57.778927,0 days 00:00:40.272613,64,0.3,0.009737492967057717,0.92,0.9999,7.499268622618208e-05,0.5,20,128,0.9961884394971527,PRUNED
8,8,3.6666666666666665,2022-03-07 00:40:57.778927,2022-03-07 00:41:16.517561,0 days 00:00:18.738634,256,0.2,0.00016177509164332196,1.0,0.95,0.00028556326752911845,1.0,1,512,0.484361498713686,PRUNED
9,9,11.0,2022-03-07 00:41:16.517561,2022-03-07 00:42:05.192767,0 days 00:00:48.675206,64,0.3,0.0005522691461030686,0.95,0.999,5.06957873610159e-05,1.0,5,2048,0.7082206978120312,COMPLETE
10,10,-24.666666666666668,2022-03-07 00:42:06.005264,2022-03-07 00:43:07.514075,0 days 00:01:01.508811,512,0.4,0.0014435115503705234,0.99,0.9,0.00021928293518961342,0.9,20,128,0.4742634756363943,COMPLETE
11,11,8.333333333333334,2022-03-07 00:43:07.514075,2022-03-07 00:43:30.182841,0 days 00:00:22.668766,64,0.3,0.000471349028837022,0.95,0.999,4.4144540968150825e-05,1.0,5,2048,0.779039461420391,PRUNED
12,12,1.3333333333333333,2022-03-07 00:43:30.182841,2022-03-07 00:43:52.666824,0 days 00:00:22.483983,64,0.3,0.00031146562371245844,0.95,0.999,5.1104648787109435e-05,1.0,5,2048,0.8556096706912304,PRUNED
13,13,2.0,2022-03-07 00:43:52.666824,2022-03-07 00:44:13.264243,0 days 00:00:20.597419,128,0.2,0.0007552406739431578,0.95,0.999,2.4042964494407844e-05,1.0,5,2048,0.6108285757020787,PRUNED
14,14,-5.333333333333333,2022-03-07 00:44:13.264243,2022-03-07 00:44:38.680536,0 days 00:00:25.416293,256,0.3,0.00010938815728033757,0.98,0.95,1.0590434932893071e-05,0.9,20,512,0.883183918976609,PRUNED
15,15,4.333333333333333,2022-03-07 00:44:38.680536,2022-03-07 00:45:02.645578,0 days 00:00:23.965042,64,0.2,0.00025712044026827285,0.8,0.995,4.696498377965563e-05,2.0,5,64,0.5746577345760973,PRUNED
16,16,0.3333333333333333,2022-03-07 00:45:02.645578,2022-03-07 00:45:21.070286,0 days 00:00:18.424708,256,0.3,0.0008218719046594103,0.9,0.9999,0.0001307144301507842,5.0,1,1024,0.388773053928349,PRUNED
17,17,8.0,2022-03-07 00:45:21.070286,2022-03-07 00:46:20.580678,0 days 00:00:59.510392,64,0.4,0.002431369650128737,0.92,0.999,0.0008168731211601105,0.7,10,2048,0.7437208503053184,COMPLETE
18,18,2.6666666666666665,2022-03-07 00:46:20.580678,2022-03-07 00:47:08.063127,0 days 00:00:47.482449,512,0.2,0.000623911016104415,1.0,0.999,3.526110050623291e-05,0.5,20,2048,0.8788211776469605,COMPLETE
19,19,4.0,2022-03-07 00:47:08.063127,2022-03-07 00:47:28.690047,0 days 00:00:20.626920,128,0.3,0.00021357411423486328,0.95,0.999,8.326097036151709e-05,1.0,5,2048,0.6753709648939138,PRUNED
20,20,2.0,2022-03-07 00:47:29.455672,2022-03-07 00:48:26.806166,0 days 00:00:57.350494,32,0.2,0.0016119636780241294,0.95,0.99,1.664798611934266e-05,1.0,5,256,0.7991145384323632,COMPLETE
21,21,3.6666666666666665,2022-03-07 00:48:26.821792,2022-03-07 00:49:25.689574,0 days 00:00:58.867782,32,0.2,0.00013591706649762657,0.99,0.995,0.00015357547572981492,0.3,20,256,0.05376629324454355,PRUNED
22,22,8.666666666666666,2022-03-07 00:49:25.689574,2022-03-07 00:50:24.704574,0 days 00:00:59.015000,32,0.2,0.0001977796202260823,0.99,0.995,6.335180804313487e-05,0.3,20,256,0.09892448544613267,PRUNED
23,23,10.333333333333334,2022-03-07 00:50:24.704574,2022-03-07 00:52:24.100314,0 days 00:01:59.395740,32,0.2,0.0003641479218940216,0.99,0.995,0.0003697515798818998,0.3,20,256,0.3496818210860714,COMPLETE
24,24,1.0,2022-03-07 00:52:24.100314,2022-03-07 00:53:45.832043,0 days 00:01:21.731729,64,0.2,0.00041573649457762993,0.99,0.995,0.0006989306917549678,0.3,20,512,0.2925466775707327,COMPLETE
25,25,7.666666666666667,2022-03-07 00:53:45.832043,2022-03-07 00:54:25.731667,0 days 00:00:39.899624,256,0.3,0.0008323070607563059,0.95,0.95,0.00041893434483971016,1.0,20,64,0.39160642310986543,PRUNED
26,26,-2.3333333333333335,2022-03-07 00:54:25.731667,2022-03-07 00:54:46.080216,0 days 00:00:20.348549,32,0.1,0.0002969304051590551,0.98,0.9,0.0002278537735099737,0.5,1,128,0.5404397594104767,PRUNED
27,27,3.6666666666666665,2022-03-07 00:54:46.095841,2022-03-07 00:55:07.725651,0 days 00:00:21.629810,256,0.4,0.0005907095073650543,0.9,0.9999,0.0004407441778518527,2.0,10,1024,0.9194896673156563,PRUNED
28,28,11.333333333333334,2022-03-07 00:55:07.725651,2022-03-07 00:56:06.143724,0 days 00:00:58.418073,32,0.2,0.0010086486242854387,1.0,0.995,0.00010746875454865538,0.9,20,256,0.4020375133820841,PRUNED
29,29,3.0,2022-03-07 00:56:06.143724,2022-03-07 00:56:45.651280,0 days 00:00:39.507556,64,0.2,0.0003950422649788896,0.99,0.995,0.00016368488420908875,0.3,20,256,0.193960685413342,PRUNED
30,30,11.666666666666666,2022-03-07 00:56:46.479410,2022-03-07 00:57:12.774766,0 days 00:00:26.295356,32,0.3,0.00026367914378947935,0.8,0.999,3.3099474728935574e-05,0.7,5,2048,0.6331128933553953,PRUNED
31,31,5.333333333333333,2022-03-07 00:57:12.774766,2022-03-07 00:58:11.124587,0 days 00:00:58.349821,32,0.2,0.00014999661614000304,0.99,0.995,6.105869627475347e-05,0.3,20,256,0.1211634679901504,PRUNED
32,32,13.333333333333334,2022-03-07 00:58:11.124587,2022-03-07 00:59:00.637567,0 days 00:00:49.512980,128,0.1,0.0003802911599170926,0.99,0.995,0.00033036254949304634,0.3,10,256,0.24129871574408443,COMPLETE
33,33,1.6666666666666667,2022-03-07 00:59:00.637567,2022-03-07 00:59:25.182495,0 days 00:00:24.544928,128,0.1,0.0003566770769824088,0.99,0.995,0.00037839125418091823,0.3,10,256,0.28822895435986795,PRUNED
34,34,10.333333333333334,2022-03-07 00:59:25.182495,2022-03-07 00:59:49.443643,0 days 00:00:24.261148,128,0.1,0.0005589832938225315,0.99,0.99,0.0002906905540125629,0.3,10,256,0.22140142998217333,PRUNED
35,35,3.6666666666666665,2022-03-07 00:59:49.443643,2022-03-07 01:00:13.594882,0 days 00:00:24.151239,128,0.1,0.00046755415106418776,0.92,0.995,1.934317132748044e-05,5.0,10,256,0.3427339192487649,PRUNED
36,36,12.333333333333334,2022-03-07 01:00:13.594882,2022-03-07 01:00:36.698463,0 days 00:00:23.103581,128,0.1,0.00020519579508622706,0.95,0.999,0.0005492995684970155,0.3,10,2048,0.6973384190626756,PRUNED
37,37,10.0,2022-03-07 01:00:36.698463,2022-03-07 01:00:57.218768,0 days 00:00:20.520305,512,0.1,0.0006800079841370746,0.9,0.999,0.0009608321440996421,1.0,10,1024,0.24006315731299516,PRUNED
38,38,13.666666666666666,2022-03-07 01:00:57.218768,2022-03-07 01:01:35.474124,0 days 00:00:38.255356,256,0.1,0.0010161167480375204,0.99,0.99,0.00011990389332154871,0.7,1,2048,0.14724100531778425,COMPLETE
39,39,7.666666666666667,2022-03-07 01:01:35.474124,2022-03-07 01:01:53.820053,0 days 00:00:18.345929,256,0.1,0.0013342634918409105,0.8,0.99,0.00010634684136199834,0.7,1,2048,0.12956222691845942,PRUNED
40,40,3.0,2022-03-07 01:01:54.726306,2022-03-07 01:02:32.715222,0 days 00:00:37.988916,256,0.1,0.002170900488273701,0.95,0.99,3.7973257835233324e-05,0.7,1,2048,0.024964986643075282,COMPLETE
41,41,0.6666666666666666,2022-03-07 01:02:32.715222,2022-03-07 01:02:51.245942,0 days 00:00:18.530720,256,0.1,0.0009229849798122637,0.99,0.99,0.00031258534414189563,0.7,1,2048,0.4428580670139349,PRUNED
42,42,-1.3333333333333333,2022-03-07 01:02:51.245942,2022-03-07 01:03:09.680247,0 days 00:00:18.434305,256,0.1,0.0004886865336636895,0.99,0.9,0.0001897358856558727,1.0,1,2048,0.1738817308681752,PRUNED
43,43,11.333333333333334,2022-03-07 01:03:09.680247,2022-03-07 01:03:28.518840,0 days 00:00:18.838593,128,0.4,0.009478977491069813,0.99,0.99,6.258096809722763e-05,0.7,1,128,0.32218504130610276,PRUNED
44,44,-1.0,2022-03-07 01:03:28.518840,2022-03-07 01:03:52.406434,0 days 00:00:23.887594,64,0.3,0.0003497462562900941,0.98,0.9999,2.6164493336208794e-05,5.0,5,64,0.24451915026120552,PRUNED
45,45,0.3333333333333333,2022-03-07 01:03:52.406434,2022-03-07 01:04:17.759890,0 days 00:00:25.353456,256,0.1,0.001201553118014589,0.99,0.95,0.0005407909392428577,1.0,20,512,0.9448958044544883,PRUNED
46,46,4.666666666666667,2022-03-07 01:04:17.759890,2022-03-07 01:04:37.965850,0 days 00:00:20.205960,512,0.2,0.0016875760107757755,0.95,0.999,0.00024069999665389953,2.0,10,2048,0.806622425799111,PRUNED
47,47,4.0,2022-03-07 01:04:37.965850,2022-03-07 01:04:58.108718,0 days 00:00:20.142868,256,0.3,0.0007037012896822628,0.92,0.995,0.00012137049343194351,0.9,5,256,0.5286764958533352,PRUNED
48,48,12.0,2022-03-07 01:04:58.108718,2022-03-07 01:05:33.843671,0 days 00:00:35.734953,64,0.4,0.0002511443765986184,1.0,0.999,7.568306611974211e-05,0.5,20,2048,0.34880644119361504,PRUNED
49,49,2.3333333333333335,2022-03-07 01:05:33.843671,2022-03-07 01:05:52.753549,0 days 00:00:18.909878,128,0.2,0.0032727157508059897,0.95,0.9,5.19818529243974e-05,0.3,1,128,0.1653288629256496,PRUNED
50,50,3.0,2022-03-07 01:05:53.769174,2022-03-07 01:06:13.473967,0 days 00:00:19.704793,256,0.1,0.0010091881219458996,0.99,0.99,9.319145329300916e-05,1.0,5,2048,0.08341710646963987,PRUNED
51,51,-2.3333333333333335,2022-03-07 01:06:13.473967,2022-03-07 01:07:11.825858,0 days 00:00:58.351891,32,0.2,0.00045799961512804936,0.99,0.995,0.00014765226136924722,0.3,20,256,0.05150583253777942,PRUNED
52,52,2.3333333333333335,2022-03-07 01:07:11.825858,2022-03-07 01:08:10.111731,0 days 00:00:58.285873,32,0.2,0.000336130603947376,0.99,0.995,0.0003377083237268024,0.3,20,256,0.729519667878652,PRUNED
53,53,1.6666666666666667,2022-03-07 01:08:10.127357,2022-03-07 01:09:08.793155,0 days 00:00:58.665798,32,0.2,0.00016358525315231156,0.99,0.995,0.00019240662721898235,0.3,20,256,0.9959893827380842,PRUNED
54,54,11.0,2022-03-07 01:09:08.793155,2022-03-07 01:09:46.789585,0 days 00:00:37.996430,64,0.2,0.00010003297415606127,0.95,0.999,4.12516956949037e-05,1.0,20,1024,0.1546100808565419,PRUNED
55,55,12.0,2022-03-07 01:09:46.789585,2022-03-07 01:10:45.360689,0 days 00:00:58.571104,32,0.3,0.0005618868776300569,0.98,0.95,0.00026896131712105654,0.3,20,64,0.2123214185383016,PRUNED
56,56,-2.0,2022-03-07 01:10:45.360689,2022-03-07 01:11:25.540908,0 days 00:00:40.180219,512,0.2,0.00028362459341956116,0.9,0.995,0.00012708668859376957,0.7,5,512,0.434188289311334,COMPLETE
57,57,6.333333333333333,2022-03-07 01:11:25.540908,2022-03-07 01:12:24.051183,0 days 00:00:58.510275,32,0.3,0.00011746893676995861,0.99,0.9999,5.193759628225608e-05,1.0,20,256,0.8314767727089389,PRUNED
58,58,1.0,2022-03-07 01:12:24.051183,2022-03-07 01:12:50.967368,0 days 00:00:26.916185,64,0.2,0.00040998334475026983,0.95,0.999,3.0506011290207768e-05,2.0,10,2048,0.2740964815001612,PRUNED
59,59,4.666666666666667,2022-03-07 01:12:50.967368,2022-03-07 01:13:28.633674,0 days 00:00:37.666306,256,0.4,0.00017403284676498017,0.8,0.995,1.5084273323439848e-05,0.9,1,256,0.00756446952599904,COMPLETE
60,60,5.666666666666667,2022-03-07 01:13:29.664919,2022-03-07 01:14:20.736694,0 days 00:00:51.071775,32,0.2,0.0007836351667569893,0.99,0.999,0.00048129266833160157,0.5,20,2048,0.7547358658181991,PRUNED
61,61,0.3333333333333333,2022-03-07 01:14:20.736694,2022-03-07 01:14:47.629477,0 days 00:00:26.892783,64,0.4,0.0039613939080375225,0.92,0.999,0.0009320286166893436,0.7,10,2048,0.6228293721969886,PRUNED
62,62,6.666666666666667,2022-03-07 01:14:47.645107,2022-03-07 01:15:14.594100,0 days 00:00:26.948993,64,0.4,0.0066795562340340574,0.92,0.999,0.0007867297517198222,0.7,10,2048,0.5807042901633495,PRUNED
63,63,7.0,2022-03-07 01:15:14.594100,2022-03-07 01:15:41.558547,0 days 00:00:26.964447,64,0.4,0.002674472835517259,0.92,0.999,8.217967893838399e-05,0.7,10,2048,0.8691900147609519,PRUNED
64,64,11.333333333333334,2022-03-07 01:15:41.558547,2022-03-07 01:16:08.356806,0 days 00:00:26.798259,64,0.4,0.0019602338099389926,0.92,0.995,0.0006096223361186816,0.3,10,2048,0.9074587174082644,PRUNED
65,65,1.0,2022-03-07 01:16:08.356806,2022-03-07 01:16:29.581326,0 days 00:00:21.224520,128,0.3,0.0002295916074937058,1.0,0.999,0.0001954074871491559,1.0,5,256,0.6609088074873478,PRUNED
66,66,8.333333333333334,2022-03-07 01:16:29.581326,2022-03-07 01:17:10.821677,0 days 00:00:41.240351,64,0.2,0.005241313008706197,0.95,0.995,0.0007081129145450609,5.0,20,128,0.7319334469384537,PRUNED
67,67,10.666666666666666,2022-03-07 01:17:10.821677,2022-03-07 01:17:34.599338,0 days 00:00:23.777661,256,0.1,0.0006387134523105467,0.99,0.9,0.00037577862329512754,0.3,10,1024,0.11095131861698532,PRUNED
68,68,13.0,2022-03-07 01:17:34.599338,2022-03-07 01:18:32.690606,0 days 00:00:58.091268,32,0.2,0.0005294212832539849,0.92,0.99,6.92189173682971e-05,0.7,20,2048,0.7748926283029379,PRUNED
69,69,,2022-03-07 01:18:32.690606,,,128,0.1,0.0008869394652823553,0.99,0.999,0.00014777725304907316,0.3,10,256,0.07140559867536382,RUNNING
70,70,,2022-03-07 01:20:30.363735,,,128,0.1,0.00031795134970079736,0.99,0.999,0.00014596950103757989,0.3,10,256,0.07079755999109792,RUNNING
71,71,10.666666666666666,2022-03-07 02:19:22.730777,2022-03-07 02:19:49.758525,0 days 00:00:27.027748,128,0.1,0.00030104692940700027,0.99,0.999,0.0001636922809070118,0.3,10,256,0.07601073918705019,PRUNED
72,72,6.0,2022-03-07 02:19:49.758525,2022-03-07 02:20:14.402087,0 days 00:00:24.643562,256,0.4,0.00041357416096945537,0.95,0.995,9.854363757308227e-05,1.0,5,64,0.14639446578632467,PRUNED
73,73,9.666666666666666,2022-03-07 02:20:14.402087,2022-03-07 02:20:41.153402,0 days 00:00:26.751315,128,0.1,0.00036858416269710425,0.9,0.99,2.1436748761189982e-05,0.7,10,256,0.7053877124129135,PRUNED
74,74,-3.0,2022-03-07 02:20:41.153402,2022-03-07 02:21:06.419816,0 days 00:00:25.266414,128,0.1,0.00024049458133319743,0.9,0.99,1.3023248680042362e-05,0.7,10,256,0.8095873786047233,PRUNED
75,75,4.666666666666667,2022-03-07 02:21:06.419816,2022-03-07 02:21:31.187360,0 days 00:00:24.767544,128,0.1,0.0001912392795375809,0.9,0.99,0.0002465140489194586,0.7,10,256,0.8394251809523854,PRUNED
76,76,3.3333333333333335,2022-03-07 02:21:31.187360,2022-03-07 02:21:50.103657,0 days 00:00:18.916297,512,0.1,0.000928438731311597,0.9,0.99,2.3965116640434912e-05,0.7,1,512,0.1970567882341285,PRUNED
77,77,5.0,2022-03-07 02:21:50.103657,2022-03-07 02:22:13.981434,0 days 00:00:23.877777,128,0.3,0.0004721194697779728,0.8,0.9999,4.4874603385946545e-05,2.0,10,2048,0.5072622064343822,PRUNED
78,78,11.0,2022-03-07 02:22:13.981434,2022-03-07 02:23:13.479230,0 days 00:00:59.497796,32,0.1,0.0003121126228016575,0.98,0.95,5.657185254237893e-05,0.3,20,256,0.2617455635899104,PRUNED
79,79,1.3333333333333333,2022-03-07 02:23:13.479230,2022-03-07 02:23:32.785829,0 days 00:00:19.306599,64,0.2,0.00013855720219406334,0.99,0.999,0.00011413477040417812,0.5,1,2048,0.6714109115299599,PRUNED
80,80,-4.0,2022-03-07 02:23:32.785829,2022-03-07 02:23:55.008025,0 days 00:00:22.222196,256,0.1,0.0007123719089936118,0.95,0.995,0.0001396442361738886,0.9,10,256,0.9666638731342823,PRUNED
81,81,2.6666666666666665,2022-03-07 02:23:56.148593,2022-03-07 02:24:17.220878,0 days 00:00:21.072285,128,0.2,0.0013720313567094494,1.0,0.99,1.680025822275829e-05,1.0,5,2048,0.3643070755158244,PRUNED
82,82,7.333333333333333,2022-03-07 02:24:17.220878,2022-03-07 02:25:16.222615,0 days 00:00:59.001737,32,0.3,0.0010858770271399024,0.99,0.999,1.149355326500674e-05,5.0,20,256,0.9051867361381051,PRUNED
83,83,9.333333333333334,2022-03-07 02:25:16.222615,2022-03-07 02:25:40.271017,0 days 00:00:24.048402,256,0.2,0.0011890377257281004,0.95,0.9,9.016467638694801e-05,2.0,5,64,0.6497688206180463,PRUNED
84,84,9.666666666666666,2022-03-07 02:25:40.271017,2022-03-07 02:26:04.289271,0 days 00:00:24.018254,256,0.2,0.000859107588584421,0.95,0.9,6.881816788038175e-05,2.0,5,64,0.3097160524903126,PRUNED
85,85,1.6666666666666667,2022-03-07 02:26:04.289271,2022-03-07 02:26:28.708874,0 days 00:00:24.419603,256,0.2,0.0016118734662369538,0.95,0.9,3.2856667485892586e-05,2.0,5,64,0.6007652828127422,PRUNED
86,86,2.6666666666666665,2022-03-07 02:26:28.708874,2022-03-07 02:26:52.960573,0 days 00:00:24.251699,256,0.2,0.0006201075245234501,0.95,0.9,0.0001712734600257459,0.3,5,64,0.7001183466143563,PRUNED
87,87,-0.3333333333333333,2022-03-07 02:26:52.960573,2022-03-07 02:27:23.702575,0 days 00:00:30.742002,256,0.1,0.0005015820671574082,0.99,0.995,3.780962500547464e-05,0.7,20,128,0.7713664270669883,PRUNED
88,88,9.0,2022-03-07 02:27:23.702575,2022-03-07 02:27:43.057176,0 days 00:00:19.354601,64,0.2,0.0029519244959478634,0.9,0.99,0.0004969723734147729,1.0,1,1024,0.7534953661538141,PRUNED
89,89,4.333333333333333,2022-03-07 02:27:43.057176,2022-03-07 02:28:09.662363,0 days 00:00:26.605187,32,0.4,0.0003784384589591789,0.99,0.995,1.0003413147841673e-05,0.3,5,2048,0.7274277330658059,PRUNED
90,90,3.3333333333333335,2022-03-07 02:28:09.662363,2022-03-07 02:28:31.830771,0 days 00:00:22.168408,512,0.2,0.00033377871011517273,0.95,0.95,0.0003451594375792336,0.7,10,256,0.5382036206819739,PRUNED
91,91,-0.3333333333333333,2022-03-07 02:28:32.893276,2022-03-07 02:29:03.790224,0 days 00:00:30.896948,128,0.3,0.0005814721898988015,0.92,0.999,8.173963456065706e-05,2.0,20,512,0.045028647055144096,PRUNED
92,92,3.6666666666666665,2022-03-07 02:29:03.790224,2022-03-07 02:29:28.231154,0 days 00:00:24.440930,256,0.1,0.00026897344184549063,0.99,0.9999,0.000213557216449575,1.0,20,2048,0.4570001670432326,PRUNED
93,93,-2.6666666666666665,2022-03-07 02:29:28.231154,2022-03-07 02:29:47.051346,0 days 00:00:18.820192,256,0.4,0.00016138346847733404,0.98,0.995,1.3197836430602871e-05,0.9,1,256,0.003926271160089862,PRUNED
94,94,8.666666666666666,2022-03-07 02:29:47.051346,2022-03-07 02:30:05.935305,0 days 00:00:18.883959,256,0.4,0.00018683485576991718,0.8,0.995,1.9149267755491054e-05,0.9,1,256,0.08101832038248352,PRUNED
95,95,6.333333333333333,2022-03-07 02:30:05.935305,2022-03-07 02:30:24.742379,0 days 00:00:18.807074,256,0.4,0.0004452459535329813,0.8,0.995,2.7816545717663545e-05,0.9,1,256,0.013631532024704296,PRUNED
96,96,3.6666666666666665,2022-03-07 02:30:24.742379,2022-03-07 02:30:43.589537,0 days 00:00:18.847158,256,0.4,0.00012355166428195844,0.95,0.995,1.4416253233317649e-05,0.9,1,256,0.13137727512319297,PRUNED
97,97,12.333333333333334,2022-03-07 02:30:43.589537,2022-03-07 02:31:03.130489,0 days 00:00:19.540952,64,0.4,0.00016996939421607727,0.8,0.995,0.000133889675614841,0.3,1,256,0.2352971588764245,PRUNED
98,98,8.333333333333334,2022-03-07 02:31:03.130489,2022-03-07 02:31:38.100954,0 days 00:00:34.970465,32,0.2,0.001919093813210472,0.8,0.999,0.00042144091851420147,0.9,10,2048,0.5622804067476765,PRUNED
99,99,8.0,2022-03-07 02:31:38.100954,2022-03-07 02:31:57.125007,0 days 00:00:19.024053,256,0.1,0.00021155178248168322,0.99,0.9,0.0008467932513268929,0.7,1,256,0.7943763908057241,PRUNED
100,100,-0.3333333333333333,2022-03-07 02:31:57.125007,2022-03-07 02:32:21.142776,0 days 00:00:24.017769,128,0.4,0.0010859168499945228,0.8,0.995,1.7375710493530964e-05,0.5,5,64,0.04050250221478137,PRUNED
101,101,8.666666666666666,2022-03-07 02:32:22.220904,2022-03-07 02:32:58.484176,0 days 00:00:36.263272,64,0.2,0.0025181892404276657,0.92,0.99,0.0006235170283667141,0.3,20,2048,0.4114279327294276,PRUNED
102,102,6.333333333333333,2022-03-07 02:32:58.484176,2022-03-07 02:33:20.688852,0 days 00:00:22.204676,256,0.3,0.0007706959264736166,0.99,0.999,0.00011163563023868825,1.0,10,256,0.10145583967970788,PRUNED
103,103,-6.333333333333333,2022-03-07 02:33:20.688852,2022-03-07 02:33:39.241332,0 days 00:00:18.552480,512,0.1,0.004686830246304944,0.98,0.99,1.4690425176827402e-05,1.0,1,2048,0.3157284389443061,PRUNED
104,104,2.6666666666666665,2022-03-07 02:33:39.241332,2022-03-07 02:33:57.758598,0 days 00:00:18.517266,512,0.1,0.007337551522673989,0.98,0.99,4.755974877016579e-05,1.0,1,2048,0.18107191404447542,PRUNED
105,105,5.666666666666667,2022-03-07 02:33:57.758598,2022-03-07 02:34:16.275822,0 days 00:00:18.517224,512,0.1,0.003569395018721412,0.98,0.99,1.1303988569156097e-05,1.0,1,2048,0.26129829780379654,PRUNED
106,106,3.0,2022-03-07 02:34:16.275822,2022-03-07 02:34:54.386100,0 days 00:00:38.110278,512,0.1,0.0004260519747069291,1.0,0.99,2.4305193507925455e-05,0.7,1,2048,0.21170397166021165,COMPLETE
107,107,0.6666666666666666,2022-03-07 02:34:54.386100,2022-03-07 02:36:52.536756,0 days 00:01:58.150656,32,0.1,0.004958095979309897,0.9,0.995,0.00028543695600490623,5.0,20,128,0.6876576370531422,COMPLETE
108,108,13.0,2022-03-07 02:36:52.536756,2022-03-07 02:37:17.102608,0 days 00:00:24.565852,128,0.2,0.0014802230246291452,0.95,0.999,1.5471269024289507e-05,0.3,10,256,0.6418647732661668,PRUNED
