,number,value,datetime_start,datetime_complete,duration,params_batch_size,params_clip_range,params_ent_coef,params_gae_lambda,params_gamma,params_learning_rate,params_max_grad_norm,params_n_epochs,params_n_steps,params_vf_coef,state
985,985,3.0,2022-03-07 10:46:01.531923,2022-03-07 10:46:24.514757,0 days 00:00:22.982834,64,0.1,0.0014350397412175747,0.92,0.995,0.00040437190639090525,0.9,5,2048,0.30166811075893585,PRUNED
986,986,7.666666666666667,2022-03-07 10:46:24.530382,2022-03-07 10:46:45.620932,0 days 00:00:21.090550,32,0.3,0.00013512131764469712,0.95,0.999,0.0007524583557665237,0.3,1,128,0.4844846599740525,PRUNED
987,987,5.0,2022-03-07 10:46:45.620932,2022-03-07 10:47:41.077331,0 days 00:00:55.456399,32,0.1,0.0015260294531534901,0.95,0.9,0.0005053457186122088,0.5,20,1024,0.8983478840969843,PRUNED
988,988,0.0,2022-03-07 10:47:41.077331,2022-03-07 10:48:05.244737,0 days 00:00:24.167406,512,0.2,0.00011619129802401978,0.98,0.995,0.00011526618169955226,5.0,5,64,0.13406731831461968,PRUNED
989,989,5.0,2022-03-07 10:48:05.244737,2022-03-07 10:48:29.729520,0 days 00:00:24.484783,256,0.1,0.00018569571608307274,0.95,0.9999,0.0001696548040789877,0.3,20,2048,0.8661870159379071,PRUNED
990,990,3.0,2022-03-07 10:48:29.729520,2022-03-07 10:48:57.382856,0 days 00:00:27.653336,32,0.1,0.0017694718086727352,0.92,0.95,0.00012822902117348855,0.3,5,1024,0.828983381728824,PRUNED
991,991,4.666666666666667,2022-03-07 10:48:57.382856,2022-03-07 10:49:48.669413,0 days 00:00:51.286557,32,0.2,0.0007066013876386026,0.95,0.999,0.000102614152133876,5.0,20,2048,0.21479904877857495,PRUNED
992,992,0.6666666666666666,2022-03-07 10:49:48.669413,2022-03-07 10:50:27.602202,0 days 00:00:38.932789,32,0.1,0.001989603065830404,0.95,0.995,0.0003328784496865453,0.9,10,64,0.5815291677383116,PRUNED
993,993,7.333333333333333,2022-03-07 10:50:32.436886,2022-03-07 10:50:52.073928,0 days 00:00:19.637042,64,0.1,0.001150247268255914,0.95,0.995,0.0005570362246117667,0.3,1,1024,0.14479162740374987,PRUNED
994,994,10.0,2022-03-07 10:50:52.073928,2022-03-07 10:51:11.461604,0 days 00:00:19.387676,512,0.2,0.0021373715133717695,1.0,0.999,0.00014244350307206685,2.0,5,2048,0.6584060735830373,PRUNED
995,995,9.333333333333334,2022-03-07 10:51:11.461604,2022-03-07 10:52:10.457144,0 days 00:00:58.995540,32,0.1,0.0007803934957298303,0.95,0.995,0.000448486763729084,5.0,20,64,0.18379491151596655,PRUNED
996,996,-1.6666666666666667,2022-03-07 10:52:10.472767,2022-03-07 10:52:35.227310,0 days 00:00:24.754543,256,0.1,0.0001668292722020511,0.92,0.995,0.00018785708792826248,0.7,10,128,0.7906485801459313,PRUNED
997,997,6.666666666666667,2022-03-07 10:52:35.227310,2022-03-07 10:53:02.907677,0 days 00:00:27.680367,32,0.3,0.003253690587305177,0.95,0.999,0.00040751516580959533,0.3,5,1024,0.235746021028443,PRUNED
998,998,18.0,2022-03-07 10:53:02.907677,2022-03-07 10:53:54.334648,0 days 00:00:51.426971,32,0.1,0.0017298312098157566,0.95,0.9,0.00015942283517917806,0.9,20,2048,0.1951165474110398,PRUNED
999,999,7.0,2022-03-07 10:53:54.334648,2022-03-07 10:54:23.859222,0 days 00:00:29.524574,512,0.2,0.0015165033480479526,0.95,0.995,0.00036773613297586975,0.7,10,64,0.3558045087767846,PRUNED
1000,1000,5.666666666666667,2022-03-07 10:54:23.859222,2022-03-07 10:55:15.104236,0 days 00:00:51.245014,32,0.1,0.00021049122665908371,0.92,0.999,0.0008497468344442381,0.3,20,2048,0.8392223829953243,PRUNED
1001,1001,9.666666666666666,2022-03-07 10:55:15.104236,2022-03-07 10:55:36.981497,0 days 00:00:21.877261,256,0.1,0.0013751717324596822,0.95,0.995,0.0004920539365436393,5.0,10,1024,0.41185040279956137,PRUNED
1002,1002,6.666666666666667,2022-03-07 10:55:36.981497,2022-03-07 10:56:00.696564,0 days 00:00:23.715067,64,0.2,0.002374176557891991,0.95,0.995,0.00013748627004705067,0.3,5,512,0.16490040493813218,PRUNED
1003,1003,11.0,2022-03-07 10:56:05.422426,2022-03-07 10:56:26.369945,0 days 00:00:20.947519,32,0.1,0.00024461124615617313,0.95,0.999,0.00029398786339829427,0.7,1,64,0.21021574859872502,PRUNED
1004,1004,5.666666666666667,2022-03-07 10:56:26.369945,2022-03-07 10:56:48.920974,0 days 00:00:22.551029,512,0.4,0.0006255253248303961,0.95,0.995,0.0009982985489602036,5.0,20,2048,0.2790466314592398,PRUNED
1005,1005,10.0,2022-03-07 10:56:48.920974,2022-03-07 10:57:25.812454,0 days 00:00:36.891480,32,0.1,0.00012065715276407933,0.92,0.999,1.3150173906172194e-05,0.9,10,1024,0.14973978436496777,PRUNED
1006,1006,2.0,2022-03-07 10:57:25.812454,2022-03-07 10:57:54.265432,0 days 00:00:28.452978,32,0.1,0.004276592249535631,0.99,0.995,0.00021675543017595438,0.3,5,128,0.4426257522421991,PRUNED
1007,1007,-334.0,2022-03-07 10:57:54.265432,2022-03-07 10:58:34.729658,0 days 00:00:40.464226,32,0.2,0.0012882566107441766,0.98,0.9,0.0006638635789389144,0.7,10,64,0.5282429208713095,PRUNED
1008,1008,6.333333333333333,2022-03-07 10:58:34.729658,2022-03-07 10:58:59.246348,0 days 00:00:24.516690,256,0.4,0.00489169115793846,0.95,0.9999,0.000432911156291155,0.3,20,2048,0.12294625339883335,PRUNED
1009,1009,3.6666666666666665,2022-03-07 10:58:59.246348,2022-03-07 10:59:26.918457,0 days 00:00:27.672109,32,0.1,0.0016009435618250826,0.95,0.995,3.9105809115557275e-05,5.0,5,1024,0.49993924343640167,PRUNED
1010,1010,1.0,2022-03-07 10:59:26.918457,2022-03-07 10:59:56.421642,0 days 00:00:29.503185,512,0.3,0.0006294445895398573,0.99,0.999,0.00011731347502737982,0.7,10,64,0.17776987126251173,PRUNED
1011,1011,-0.3333333333333333,2022-03-07 10:59:56.421642,2022-03-07 11:00:32.617457,0 days 00:00:36.195815,64,0.1,0.001966142989321308,0.95,0.95,0.00017444137264047258,0.5,20,2048,0.9230076652011793,PRUNED
1012,1012,2.3333333333333335,2022-03-07 11:00:32.617457,2022-03-07 11:00:52.940897,0 days 00:00:20.323440,32,0.2,0.00014944484297890024,0.92,0.995,3.499302233677049e-05,0.9,1,1024,0.8688131204056565,PRUNED
1013,1013,-0.6666666666666666,2022-03-07 11:00:57.776664,2022-03-07 11:01:33.119356,0 days 00:00:35.342692,32,0.4,0.00023550549604418056,0.95,0.999,0.00014767619871854614,0.3,10,2048,0.6358472339895117,PRUNED
1014,1014,-3.0,2022-03-07 11:01:33.119356,2022-03-07 11:02:13.494720,0 days 00:00:40.375364,512,0.1,0.001824049262235847,0.99,0.995,1.0037821230521705e-05,0.7,20,64,0.24930520366762549,PRUNED
1015,1015,4.333333333333333,2022-03-07 11:02:13.494720,2022-03-07 11:02:33.553347,0 days 00:00:20.058627,256,0.1,0.0002714430600152061,0.95,0.995,0.00039936935540596443,5.0,5,1024,0.8422530207197303,PRUNED
1016,1016,9.666666666666666,2022-03-07 11:02:33.553347,2022-03-07 11:03:11.976737,0 days 00:00:38.423390,32,0.1,0.0009999734105904123,1.0,0.999,0.0003477275136169522,0.3,10,128,0.21310315715378964,PRUNED
1017,1017,2.0,2022-03-07 11:03:11.976737,2022-03-07 11:04:03.519916,0 days 00:00:51.543179,32,0.2,0.0011071954754929645,0.95,0.995,0.00012018581220876693,0.7,20,2048,0.8147466208290853,PRUNED
1018,1018,15.666666666666666,2022-03-07 11:04:03.519916,2022-03-07 11:04:32.299148,0 days 00:00:28.779232,32,0.4,0.0016415785621509069,0.99,0.999,0.0005648030595335884,0.9,5,64,0.19973583907424491,PRUNED
1019,1019,0.0,2022-03-07 11:04:32.299148,2022-03-07 11:05:00.395056,0 days 00:00:28.095908,64,0.1,0.0008921716096786579,0.95,0.995,0.00013356823076075825,0.3,10,1024,0.22326055741418252,PRUNED
1020,1020,-5.666666666666667,2022-03-07 11:05:00.395056,2022-03-07 11:05:23.584656,0 days 00:00:23.189600,512,0.1,0.0005704329839215414,0.92,0.9,0.00045762089802852936,5.0,20,512,0.8908355078126418,PRUNED
1021,1021,5.666666666666667,2022-03-07 11:05:23.584656,2022-03-07 11:05:42.215366,0 days 00:00:18.630710,256,0.2,0.0035419223019286876,0.95,0.995,0.00037982636798479367,0.7,1,2048,0.1666214793181664,PRUNED
1022,1022,16.666666666666668,2022-03-07 11:05:42.215366,2022-03-07 11:06:21.082519,0 days 00:00:38.867153,32,0.4,0.002773951692137052,0.99,0.999,0.00015530531014434578,0.3,10,64,0.5500792799216624,PRUNED
1023,1023,-3.3333333333333335,2022-03-07 11:06:25.854140,2022-03-07 11:07:23.884117,0 days 00:00:58.029977,32,0.1,0.0022283983018451816,0.95,0.995,8.638870144460357e-05,2.0,5,2048,0.38059450919757004,COMPLETE
1024,1024,4.666666666666667,2022-03-07 11:07:23.884117,2022-03-07 11:07:47.018195,0 days 00:00:23.134078,512,0.3,0.00013852096818309635,0.95,0.995,0.00017252516991738792,5.0,20,1024,0.12594082166365195,PRUNED
1025,1025,10.333333333333334,2022-03-07 11:07:47.018195,2022-03-07 11:08:25.762758,0 days 00:00:38.744563,32,0.1,0.0014904426369277567,0.99,0.999,0.0005287699311467818,0.7,10,64,0.3363819109530007,PRUNED
1026,1026,5.333333333333333,2022-03-07 11:08:25.762758,2022-03-07 11:08:52.342841,0 days 00:00:26.580083,32,0.1,0.000674778964281763,0.92,0.9999,0.0007289281813708182,0.3,5,2048,0.2441336515934362,PRUNED
1027,1027,12.333333333333334,2022-03-07 11:08:52.342841,2022-03-07 11:09:32.571216,0 days 00:00:40.228375,64,0.2,0.00019026741849485635,0.95,0.995,0.00030963588984202136,0.9,20,128,0.15289202678760022,PRUNED
1028,1028,12.666666666666666,2022-03-07 11:09:32.571216,2022-03-07 11:09:54.387318,0 days 00:00:21.816102,256,0.4,0.0005207433028368966,0.95,0.999,0.0004898436776901323,0.7,10,1024,0.17820626462494168,PRUNED
1029,1029,15.0,2022-03-07 11:09:54.387318,2022-03-07 11:10:53.202770,0 days 00:00:58.815452,32,0.1,0.001231580212982182,0.99,0.995,0.0002760732846345542,0.3,20,64,0.4575287366541852,PRUNED
1030,1030,2.3333333333333335,2022-03-07 11:10:53.202770,2022-03-07 11:11:13.594300,0 days 00:00:20.391530,512,0.1,0.0002592173614667932,0.95,0.9,0.0001245700815206165,5.0,10,2048,0.86798844297865,PRUNED
1031,1031,6.0,2022-03-07 11:11:13.594300,2022-03-07 11:11:33.980704,0 days 00:00:20.386404,32,0.2,0.00021910886742721193,0.98,0.995,0.0003368062788844581,0.7,1,1024,0.7936582956278523,PRUNED
1032,1032,12.0,2022-03-07 11:11:33.980704,2022-03-07 11:11:58.061776,0 days 00:00:24.081072,128,0.4,0.0007583634038405335,0.92,0.999,0.0001423554655514609,0.3,5,64,0.2306949528993325,PRUNED
1033,1033,3.3333333333333335,2022-03-07 11:12:03.036236,2022-03-07 11:12:37.898042,0 days 00:00:34.861806,32,0.1,0.00010707024451596878,0.95,0.995,0.0004090954062714381,0.9,10,2048,0.27119729664672376,PRUNED
1034,1034,1.6666666666666667,2022-03-07 11:12:37.898042,2022-03-07 11:13:03.055964,0 days 00:00:25.157922,256,0.1,0.001361205994511462,0.99,0.999,0.00019859292505536584,5.0,20,1024,0.8308168939655873,PRUNED
1035,1035,3.0,2022-03-07 11:13:03.055964,2022-03-07 11:13:29.856222,0 days 00:00:26.800258,32,0.2,0.0005420065267672687,0.95,0.95,0.00010162826484783442,0.3,5,2048,0.14461245899619385,PRUNED
1036,1036,-1.3333333333333333,2022-03-07 11:13:29.856222,2022-03-07 11:13:59.365647,0 days 00:00:29.509425,512,0.1,0.00028650634845876955,0.8,0.995,0.0006192567820879792,0.7,10,64,0.5931855213981653,PRUNED
1037,1037,15.666666666666666,2022-03-07 11:13:59.365647,2022-03-07 11:14:39.327446,0 days 00:00:39.961799,64,0.4,0.00015976774433949786,0.95,0.995,0.0002337206178703777,0.5,20,128,0.1902982952413094,PRUNED
1038,1038,0.6666666666666666,2022-03-07 11:14:39.327446,2022-03-07 11:15:07.425185,0 days 00:00:28.097739,32,0.1,0.0016079863165941034,0.99,0.999,0.00015303257646605674,5.0,5,512,0.21550675350493592,PRUNED
1039,1039,7.666666666666667,2022-03-07 11:15:07.425185,2022-03-07 11:15:31.458361,0 days 00:00:24.033176,128,0.3,0.0019397370066996265,0.95,0.995,0.00013550417488104638,0.3,10,1024,0.19636795638164145,PRUNED
1040,1040,5.0,2022-03-07 11:15:31.458361,2022-03-07 11:15:51.658849,0 days 00:00:20.200488,32,0.1,0.0006019727527137293,0.92,0.9,4.2609379345369636e-05,0.7,1,2048,0.11991960264572259,PRUNED
1041,1041,17.333333333333332,2022-03-07 11:15:51.658849,2022-03-07 11:16:50.666402,0 days 00:00:59.007553,32,0.2,0.0004994149652697901,0.95,0.999,0.0004488464465618437,0.9,20,64,0.16990943721030316,PRUNED
1042,1042,11.0,2022-03-07 11:16:50.666402,2022-03-07 11:17:12.429355,0 days 00:00:21.762953,256,0.4,0.0017152429201989982,0.99,0.995,0.00036237333385284536,0.3,10,1024,0.8575093392832389,PRUNED
1043,1043,0.3333333333333333,2022-03-07 11:17:17.233052,2022-03-07 11:17:36.744036,0 days 00:00:19.510984,512,0.1,0.00031506441435129984,0.8,0.995,0.00042157236389085684,0.7,5,2048,0.8037436922486042,PRUNED
1044,1044,4.333333333333333,2022-03-07 11:17:36.744036,2022-03-07 11:18:35.984005,0 days 00:00:59.239969,32,0.1,0.000577889848877301,0.95,0.999,0.0004797242345786164,5.0,20,64,0.8983678065847205,PRUNED
1045,1045,11.333333333333334,2022-03-07 11:18:35.984005,2022-03-07 11:19:10.798683,0 days 00:00:34.814678,32,0.2,0.00017654557071553387,0.95,0.995,0.00015925380883388752,0.3,10,2048,0.2943157980338783,PRUNED
1046,1046,-0.6666666666666666,2022-03-07 11:19:10.814309,2022-03-07 11:19:40.495766,0 days 00:00:29.681457,128,0.4,0.00012650170352304532,1.0,0.9999,0.0008022099274208433,0.7,20,1024,0.2550902752812181,PRUNED
1047,1047,1.3333333333333333,2022-03-07 11:19:40.495766,2022-03-07 11:20:04.765198,0 days 00:00:24.269432,64,0.1,0.0014678614464372632,0.99,0.999,0.00017013798898932118,2.0,5,64,0.5694406370495279,PRUNED
1048,1048,9.666666666666666,2022-03-07 11:20:04.765198,2022-03-07 11:20:29.411257,0 days 00:00:24.646059,512,0.1,0.0021012756956239474,0.92,0.995,0.00018317699179558423,0.9,10,128,0.23057312668435248,PRUNED
1049,1049,8.0,2022-03-07 11:20:29.411257,2022-03-07 11:20:49.484535,0 days 00:00:20.073278,32,0.3,0.0023798533618023506,0.95,0.995,0.000385478030845281,5.0,1,2048,0.8493305188848463,PRUNED
1050,1050,3.6666666666666665,2022-03-07 11:20:49.484535,2022-03-07 11:21:44.873265,0 days 00:00:55.388730,32,0.1,0.0010395886186481788,0.95,0.95,3.814085183238064e-05,0.3,20,1024,0.2018600626924922,PRUNED
1051,1051,11.333333333333334,2022-03-07 11:21:44.873265,2022-03-07 11:22:14.414210,0 days 00:00:29.540945,256,0.2,0.002991803799688315,0.99,0.999,1.179868224120736e-05,0.7,10,64,0.15684869839108131,PRUNED
1052,1052,9.0,2022-03-07 11:22:14.414210,2022-03-07 11:22:41.056801,0 days 00:00:26.642591,32,0.4,0.0002783953072620936,0.8,0.9,0.00012830238680896643,0.3,5,2048,0.3256662606970335,PRUNED
1053,1053,4.0,2022-03-07 11:22:46.015581,2022-03-07 11:23:15.841037,0 days 00:00:29.825456,128,0.1,0.0006982906126027802,0.95,0.995,1.4950401781791879e-05,5.0,20,1024,0.18184090693393962,PRUNED
1054,1054,8.0,2022-03-07 11:23:15.841037,2022-03-07 11:23:45.678247,0 days 00:00:29.837210,512,0.1,0.0004757841071770147,0.95,0.995,0.00011033206518988528,0.7,10,64,0.05248476896919252,PRUNED
1055,1055,4.666666666666667,2022-03-07 11:23:45.678247,2022-03-07 11:24:12.402588,0 days 00:00:26.724341,32,0.2,0.003953995248635524,0.92,0.999,0.0005209456354675477,0.3,5,2048,0.8210889202948553,PRUNED
1056,1056,0.3333333333333333,2022-03-07 11:24:12.402588,2022-03-07 11:24:50.551235,0 days 00:00:38.148647,64,0.4,0.0005204940841746415,0.99,0.995,0.00014876259933243403,0.9,20,1024,0.6790503363399845,PRUNED
1057,1057,11.666666666666666,2022-03-07 11:24:50.551235,2022-03-07 11:25:12.031482,0 days 00:00:21.480247,256,0.1,0.0054767877787667155,0.95,0.999,0.00013405507753791774,0.7,10,2048,0.8801322426780874,PRUNED
1058,1058,8.0,2022-03-07 11:25:12.031482,2022-03-07 11:25:32.715297,0 days 00:00:20.683815,32,0.1,0.00033176616609214876,0.98,0.995,0.0003275053827047244,5.0,1,64,0.13870910112589988,PRUNED
1059,1059,5.333333333333333,2022-03-07 11:25:32.715297,2022-03-07 11:26:30.457181,0 days 00:00:57.741884,32,0.1,0.0012513489864036575,0.8,0.995,0.00021386037893716075,0.3,20,512,0.10657388757992228,PRUNED
1060,1060,16.666666666666668,2022-03-07 11:26:30.457181,2022-03-07 11:26:51.717884,0 days 00:00:21.260703,128,0.2,0.0006245911994229918,0.95,0.999,0.00043213229313358175,0.7,5,1024,0.6233464191345888,PRUNED
1061,1061,3.0,2022-03-07 11:26:51.717884,2022-03-07 11:27:16.426087,0 days 00:00:24.708203,512,0.4,0.009376619908061235,0.99,0.995,0.00011862258332810803,0.3,10,128,0.20705546996734758,PRUNED
1062,1062,5.0,2022-03-07 11:27:16.426087,2022-03-07 11:28:07.775730,0 days 00:00:51.349643,32,0.1,0.00023829826887048663,0.95,0.9,0.00035796986341153777,0.9,20,2048,0.5056793296530049,PRUNED
1063,1063,0.3333333333333333,2022-03-07 11:28:12.751265,2022-03-07 11:28:52.212290,0 days 00:00:39.461025,32,0.3,0.00176341789385401,0.95,0.999,0.000629794908525314,5.0,10,64,0.4709835764460506,PRUNED
1064,1064,0.6666666666666666,2022-03-07 11:28:52.212290,2022-03-07 11:29:12.540836,0 days 00:00:20.328546,256,0.1,0.00042250297327249,0.92,0.995,0.0003933997843176604,0.3,5,1024,0.26125494643322966,PRUNED
1065,1065,6.333333333333333,2022-03-07 11:29:12.540836,2022-03-07 11:29:39.785895,0 days 00:00:27.245059,64,0.2,0.00031804604452458714,0.99,0.995,0.0004836609210949846,0.5,10,2048,0.08970772611207929,PRUNED
1066,1066,5.333333333333333,2022-03-07 11:29:39.785895,2022-03-07 11:30:20.198212,0 days 00:00:40.412317,512,0.4,0.0004685388128256089,0.95,0.9999,0.00026853340567742844,0.7,20,64,0.23119303978200206,PRUNED
1067,1067,8.333333333333334,2022-03-07 11:30:20.198212,2022-03-07 11:30:40.195102,0 days 00:00:19.996890,32,0.1,0.0025974671061747626,0.8,0.999,9.17960488722746e-05,5.0,1,2048,0.6491756667114028,PRUNED
1068,1068,-1.0,2022-03-07 11:30:40.195102,2022-03-07 11:31:07.760903,0 days 00:00:27.565801,32,0.1,0.00020336301233696768,1.0,0.995,0.00014529051461331332,0.3,5,1024,0.01972644362609329,PRUNED
1069,1069,-5.333333333333333,2022-03-07 11:31:07.760903,2022-03-07 11:31:32.405533,0 days 00:00:24.644630,128,0.1,0.0015309261625764984,0.95,0.999,0.00019131595774621313,0.7,10,256,0.1799790616470387,PRUNED
1070,1070,7.0,2022-03-07 11:31:32.421158,2022-03-07 11:32:31.800416,0 days 00:00:59.379258,32,0.2,0.00011073215225605772,0.99,0.95,4.0924829697890047e-05,0.3,20,64,0.42261266493860106,PRUNED
1071,1071,-2.0,2022-03-07 11:32:31.800416,2022-03-07 11:32:56.504019,0 days 00:00:24.703603,256,0.4,0.000536009730425415,0.92,0.995,0.0005513194327263816,0.9,10,128,0.24232700981374472,PRUNED
1072,1072,2.6666666666666665,2022-03-07 11:32:56.504019,2022-03-07 11:33:16.718083,0 days 00:00:20.214064,512,0.1,0.0013769842799828055,0.95,0.9,0.00015914909822576954,0.7,5,256,0.8480512458970134,PRUNED
1073,1073,-0.3333333333333333,2022-03-07 11:33:21.989526,2022-03-07 11:34:13.687030,0 days 00:00:51.697504,32,0.1,0.0008231164311090705,0.95,0.995,0.0007106454466744101,5.0,20,2048,0.20687334413823955,PRUNED
1074,1074,1.0,2022-03-07 11:34:13.687030,2022-03-07 11:35:32.234902,0 days 00:01:18.547872,32,0.2,0.000283124313355088,0.99,0.999,3.459938817585702e-05,2.0,10,1024,0.11743938563463333,COMPLETE
1075,1075,12.333333333333334,2022-03-07 11:35:32.234902,2022-03-07 11:36:12.528949,0 days 00:00:40.294047,64,0.4,0.0019319705671428612,0.8,0.995,1.3549447248172105e-05,0.3,20,64,0.15336405688940655,PRUNED
1076,1076,3.0,2022-03-07 11:36:12.528949,2022-03-07 11:36:34.166274,0 days 00:00:21.637325,128,0.1,0.0003752265946967971,0.95,0.999,0.0004377854652789989,0.7,5,256,0.8300111747683133,PRUNED
1077,1077,4.333333333333333,2022-03-07 11:36:34.166274,2022-03-07 11:36:54.206518,0 days 00:00:20.040244,32,0.3,0.0002521592194535628,0.95,0.995,0.0003128276322161464,0.9,1,2048,0.16985921071863477,PRUNED
1078,1078,6.0,2022-03-07 11:36:54.206518,2022-03-07 11:37:14.973679,0 days 00:00:20.767161,512,0.1,0.0003377351449043477,0.99,0.995,0.0008958257157368272,5.0,10,1024,0.7825028352730665,PRUNED
1079,1079,4.333333333333333,2022-03-07 11:37:14.973679,2022-03-07 11:37:40.756942,0 days 00:00:25.783263,256,0.2,0.000951488369892273,0.92,0.999,0.00012880937987467793,0.3,20,256,0.06959601353239887,PRUNED
1080,1080,14.0,2022-03-07 11:37:40.756942,2022-03-07 11:38:19.616168,0 days 00:00:38.859226,32,0.1,0.00044809108663889876,0.95,0.995,0.00037198383000260196,0.7,10,64,0.9182160910054075,PRUNED
1081,1081,3.6666666666666665,2022-03-07 11:38:19.616168,2022-03-07 11:38:47.782307,0 days 00:00:28.166139,32,0.4,0.0011738096851962216,0.8,0.995,0.0004738662562845021,0.3,5,512,0.2784524693784443,PRUNED
1082,1082,4.0,2022-03-07 11:38:47.782307,2022-03-07 11:39:15.995991,0 days 00:00:28.213684,128,0.1,0.00014164497440500513,0.95,0.9,4.631003979473842e-05,5.0,20,2048,0.8706514158938579,PRUNED
1083,1083,10.333333333333334,2022-03-07 11:39:21.205117,2022-03-07 11:40:00.006444,0 days 00:00:38.801327,32,0.1,0.0004010869718070997,0.99,0.999,0.00016484765079530887,0.7,10,256,0.22856199306688169,PRUNED
1084,1084,6.666666666666667,2022-03-07 11:40:00.006444,2022-03-07 11:40:19.643741,0 days 00:00:19.637297,512,0.2,0.0004864660504411684,0.95,0.99,0.00024461997110480455,0.9,5,1024,0.14066596703351605,PRUNED
1085,1085,2.0,2022-03-07 11:40:19.643741,2022-03-07 11:41:39.735399,0 days 00:01:20.091658,64,0.4,0.0005612240791984924,0.92,0.995,0.0005751240468249362,0.3,20,128,0.18890898306803403,COMPLETE
1086,1086,4.0,2022-03-07 11:41:39.735399,2022-03-07 11:42:00.550869,0 days 00:00:20.815470,32,0.1,0.0016853785386824554,0.98,0.999,0.00014632538885519817,0.7,1,64,0.5312022371803371,PRUNED
1087,1087,13.666666666666666,2022-03-07 11:42:00.550869,2022-03-07 11:42:21.861033,0 days 00:00:21.310164,256,0.1,0.0003017916645766758,0.95,0.9999,0.00011488469519645399,5.0,10,2048,0.9401858378595548,PRUNED
1088,1088,1.6666666666666667,2022-03-07 11:42:21.861033,2022-03-07 11:43:20.361351,0 days 00:00:58.500318,32,0.2,0.003391794409500665,0.99,0.995,0.0004100570592464994,0.3,20,256,0.2082919918390285,PRUNED
1089,1089,17.666666666666668,2022-03-07 11:43:20.376975,2022-03-07 11:43:40.246176,0 days 00:00:19.869201,512,0.4,0.0006318243378971904,0.95,0.99,0.00018072858872359327,0.7,5,1024,0.8061482551689976,PRUNED
1090,1090,-0.3333333333333333,2022-03-07 11:43:40.246176,2022-03-07 11:44:18.694902,0 days 00:00:38.448726,32,0.1,0.00036987432262690486,0.8,0.995,0.00029192268344269926,0.5,10,256,0.167240625557422,PRUNED
1091,1091,4.666666666666667,2022-03-07 11:44:18.694902,2022-03-07 11:44:47.156667,0 days 00:00:28.461765,128,0.3,0.00012276901038156166,0.95,0.95,0.00033487818028741964,0.3,20,2048,0.6036997880484601,PRUNED
1092,1092,13.0,2022-03-07 11:44:47.172292,2022-03-07 11:45:25.777740,0 days 00:00:38.605448,32,0.1,0.0001542519762120504,0.99,0.999,0.00013008826397633896,0.9,10,64,0.8884316455404953,PRUNED
